[0.424s] DEBUG:colcon:Command line arguments: ['/usr/bin/colcon', 'build']
[0.425s] DEBUG:colcon:Parsed command line arguments: Namespace(log_base=None, log_level=None, verb_name='build', build_base='build', install_base='install', merge_install=False, symlink_install=False, test_result_base=None, continue_on_error=False, executor='parallel', parallel_workers=4, event_handlers=None, ignore_user_meta=False, metas=['./colcon.meta'], base_paths=['.'], packages_ignore=None, packages_ignore_regex=None, paths=None, packages_up_to=None, packages_up_to_regex=None, packages_above=None, packages_above_and_dependencies=None, packages_above_depth=None, packages_select_by_dep=None, packages_skip_by_dep=None, packages_skip_up_to=None, packages_select_build_failed=False, packages_skip_build_finished=False, packages_select_test_failures=False, packages_skip_test_passed=False, packages_select=None, packages_skip=None, packages_select_regex=None, packages_skip_regex=None, packages_start=None, packages_end=None, allow_overriding=[], cmake_args=None, cmake_target=None, cmake_target_skip_unavailable=False, cmake_clean_cache=False, cmake_clean_first=False, cmake_force_configure=False, ament_cmake_args=None, catkin_cmake_args=None, catkin_skip_building_tests=False, verb_parser=<colcon_defaults.argument_parser.defaults.DefaultArgumentsDecorator object at 0xffffa7348220>, verb_extension=<colcon_core.verb.build.BuildVerb object at 0xffffa7465690>, main=<bound method BuildVerb.main of <colcon_core.verb.build.BuildVerb object at 0xffffa7465690>>)
[1.210s] Level 1:colcon.colcon_core.package_discovery:discover_packages(colcon_meta) check parameters
[1.210s] Level 1:colcon.colcon_core.package_discovery:discover_packages(recursive) check parameters
[1.210s] Level 1:colcon.colcon_core.package_discovery:discover_packages(ignore) check parameters
[1.210s] Level 1:colcon.colcon_core.package_discovery:discover_packages(path) check parameters
[1.211s] Level 1:colcon.colcon_core.package_discovery:discover_packages(colcon_meta) discover
[1.211s] Level 1:colcon.colcon_core.package_discovery:discover_packages(recursive) discover
[1.211s] INFO:colcon.colcon_core.package_discovery:Crawling recursively for packages in '/home/fokker/SMR_2_GKN_Fokkker/ros_ws'
[1.211s] Level 1:colcon.colcon_core.package_identification:_identify(.) by extensions ['ignore', 'ignore_ament_install']
[1.212s] Level 1:colcon.colcon_core.package_identification:_identify(.) by extension 'ignore'
[1.212s] Level 1:colcon.colcon_core.package_identification:_identify(.) by extension 'ignore_ament_install'
[1.212s] Level 1:colcon.colcon_core.package_identification:_identify(.) by extensions ['colcon_pkg']
[1.212s] Level 1:colcon.colcon_core.package_identification:_identify(.) by extension 'colcon_pkg'
[1.213s] Level 1:colcon.colcon_core.package_identification:_identify(.) by extensions ['colcon_meta']
[1.213s] Level 1:colcon.colcon_core.package_identification:_identify(.) by extension 'colcon_meta'
[1.213s] Level 1:colcon.colcon_core.package_identification:_identify(.) by extensions ['ros']
[1.213s] Level 1:colcon.colcon_core.package_identification:_identify(.) by extension 'ros'
[1.261s] Level 1:colcon.colcon_core.package_identification:_identify(.) by extensions ['cmake', 'python']
[1.261s] Level 1:colcon.colcon_core.package_identification:_identify(.) by extension 'cmake'
[1.261s] Level 1:colcon.colcon_core.package_identification:_identify(.) by extension 'python'
[1.261s] Level 1:colcon.colcon_core.package_identification:_identify(.) by extensions ['python_setup_py']
[1.262s] Level 1:colcon.colcon_core.package_identification:_identify(.) by extension 'python_setup_py'
[1.262s] Level 1:colcon.colcon_core.package_identification:_identify(build) by extensions ['ignore', 'ignore_ament_install']
[1.262s] Level 1:colcon.colcon_core.package_identification:_identify(build) by extension 'ignore'
[1.263s] Level 1:colcon.colcon_core.package_identification:_identify(build) ignored
[1.263s] Level 1:colcon.colcon_core.package_identification:_identify(install) by extensions ['ignore', 'ignore_ament_install']
[1.264s] Level 1:colcon.colcon_core.package_identification:_identify(install) by extension 'ignore'
[1.264s] Level 1:colcon.colcon_core.package_identification:_identify(install) ignored
[1.264s] Level 1:colcon.colcon_core.package_identification:_identify(log) by extensions ['ignore', 'ignore_ament_install']
[1.265s] Level 1:colcon.colcon_core.package_identification:_identify(log) by extension 'ignore'
[1.265s] Level 1:colcon.colcon_core.package_identification:_identify(log) ignored
[1.265s] Level 1:colcon.colcon_core.package_identification:_identify(src) by extensions ['ignore', 'ignore_ament_install']
[1.266s] Level 1:colcon.colcon_core.package_identification:_identify(src) by extension 'ignore'
[1.266s] Level 1:colcon.colcon_core.package_identification:_identify(src) by extension 'ignore_ament_install'
[1.266s] Level 1:colcon.colcon_core.package_identification:_identify(src) by extensions ['colcon_pkg']
[1.266s] Level 1:colcon.colcon_core.package_identification:_identify(src) by extension 'colcon_pkg'
[1.267s] Level 1:colcon.colcon_core.package_identification:_identify(src) by extensions ['colcon_meta']
[1.267s] Level 1:colcon.colcon_core.package_identification:_identify(src) by extension 'colcon_meta'
[1.267s] Level 1:colcon.colcon_core.package_identification:_identify(src) by extensions ['ros']
[1.267s] Level 1:colcon.colcon_core.package_identification:_identify(src) by extension 'ros'
[1.267s] Level 1:colcon.colcon_core.package_identification:_identify(src) by extensions ['cmake', 'python']
[1.268s] Level 1:colcon.colcon_core.package_identification:_identify(src) by extension 'cmake'
[1.268s] Level 1:colcon.colcon_core.package_identification:_identify(src) by extension 'python'
[1.268s] Level 1:colcon.colcon_core.package_identification:_identify(src) by extensions ['python_setup_py']
[1.268s] Level 1:colcon.colcon_core.package_identification:_identify(src) by extension 'python_setup_py'
[1.269s] Level 1:colcon.colcon_core.package_identification:_identify(src/sllidar_ros2) by extensions ['ignore', 'ignore_ament_install']
[1.269s] Level 1:colcon.colcon_core.package_identification:_identify(src/sllidar_ros2) by extension 'ignore'
[1.269s] Level 1:colcon.colcon_core.package_identification:_identify(src/sllidar_ros2) by extension 'ignore_ament_install'
[1.269s] Level 1:colcon.colcon_core.package_identification:_identify(src/sllidar_ros2) by extensions ['colcon_pkg']
[1.270s] Level 1:colcon.colcon_core.package_identification:_identify(src/sllidar_ros2) by extension 'colcon_pkg'
[1.270s] Level 1:colcon.colcon_core.package_identification:_identify(src/sllidar_ros2) by extensions ['colcon_meta']
[1.270s] Level 1:colcon.colcon_core.package_identification:_identify(src/sllidar_ros2) by extension 'colcon_meta'
[1.270s] Level 1:colcon.colcon_core.package_identification:_identify(src/sllidar_ros2) by extensions ['ros']
[1.270s] Level 1:colcon.colcon_core.package_identification:_identify(src/sllidar_ros2) by extension 'ros'
[1.279s] DEBUG:colcon.colcon_core.package_identification:Package 'src/sllidar_ros2' with type 'ros.ament_cmake' and name 'sllidar_ros2'
[1.280s] Level 1:colcon.colcon_core.package_identification:_identify(src/src) by extensions ['ignore', 'ignore_ament_install']
[1.280s] Level 1:colcon.colcon_core.package_identification:_identify(src/src) by extension 'ignore'
[1.280s] Level 1:colcon.colcon_core.package_identification:_identify(src/src) by extension 'ignore_ament_install'
[1.281s] Level 1:colcon.colcon_core.package_identification:_identify(src/src) by extensions ['colcon_pkg']
[1.281s] Level 1:colcon.colcon_core.package_identification:_identify(src/src) by extension 'colcon_pkg'
[1.281s] Level 1:colcon.colcon_core.package_identification:_identify(src/src) by extensions ['colcon_meta']
[1.281s] Level 1:colcon.colcon_core.package_identification:_identify(src/src) by extension 'colcon_meta'
[1.281s] Level 1:colcon.colcon_core.package_identification:_identify(src/src) by extensions ['ros']
[1.281s] Level 1:colcon.colcon_core.package_identification:_identify(src/src) by extension 'ros'
[1.282s] Level 1:colcon.colcon_core.package_identification:_identify(src/src) by extensions ['cmake', 'python']
[1.282s] Level 1:colcon.colcon_core.package_identification:_identify(src/src) by extension 'cmake'
[1.282s] Level 1:colcon.colcon_core.package_identification:_identify(src/src) by extension 'python'
[1.282s] Level 1:colcon.colcon_core.package_identification:_identify(src/src) by extensions ['python_setup_py']
[1.282s] Level 1:colcon.colcon_core.package_identification:_identify(src/src) by extension 'python_setup_py'
[1.283s] Level 1:colcon.colcon_core.package_identification:_identify(src/src/micro_ros_setup) by extensions ['ignore', 'ignore_ament_install']
[1.283s] Level 1:colcon.colcon_core.package_identification:_identify(src/src/micro_ros_setup) by extension 'ignore'
[1.284s] Level 1:colcon.colcon_core.package_identification:_identify(src/src/micro_ros_setup) by extension 'ignore_ament_install'
[1.284s] Level 1:colcon.colcon_core.package_identification:_identify(src/src/micro_ros_setup) by extensions ['colcon_pkg']
[1.284s] Level 1:colcon.colcon_core.package_identification:_identify(src/src/micro_ros_setup) by extension 'colcon_pkg'
[1.284s] Level 1:colcon.colcon_core.package_identification:_identify(src/src/micro_ros_setup) by extensions ['colcon_meta']
[1.284s] Level 1:colcon.colcon_core.package_identification:_identify(src/src/micro_ros_setup) by extension 'colcon_meta'
[1.285s] Level 1:colcon.colcon_core.package_identification:_identify(src/src/micro_ros_setup) by extensions ['ros']
[1.285s] Level 1:colcon.colcon_core.package_identification:_identify(src/src/micro_ros_setup) by extension 'ros'
[1.289s] DEBUG:colcon.colcon_core.package_identification:Package 'src/src/micro_ros_setup' with type 'ros.ament_cmake' and name 'micro_ros_setup'
[1.289s] Level 1:colcon.colcon_core.package_discovery:discover_packages(recursive) using defaults
[1.290s] Level 1:colcon.colcon_core.package_discovery:discover_packages(ignore) discover
[1.290s] Level 1:colcon.colcon_core.package_discovery:discover_packages(ignore) using defaults
[1.290s] Level 1:colcon.colcon_core.package_discovery:discover_packages(path) discover
[1.290s] Level 1:colcon.colcon_core.package_discovery:discover_packages(path) using defaults
[1.364s] Level 1:colcon.colcon_core.package_discovery:discover_packages(prefix_path) check parameters
[1.364s] Level 1:colcon.colcon_core.package_discovery:discover_packages(prefix_path) discover
[1.378s] DEBUG:colcon.colcon_installed_package_information.package_discovery:Found 270 installed packages in /opt/ros/humble
[1.384s] Level 1:colcon.colcon_core.package_discovery:discover_packages(prefix_path) using defaults
[1.588s] Level 5:colcon.colcon_core.verb:set package 'micro_ros_setup' build argument 'cmake_args' from command line to 'None'
[1.588s] Level 5:colcon.colcon_core.verb:set package 'micro_ros_setup' build argument 'cmake_target' from command line to 'None'
[1.588s] Level 5:colcon.colcon_core.verb:set package 'micro_ros_setup' build argument 'cmake_target_skip_unavailable' from command line to 'False'
[1.588s] Level 5:colcon.colcon_core.verb:set package 'micro_ros_setup' build argument 'cmake_clean_cache' from command line to 'False'
[1.589s] Level 5:colcon.colcon_core.verb:set package 'micro_ros_setup' build argument 'cmake_clean_first' from command line to 'False'
[1.589s] Level 5:colcon.colcon_core.verb:set package 'micro_ros_setup' build argument 'cmake_force_configure' from command line to 'False'
[1.589s] Level 5:colcon.colcon_core.verb:set package 'micro_ros_setup' build argument 'ament_cmake_args' from command line to 'None'
[1.589s] Level 5:colcon.colcon_core.verb:set package 'micro_ros_setup' build argument 'catkin_cmake_args' from command line to 'None'
[1.589s] Level 5:colcon.colcon_core.verb:set package 'micro_ros_setup' build argument 'catkin_skip_building_tests' from command line to 'False'
[1.589s] DEBUG:colcon.colcon_core.verb:Building package 'micro_ros_setup' with the following arguments: {'ament_cmake_args': None, 'build_base': '/home/fokker/SMR_2_GKN_Fokkker/ros_ws/build/micro_ros_setup', 'catkin_cmake_args': None, 'catkin_skip_building_tests': False, 'cmake_args': None, 'cmake_clean_cache': False, 'cmake_clean_first': False, 'cmake_force_configure': False, 'cmake_target': None, 'cmake_target_skip_unavailable': False, 'install_base': '/home/fokker/SMR_2_GKN_Fokkker/ros_ws/install/micro_ros_setup', 'merge_install': False, 'path': '/home/fokker/SMR_2_GKN_Fokkker/ros_ws/src/src/micro_ros_setup', 'symlink_install': False, 'test_result_base': None}
[1.591s] Level 5:colcon.colcon_core.verb:set package 'sllidar_ros2' build argument 'cmake_args' from command line to 'None'
[1.591s] Level 5:colcon.colcon_core.verb:set package 'sllidar_ros2' build argument 'cmake_target' from command line to 'None'
[1.591s] Level 5:colcon.colcon_core.verb:set package 'sllidar_ros2' build argument 'cmake_target_skip_unavailable' from command line to 'False'
[1.591s] Level 5:colcon.colcon_core.verb:set package 'sllidar_ros2' build argument 'cmake_clean_cache' from command line to 'False'
[1.591s] Level 5:colcon.colcon_core.verb:set package 'sllidar_ros2' build argument 'cmake_clean_first' from command line to 'False'
[1.591s] Level 5:colcon.colcon_core.verb:set package 'sllidar_ros2' build argument 'cmake_force_configure' from command line to 'False'
[1.591s] Level 5:colcon.colcon_core.verb:set package 'sllidar_ros2' build argument 'ament_cmake_args' from command line to 'None'
[1.592s] Level 5:colcon.colcon_core.verb:set package 'sllidar_ros2' build argument 'catkin_cmake_args' from command line to 'None'
[1.592s] Level 5:colcon.colcon_core.verb:set package 'sllidar_ros2' build argument 'catkin_skip_building_tests' from command line to 'False'
[1.592s] DEBUG:colcon.colcon_core.verb:Building package 'sllidar_ros2' with the following arguments: {'ament_cmake_args': None, 'build_base': '/home/fokker/SMR_2_GKN_Fokkker/ros_ws/build/sllidar_ros2', 'catkin_cmake_args': None, 'catkin_skip_building_tests': False, 'cmake_args': None, 'cmake_clean_cache': False, 'cmake_clean_first': False, 'cmake_force_configure': False, 'cmake_target': None, 'cmake_target_skip_unavailable': False, 'install_base': '/home/fokker/SMR_2_GKN_Fokkker/ros_ws/install/sllidar_ros2', 'merge_install': False, 'path': '/home/fokker/SMR_2_GKN_Fokkker/ros_ws/src/sllidar_ros2', 'symlink_install': False, 'test_result_base': None}
[1.592s] INFO:colcon.colcon_core.executor:Executing jobs using 'parallel' executor
[1.595s] DEBUG:colcon.colcon_parallel_executor.executor.parallel:run_until_complete
[1.597s] INFO:colcon.colcon_ros.task.ament_cmake.build:Building ROS package in '/home/fokker/SMR_2_GKN_Fokkker/ros_ws/src/src/micro_ros_setup' with build type 'ament_cmake'
[1.597s] INFO:colcon.colcon_cmake.task.cmake.build:Building CMake package in '/home/fokker/SMR_2_GKN_Fokkker/ros_ws/src/src/micro_ros_setup'
[1.606s] INFO:colcon.colcon_core.plugin_system:Skipping extension 'colcon_core.shell.bat': Not used on non-Windows systems
[1.607s] INFO:colcon.colcon_core.shell:Skip shell extension 'powershell' for command environment: Not usable outside of PowerShell
[1.608s] DEBUG:colcon.colcon_core.shell:Skip shell extension 'dsv' for command environment
[1.623s] INFO:colcon.colcon_ros.task.ament_cmake.build:Building ROS package in '/home/fokker/SMR_2_GKN_Fokkker/ros_ws/src/sllidar_ros2' with build type 'ament_cmake'
[1.624s] INFO:colcon.colcon_cmake.task.cmake.build:Building CMake package in '/home/fokker/SMR_2_GKN_Fokkker/ros_ws/src/sllidar_ros2'
[1.625s] INFO:colcon.colcon_core.shell:Skip shell extension 'powershell' for command environment: Not usable outside of PowerShell
[1.626s] DEBUG:colcon.colcon_core.shell:Skip shell extension 'dsv' for command environment
[1.665s] DEBUG:colcon.colcon_core.event_handler.log_command:Invoking command in '/home/fokker/SMR_2_GKN_Fokkker/ros_ws/build/micro_ros_setup': CMAKE_PREFIX_PATH=/opt/ros/humble /usr/bin/cmake --build /home/fokker/SMR_2_GKN_Fokkker/ros_ws/build/micro_ros_setup -- -j4 -l4
[1.687s] DEBUG:colcon.colcon_core.event_handler.log_command:Invoking command in '/home/fokker/SMR_2_GKN_Fokkker/ros_ws/build/sllidar_ros2': CMAKE_PREFIX_PATH=/opt/ros/humble /usr/bin/cmake --build /home/fokker/SMR_2_GKN_Fokkker/ros_ws/build/sllidar_ros2 -- -j4 -l4
[1.816s] DEBUG:colcon.colcon_core.event_handler.log_command:Invoked command in '/home/fokker/SMR_2_GKN_Fokkker/ros_ws/build/micro_ros_setup' returned '0': CMAKE_PREFIX_PATH=/opt/ros/humble /usr/bin/cmake --build /home/fokker/SMR_2_GKN_Fokkker/ros_ws/build/micro_ros_setup -- -j4 -l4
[1.864s] DEBUG:colcon.colcon_core.event_handler.log_command:Invoking command in '/home/fokker/SMR_2_GKN_Fokkker/ros_ws/build/micro_ros_setup': CMAKE_PREFIX_PATH=/opt/ros/humble /usr/bin/cmake --install /home/fokker/SMR_2_GKN_Fokkker/ros_ws/build/micro_ros_setup
[1.983s] Level 1:colcon.colcon_core.environment:create_environment_scripts_only(micro_ros_setup)
[2.010s] Level 1:colcon.colcon_core.environment:checking '/home/fokker/SMR_2_GKN_Fokkker/ros_ws/install/micro_ros_setup' for CMake module files
[2.019s] Level 1:colcon.colcon_core.environment:checking '/home/fokker/SMR_2_GKN_Fokkker/ros_ws/install/micro_ros_setup' for CMake config files
[2.026s] Level 1:colcon.colcon_core.shell:create_environment_hook('micro_ros_setup', 'cmake_prefix_path')
[2.027s] INFO:colcon.colcon_core.shell:Creating environment hook '/home/fokker/SMR_2_GKN_Fokkker/ros_ws/install/micro_ros_setup/share/micro_ros_setup/hook/cmake_prefix_path.ps1'
[2.031s] INFO:colcon.colcon_core.shell:Creating environment descriptor '/home/fokker/SMR_2_GKN_Fokkker/ros_ws/install/micro_ros_setup/share/micro_ros_setup/hook/cmake_prefix_path.dsv'
[2.035s] INFO:colcon.colcon_core.shell:Creating environment hook '/home/fokker/SMR_2_GKN_Fokkker/ros_ws/install/micro_ros_setup/share/micro_ros_setup/hook/cmake_prefix_path.sh'
[2.041s] Level 1:colcon.colcon_core.environment:checking '/home/fokker/SMR_2_GKN_Fokkker/ros_ws/install/micro_ros_setup/lib'
[2.042s] Level 1:colcon.colcon_core.environment:checking '/home/fokker/SMR_2_GKN_Fokkker/ros_ws/install/micro_ros_setup/bin'
[2.043s] Level 1:colcon.colcon_core.environment:checking '/home/fokker/SMR_2_GKN_Fokkker/ros_ws/install/micro_ros_setup/lib/pkgconfig/micro_ros_setup.pc'
[2.044s] Level 1:colcon.colcon_core.environment:checking '/home/fokker/SMR_2_GKN_Fokkker/ros_ws/install/micro_ros_setup/lib/python3.10/site-packages'
[2.045s] Level 1:colcon.colcon_core.environment:checking '/home/fokker/SMR_2_GKN_Fokkker/ros_ws/install/micro_ros_setup/bin'
[2.047s] INFO:colcon.colcon_core.shell:Creating package script '/home/fokker/SMR_2_GKN_Fokkker/ros_ws/install/micro_ros_setup/share/micro_ros_setup/package.ps1'
[2.052s] INFO:colcon.colcon_core.shell:Creating package descriptor '/home/fokker/SMR_2_GKN_Fokkker/ros_ws/install/micro_ros_setup/share/micro_ros_setup/package.dsv'
[2.057s] INFO:colcon.colcon_core.shell:Creating package script '/home/fokker/SMR_2_GKN_Fokkker/ros_ws/install/micro_ros_setup/share/micro_ros_setup/package.sh'
[2.062s] INFO:colcon.colcon_core.shell:Creating package script '/home/fokker/SMR_2_GKN_Fokkker/ros_ws/install/micro_ros_setup/share/micro_ros_setup/package.bash'
[2.067s] INFO:colcon.colcon_core.shell:Creating package script '/home/fokker/SMR_2_GKN_Fokkker/ros_ws/install/micro_ros_setup/share/micro_ros_setup/package.zsh'
[2.073s] Level 1:colcon.colcon_core.environment:create_file_with_runtime_dependencies(/home/fokker/SMR_2_GKN_Fokkker/ros_ws/install/micro_ros_setup/share/colcon-core/packages/micro_ros_setup)
[2.078s] Level 1:colcon.colcon_core.environment:create_environment_scripts_only(micro_ros_setup)
[2.080s] Level 1:colcon.colcon_core.environment:checking '/home/fokker/SMR_2_GKN_Fokkker/ros_ws/install/micro_ros_setup' for CMake module files
[2.089s] Level 1:colcon.colcon_core.environment:checking '/home/fokker/SMR_2_GKN_Fokkker/ros_ws/install/micro_ros_setup' for CMake config files
[2.095s] Level 1:colcon.colcon_core.shell:create_environment_hook('micro_ros_setup', 'cmake_prefix_path')
[2.096s] INFO:colcon.colcon_core.shell:Creating environment hook '/home/fokker/SMR_2_GKN_Fokkker/ros_ws/install/micro_ros_setup/share/micro_ros_setup/hook/cmake_prefix_path.ps1'
[2.100s] INFO:colcon.colcon_core.shell:Creating environment descriptor '/home/fokker/SMR_2_GKN_Fokkker/ros_ws/install/micro_ros_setup/share/micro_ros_setup/hook/cmake_prefix_path.dsv'
[2.104s] INFO:colcon.colcon_core.shell:Creating environment hook '/home/fokker/SMR_2_GKN_Fokkker/ros_ws/install/micro_ros_setup/share/micro_ros_setup/hook/cmake_prefix_path.sh'
[2.110s] Level 1:colcon.colcon_core.environment:checking '/home/fokker/SMR_2_GKN_Fokkker/ros_ws/install/micro_ros_setup/lib'
[2.110s] DEBUG:colcon.colcon_core.event_handler.log_command:Invoked command in '/home/fokker/SMR_2_GKN_Fokkker/ros_ws/build/micro_ros_setup' returned '0': CMAKE_PREFIX_PATH=/opt/ros/humble /usr/bin/cmake --install /home/fokker/SMR_2_GKN_Fokkker/ros_ws/build/micro_ros_setup
[2.111s] Level 1:colcon.colcon_core.environment:checking '/home/fokker/SMR_2_GKN_Fokkker/ros_ws/install/micro_ros_setup/bin'
[2.111s] Level 1:colcon.colcon_core.environment:checking '/home/fokker/SMR_2_GKN_Fokkker/ros_ws/install/micro_ros_setup/lib/pkgconfig/micro_ros_setup.pc'
[2.112s] Level 1:colcon.colcon_core.environment:checking '/home/fokker/SMR_2_GKN_Fokkker/ros_ws/install/micro_ros_setup/lib/python3.10/site-packages'
[2.113s] Level 1:colcon.colcon_core.environment:checking '/home/fokker/SMR_2_GKN_Fokkker/ros_ws/install/micro_ros_setup/bin'
[2.114s] INFO:colcon.colcon_core.shell:Creating package script '/home/fokker/SMR_2_GKN_Fokkker/ros_ws/install/micro_ros_setup/share/micro_ros_setup/package.ps1'
[2.116s] INFO:colcon.colcon_core.shell:Creating package descriptor '/home/fokker/SMR_2_GKN_Fokkker/ros_ws/install/micro_ros_setup/share/micro_ros_setup/package.dsv'
[2.119s] INFO:colcon.colcon_core.shell:Creating package script '/home/fokker/SMR_2_GKN_Fokkker/ros_ws/install/micro_ros_setup/share/micro_ros_setup/package.sh'
[2.121s] INFO:colcon.colcon_core.shell:Creating package script '/home/fokker/SMR_2_GKN_Fokkker/ros_ws/install/micro_ros_setup/share/micro_ros_setup/package.bash'
[2.123s] INFO:colcon.colcon_core.shell:Creating package script '/home/fokker/SMR_2_GKN_Fokkker/ros_ws/install/micro_ros_setup/share/micro_ros_setup/package.zsh'
[2.125s] Level 1:colcon.colcon_core.environment:create_file_with_runtime_dependencies(/home/fokker/SMR_2_GKN_Fokkker/ros_ws/install/micro_ros_setup/share/colcon-core/packages/micro_ros_setup)
[2.131s] DEBUG:colcon.colcon_core.event_handler.log_command:Invoked command in '/home/fokker/SMR_2_GKN_Fokkker/ros_ws/build/sllidar_ros2' returned '0': CMAKE_PREFIX_PATH=/opt/ros/humble /usr/bin/cmake --build /home/fokker/SMR_2_GKN_Fokkker/ros_ws/build/sllidar_ros2 -- -j4 -l4
[2.140s] DEBUG:colcon.colcon_core.event_handler.log_command:Invoking command in '/home/fokker/SMR_2_GKN_Fokkker/ros_ws/build/sllidar_ros2': CMAKE_PREFIX_PATH=/opt/ros/humble /usr/bin/cmake --install /home/fokker/SMR_2_GKN_Fokkker/ros_ws/build/sllidar_ros2
[2.189s] Level 1:colcon.colcon_core.environment:create_environment_scripts_only(sllidar_ros2)
[2.190s] Level 1:colcon.colcon_core.environment:checking '/home/fokker/SMR_2_GKN_Fokkker/ros_ws/install/sllidar_ros2' for CMake module files
[2.193s] DEBUG:colcon.colcon_core.event_handler.log_command:Invoked command in '/home/fokker/SMR_2_GKN_Fokkker/ros_ws/build/sllidar_ros2' returned '0': CMAKE_PREFIX_PATH=/opt/ros/humble /usr/bin/cmake --install /home/fokker/SMR_2_GKN_Fokkker/ros_ws/build/sllidar_ros2
[2.195s] Level 1:colcon.colcon_core.environment:checking '/home/fokker/SMR_2_GKN_Fokkker/ros_ws/install/sllidar_ros2' for CMake config files
[2.198s] Level 1:colcon.colcon_core.shell:create_environment_hook('sllidar_ros2', 'cmake_prefix_path')
[2.199s] INFO:colcon.colcon_core.shell:Creating environment hook '/home/fokker/SMR_2_GKN_Fokkker/ros_ws/install/sllidar_ros2/share/sllidar_ros2/hook/cmake_prefix_path.ps1'
[2.201s] INFO:colcon.colcon_core.shell:Creating environment descriptor '/home/fokker/SMR_2_GKN_Fokkker/ros_ws/install/sllidar_ros2/share/sllidar_ros2/hook/cmake_prefix_path.dsv'
[2.203s] INFO:colcon.colcon_core.shell:Creating environment hook '/home/fokker/SMR_2_GKN_Fokkker/ros_ws/install/sllidar_ros2/share/sllidar_ros2/hook/cmake_prefix_path.sh'
[2.207s] Level 1:colcon.colcon_core.environment:checking '/home/fokker/SMR_2_GKN_Fokkker/ros_ws/install/sllidar_ros2/lib'
[2.208s] Level 1:colcon.colcon_core.environment:checking '/home/fokker/SMR_2_GKN_Fokkker/ros_ws/install/sllidar_ros2/bin'
[2.208s] Level 1:colcon.colcon_core.environment:checking '/home/fokker/SMR_2_GKN_Fokkker/ros_ws/install/sllidar_ros2/lib/pkgconfig/sllidar_ros2.pc'
[2.209s] Level 1:colcon.colcon_core.environment:checking '/home/fokker/SMR_2_GKN_Fokkker/ros_ws/install/sllidar_ros2/lib/python3.10/site-packages'
[2.210s] Level 1:colcon.colcon_core.environment:checking '/home/fokker/SMR_2_GKN_Fokkker/ros_ws/install/sllidar_ros2/bin'
[2.212s] INFO:colcon.colcon_core.shell:Creating package script '/home/fokker/SMR_2_GKN_Fokkker/ros_ws/install/sllidar_ros2/share/sllidar_ros2/package.ps1'
[2.214s] INFO:colcon.colcon_core.shell:Creating package descriptor '/home/fokker/SMR_2_GKN_Fokkker/ros_ws/install/sllidar_ros2/share/sllidar_ros2/package.dsv'
[2.216s] INFO:colcon.colcon_core.shell:Creating package script '/home/fokker/SMR_2_GKN_Fokkker/ros_ws/install/sllidar_ros2/share/sllidar_ros2/package.sh'
[2.218s] INFO:colcon.colcon_core.shell:Creating package script '/home/fokker/SMR_2_GKN_Fokkker/ros_ws/install/sllidar_ros2/share/sllidar_ros2/package.bash'
[2.221s] INFO:colcon.colcon_core.shell:Creating package script '/home/fokker/SMR_2_GKN_Fokkker/ros_ws/install/sllidar_ros2/share/sllidar_ros2/package.zsh'
[2.223s] Level 1:colcon.colcon_core.environment:create_file_with_runtime_dependencies(/home/fokker/SMR_2_GKN_Fokkker/ros_ws/install/sllidar_ros2/share/colcon-core/packages/sllidar_ros2)
[2.226s] Level 1:colcon.colcon_core.environment:create_environment_scripts_only(sllidar_ros2)
[2.227s] Level 1:colcon.colcon_core.environment:checking '/home/fokker/SMR_2_GKN_Fokkker/ros_ws/install/sllidar_ros2' for CMake module files
[2.230s] Level 1:colcon.colcon_core.environment:checking '/home/fokker/SMR_2_GKN_Fokkker/ros_ws/install/sllidar_ros2' for CMake config files
[2.233s] Level 1:colcon.colcon_core.shell:create_environment_hook('sllidar_ros2', 'cmake_prefix_path')
[2.234s] INFO:colcon.colcon_core.shell:Creating environment hook '/home/fokker/SMR_2_GKN_Fokkker/ros_ws/install/sllidar_ros2/share/sllidar_ros2/hook/cmake_prefix_path.ps1'
[2.236s] INFO:colcon.colcon_core.shell:Creating environment descriptor '/home/fokker/SMR_2_GKN_Fokkker/ros_ws/install/sllidar_ros2/share/sllidar_ros2/hook/cmake_prefix_path.dsv'
[2.238s] INFO:colcon.colcon_core.shell:Creating environment hook '/home/fokker/SMR_2_GKN_Fokkker/ros_ws/install/sllidar_ros2/share/sllidar_ros2/hook/cmake_prefix_path.sh'
[2.241s] Level 1:colcon.colcon_core.environment:checking '/home/fokker/SMR_2_GKN_Fokkker/ros_ws/install/sllidar_ros2/lib'
[2.242s] Level 1:colcon.colcon_core.environment:checking '/home/fokker/SMR_2_GKN_Fokkker/ros_ws/install/sllidar_ros2/bin'
[2.242s] Level 1:colcon.colcon_core.environment:checking '/home/fokker/SMR_2_GKN_Fokkker/ros_ws/install/sllidar_ros2/lib/pkgconfig/sllidar_ros2.pc'
[2.243s] Level 1:colcon.colcon_core.environment:checking '/home/fokker/SMR_2_GKN_Fokkker/ros_ws/install/sllidar_ros2/lib/python3.10/site-packages'
[2.244s] Level 1:colcon.colcon_core.environment:checking '/home/fokker/SMR_2_GKN_Fokkker/ros_ws/install/sllidar_ros2/bin'
[2.245s] INFO:colcon.colcon_core.shell:Creating package script '/home/fokker/SMR_2_GKN_Fokkker/ros_ws/install/sllidar_ros2/share/sllidar_ros2/package.ps1'
[2.247s] INFO:colcon.colcon_core.shell:Creating package descriptor '/home/fokker/SMR_2_GKN_Fokkker/ros_ws/install/sllidar_ros2/share/sllidar_ros2/package.dsv'
[2.250s] INFO:colcon.colcon_core.shell:Creating package script '/home/fokker/SMR_2_GKN_Fokkker/ros_ws/install/sllidar_ros2/share/sllidar_ros2/package.sh'
[2.252s] INFO:colcon.colcon_core.shell:Creating package script '/home/fokker/SMR_2_GKN_Fokkker/ros_ws/install/sllidar_ros2/share/sllidar_ros2/package.bash'
[2.254s] INFO:colcon.colcon_core.shell:Creating package script '/home/fokker/SMR_2_GKN_Fokkker/ros_ws/install/sllidar_ros2/share/sllidar_ros2/package.zsh'
[2.257s] Level 1:colcon.colcon_core.environment:create_file_with_runtime_dependencies(/home/fokker/SMR_2_GKN_Fokkker/ros_ws/install/sllidar_ros2/share/colcon-core/packages/sllidar_ros2)
[2.258s] DEBUG:colcon.colcon_parallel_executor.executor.parallel:closing loop
[2.259s] DEBUG:colcon.colcon_parallel_executor.executor.parallel:loop closed
[2.260s] DEBUG:colcon.colcon_parallel_executor.executor.parallel:run_until_complete finished with '0'
[2.260s] DEBUG:colcon.colcon_core.event_reactor:joining thread
[2.285s] INFO:colcon.colcon_core.plugin_system:Skipping extension 'colcon_notification.desktop_notification.terminal_notifier': Not used on non-Darwin systems
[2.286s] INFO:colcon.colcon_core.plugin_system:Skipping extension 'colcon_notification.desktop_notification.win32': Not used on non-Windows systems
[2.287s] INFO:colcon.colcon_notification.desktop_notification:Sending desktop notification using 'notify2'
[2.327s] DEBUG:colcon.colcon_core.event_reactor:joined thread
[2.329s] INFO:colcon.colcon_core.shell:Creating prefix script '/home/fokker/SMR_2_GKN_Fokkker/ros_ws/install/local_setup.ps1'
[2.334s] INFO:colcon.colcon_core.shell:Creating prefix util module '/home/fokker/SMR_2_GKN_Fokkker/ros_ws/install/_local_setup_util_ps1.py'
[2.341s] INFO:colcon.colcon_core.shell:Creating prefix chain script '/home/fokker/SMR_2_GKN_Fokkker/ros_ws/install/setup.ps1'
[2.346s] INFO:colcon.colcon_core.shell:Creating prefix script '/home/fokker/SMR_2_GKN_Fokkker/ros_ws/install/local_setup.sh'
[2.350s] INFO:colcon.colcon_core.shell:Creating prefix util module '/home/fokker/SMR_2_GKN_Fokkker/ros_ws/install/_local_setup_util_sh.py'
[2.353s] INFO:colcon.colcon_core.shell:Creating prefix chain script '/home/fokker/SMR_2_GKN_Fokkker/ros_ws/install/setup.sh'
[2.358s] INFO:colcon.colcon_core.shell:Creating prefix script '/home/fokker/SMR_2_GKN_Fokkker/ros_ws/install/local_setup.bash'
[2.361s] INFO:colcon.colcon_core.shell:Creating prefix chain script '/home/fokker/SMR_2_GKN_Fokkker/ros_ws/install/setup.bash'
[2.366s] INFO:colcon.colcon_core.shell:Creating prefix script '/home/fokker/SMR_2_GKN_Fokkker/ros_ws/install/local_setup.zsh'
[2.369s] INFO:colcon.colcon_core.shell:Creating prefix chain script '/home/fokker/SMR_2_GKN_Fokkker/ros_ws/install/setup.zsh'
