[0.045s] Invoking command in '/home/fokker/SMR_2_GKN_Fokkker/ros_ws/build/micro_ros_msgs': CMAKE_PREFIX_PATH=${CMAKE_PREFIX_PATH}:/opt/ros/humble /usr/bin/cmake /home/fokker/SMR_2_GKN_Fokkker/ros_ws/src/uros/micro_ros_msgs -DUAGENT_BUILD_EXECUTABLE=OFF -DUAGENT_P2P_PROFILE=OFF --no-warn-unused-cli -DCMAKE_INSTALL_PREFIX=/home/fokker/SMR_2_GKN_Fokkker/ros_ws/install/micro_ros_msgs
[0.080s] Not searching for unused variables given on the command line.
[0.312s] -- The C compiler identification is GNU 11.4.0
[0.567s] -- The CXX compiler identification is GNU 11.4.0
[0.597s] -- Detecting C compiler ABI info
[0.920s] -- Detecting C compiler ABI info - done
[0.945s] -- Check for working C compiler: /usr/bin/cc - skipped
[0.946s] -- Detecting C compile features
[0.948s] -- Detecting C compile features - done
[0.959s] -- Detecting CXX compiler ABI info
[1.304s] -- Detecting CXX compiler ABI info - done
[1.333s] -- Check for working CXX compiler: /usr/bin/c++ - skipped
[1.334s] -- Detecting CXX compile features
[1.335s] -- Detecting CXX compile features - done
[1.363s] -- Found ament_cmake: 1.3.10 (/opt/ros/humble/share/ament_cmake/cmake)
[2.073s] -- Found Python3: /usr/bin/python3 (found version "3.10.12") found components: Interpreter 
[2.632s] -- Found rosidl_default_generators: 1.2.0 (/opt/ros/humble/share/rosidl_default_generators/cmake)
[2.665s] -- Using all available rosidl_typesupport_c: rosidl_typesupport_fastrtps_c;rosidl_typesupport_introspection_c
[2.743s] -- Found rosidl_adapter: 3.1.5 (/opt/ros/humble/share/rosidl_adapter/cmake)
[3.126s] -- Using all available rosidl_typesupport_cpp: rosidl_typesupport_fastrtps_cpp;rosidl_typesupport_introspection_cpp
[3.397s] -- Found ament_lint_auto: 0.12.11 (/opt/ros/humble/share/ament_lint_auto/cmake)
[4.718s] -- Found ament_cmake_ros: 0.10.0 (/opt/ros/humble/share/ament_cmake_ros/cmake)
[5.600s] -- Using all available rosidl_typesupport_c: rosidl_typesupport_fastrtps_c;rosidl_typesupport_introspection_c
[6.669s] -- Using all available rosidl_typesupport_cpp: rosidl_typesupport_fastrtps_cpp;rosidl_typesupport_introspection_cpp
[6.778s] -- Found PythonInterp: /usr/bin/python3 (found suitable version "3.10.12", minimum required is "3.6") 
[6.799s] -- Found python_cmake_module: 0.10.0 (/opt/ros/humble/share/python_cmake_module/cmake)
[6.921s] -- Found PythonLibs: /usr/lib/aarch64-linux-gnu/libpython3.10.so (found suitable version "3.10.12", minimum required is "3.5") 
[6.921s] -- Using PYTHON_EXECUTABLE: /usr/bin/python3
[6.922s] -- Using PYTHON_INCLUDE_DIRS: /usr/include/python3.10
[6.922s] -- Using PYTHON_LIBRARIES: /usr/lib/aarch64-linux-gnu/libpython3.10.so
[7.018s] -- Found PythonExtra: .so  
[7.181s] -- Added test 'copyright' to check source files copyright and LICENSE
[7.268s] -- Added test 'lint_cmake' to check CMake code style
[7.314s] -- Added test 'xmllint' to check XML markup files
[7.358s] -- Configuring done
[7.535s] -- Generating done
[7.579s] -- Build files have been written to: /home/fokker/SMR_2_GKN_Fokkker/ros_ws/build/micro_ros_msgs
[7.599s] Invoked command in '/home/fokker/SMR_2_GKN_Fokkker/ros_ws/build/micro_ros_msgs' returned '0': CMAKE_PREFIX_PATH=${CMAKE_PREFIX_PATH}:/opt/ros/humble /usr/bin/cmake /home/fokker/SMR_2_GKN_Fokkker/ros_ws/src/uros/micro_ros_msgs -DUAGENT_BUILD_EXECUTABLE=OFF -DUAGENT_P2P_PROFILE=OFF --no-warn-unused-cli -DCMAKE_INSTALL_PREFIX=/home/fokker/SMR_2_GKN_Fokkker/ros_ws/install/micro_ros_msgs
[7.610s] Invoking command in '/home/fokker/SMR_2_GKN_Fokkker/ros_ws/build/micro_ros_msgs': CMAKE_PREFIX_PATH=${CMAKE_PREFIX_PATH}:/opt/ros/humble /usr/bin/cmake --build /home/fokker/SMR_2_GKN_Fokkker/ros_ws/build/micro_ros_msgs -- -j4 -l4
[7.781s] [  2%] [34m[1mGenerating C code for ROS interfaces[0m
[7.831s] [  4%] [34m[1mGenerating C++ code for ROS interfaces[0m
[7.872s] [  4%] Built target ament_cmake_python_copy_micro_ros_msgs
[9.386s] running egg_info
[9.391s] creating micro_ros_msgs.egg-info
[9.394s] writing micro_ros_msgs.egg-info/PKG-INFO
[9.399s] writing dependency_links to micro_ros_msgs.egg-info/dependency_links.txt
[9.403s] writing top-level names to micro_ros_msgs.egg-info/top_level.txt
[9.407s] writing manifest file 'micro_ros_msgs.egg-info/SOURCES.txt'
[9.422s] reading manifest file 'micro_ros_msgs.egg-info/SOURCES.txt'
[9.429s] writing manifest file 'micro_ros_msgs.egg-info/SOURCES.txt'
[9.660s] [  4%] Built target ament_cmake_python_build_micro_ros_msgs_egg
[9.899s] [  4%] Built target micro_ros_msgs__cpp
[9.951s] [  6%] [34m[1mGenerating C++ type support dispatch for ROS interfaces[0m
[9.955s] [  8%] [34m[1mGenerating C++ type support for eProsima Fast-RTPS[0m
[9.962s] [ 10%] [34m[1mGenerating C++ introspection for ROS interfaces[0m
[10.028s] [ 12%] [32mBuilding C object CMakeFiles/micro_ros_msgs__rosidl_generator_c.dir/rosidl_generator_c/micro_ros_msgs/msg/detail/graph__functions.c.o[0m
[10.466s] [ 14%] [32mBuilding C object CMakeFiles/micro_ros_msgs__rosidl_generator_c.dir/rosidl_generator_c/micro_ros_msgs/msg/detail/node__functions.c.o[0m
[10.751s] [ 17%] [32mBuilding C object CMakeFiles/micro_ros_msgs__rosidl_generator_c.dir/rosidl_generator_c/micro_ros_msgs/msg/detail/entity__functions.c.o[0m
[11.016s] [ 19%] [32m[1mLinking C shared library libmicro_ros_msgs__rosidl_generator_c.so[0m
[11.243s] [ 19%] Built target micro_ros_msgs__rosidl_generator_c
[11.291s] [ 21%] [34m[1mGenerating C type support for eProsima Fast-RTPS[0m
[11.662s] [ 23%] [32mBuilding CXX object CMakeFiles/micro_ros_msgs__rosidl_typesupport_cpp.dir/rosidl_typesupport_cpp/micro_ros_msgs/msg/graph__type_support.cpp.o[0m
[11.968s] [ 25%] [32mBuilding CXX object CMakeFiles/micro_ros_msgs__rosidl_typesupport_introspection_cpp.dir/rosidl_typesupport_introspection_cpp/micro_ros_msgs/msg/detail/graph__type_support.cpp.o[0m
[12.141s] [ 27%] [32mBuilding CXX object CMakeFiles/micro_ros_msgs__rosidl_typesupport_fastrtps_cpp.dir/rosidl_typesupport_fastrtps_cpp/micro_ros_msgs/msg/detail/dds_fastrtps/graph__type_support.cpp.o[0m
[13.476s] [ 29%] [32mBuilding CXX object CMakeFiles/micro_ros_msgs__rosidl_typesupport_fastrtps_c.dir/rosidl_typesupport_fastrtps_c/micro_ros_msgs/msg/detail/graph__type_support_c.cpp.o[0m
[13.617s] [ 31%] [32mBuilding CXX object CMakeFiles/micro_ros_msgs__rosidl_typesupport_cpp.dir/rosidl_typesupport_cpp/micro_ros_msgs/msg/node__type_support.cpp.o[0m
[15.512s] [ 34%] [32mBuilding CXX object CMakeFiles/micro_ros_msgs__rosidl_typesupport_cpp.dir/rosidl_typesupport_cpp/micro_ros_msgs/msg/entity__type_support.cpp.o[0m
[15.527s] [ 36%] [32mBuilding CXX object CMakeFiles/micro_ros_msgs__rosidl_typesupport_fastrtps_cpp.dir/rosidl_typesupport_fastrtps_cpp/micro_ros_msgs/msg/detail/dds_fastrtps/node__type_support.cpp.o[0m
[15.596s] [ 38%] [32mBuilding CXX object CMakeFiles/micro_ros_msgs__rosidl_typesupport_introspection_cpp.dir/rosidl_typesupport_introspection_cpp/micro_ros_msgs/msg/detail/node__type_support.cpp.o[0m
[15.638s] [ 40%] [32mBuilding CXX object CMakeFiles/micro_ros_msgs__rosidl_typesupport_fastrtps_c.dir/rosidl_typesupport_fastrtps_c/micro_ros_msgs/msg/detail/node__type_support_c.cpp.o[0m
[17.154s] [ 42%] [32m[1mLinking CXX shared library libmicro_ros_msgs__rosidl_typesupport_cpp.so[0m
[17.435s] [ 42%] Built target micro_ros_msgs__rosidl_typesupport_cpp
[17.498s] [ 44%] [34m[1mGenerating C introspection for ROS interfaces[0m
[17.834s] [ 46%] [32mBuilding CXX object CMakeFiles/micro_ros_msgs__rosidl_typesupport_fastrtps_c.dir/rosidl_typesupport_fastrtps_c/micro_ros_msgs/msg/detail/entity__type_support_c.cpp.o[0m
[18.666s] [ 48%] [32mBuilding CXX object CMakeFiles/micro_ros_msgs__rosidl_typesupport_fastrtps_cpp.dir/rosidl_typesupport_fastrtps_cpp/micro_ros_msgs/msg/detail/dds_fastrtps/entity__type_support.cpp.o[0m
[18.718s] [ 51%] [32mBuilding CXX object CMakeFiles/micro_ros_msgs__rosidl_typesupport_introspection_cpp.dir/rosidl_typesupport_introspection_cpp/micro_ros_msgs/msg/detail/entity__type_support.cpp.o[0m
[19.765s] [ 53%] [32mBuilding C object CMakeFiles/micro_ros_msgs__rosidl_typesupport_introspection_c.dir/rosidl_typesupport_introspection_c/micro_ros_msgs/msg/detail/graph__type_support.c.o[0m
[20.018s] [ 55%] [32mBuilding C object CMakeFiles/micro_ros_msgs__rosidl_typesupport_introspection_c.dir/rosidl_typesupport_introspection_c/micro_ros_msgs/msg/detail/node__type_support.c.o[0m
[20.206s] [ 57%] [32m[1mLinking CXX shared library libmicro_ros_msgs__rosidl_typesupport_fastrtps_c.so[0m
[20.271s] [ 59%] [32mBuilding C object CMakeFiles/micro_ros_msgs__rosidl_typesupport_introspection_c.dir/rosidl_typesupport_introspection_c/micro_ros_msgs/msg/detail/entity__type_support.c.o[0m
[20.526s] [ 61%] [32m[1mLinking C shared library libmicro_ros_msgs__rosidl_typesupport_introspection_c.so[0m
[20.657s] [ 61%] Built target micro_ros_msgs__rosidl_typesupport_fastrtps_c
[20.704s] [ 61%] Built target micro_ros_msgs__rosidl_typesupport_introspection_c
[20.712s] [ 63%] [34m[1mGenerating C type support dispatch for ROS interfaces[0m
[21.442s] [ 65%] [32m[1mLinking CXX shared library libmicro_ros_msgs__rosidl_typesupport_introspection_cpp.so[0m
[21.674s] [ 68%] [32m[1mLinking CXX shared library libmicro_ros_msgs__rosidl_typesupport_fastrtps_cpp.so[0m
[21.835s] [ 68%] Built target micro_ros_msgs__rosidl_typesupport_introspection_cpp
[22.033s] [ 68%] Built target micro_ros_msgs__rosidl_typesupport_fastrtps_cpp
[22.216s] [ 70%] [32mBuilding CXX object CMakeFiles/micro_ros_msgs__rosidl_typesupport_c.dir/rosidl_typesupport_c/micro_ros_msgs/msg/graph__type_support.cpp.o[0m
[22.220s] [ 72%] [32mBuilding CXX object CMakeFiles/micro_ros_msgs__rosidl_typesupport_c.dir/rosidl_typesupport_c/micro_ros_msgs/msg/node__type_support.cpp.o[0m
[22.222s] [ 74%] [32mBuilding CXX object CMakeFiles/micro_ros_msgs__rosidl_typesupport_c.dir/rosidl_typesupport_c/micro_ros_msgs/msg/entity__type_support.cpp.o[0m
[22.376s] [ 76%] [32m[1mLinking CXX shared library libmicro_ros_msgs__rosidl_typesupport_c.so[0m
[22.538s] [ 76%] Built target micro_ros_msgs__rosidl_typesupport_c
[22.625s] [ 76%] Built target micro_ros_msgs
[22.712s] [ 78%] [34m[1mGenerating Python code for ROS interfaces[0m
[24.830s] [ 78%] Built target micro_ros_msgs__py
[24.922s] [ 82%] [32mBuilding C object CMakeFiles/micro_ros_msgs__rosidl_generator_py.dir/rosidl_generator_py/micro_ros_msgs/msg/_node_s.c.o[0m
[24.924s] [ 82%] [32mBuilding C object CMakeFiles/micro_ros_msgs__rosidl_generator_py.dir/rosidl_generator_py/micro_ros_msgs/msg/_graph_s.c.o[0m
[24.929s] [ 85%] [32mBuilding C object CMakeFiles/micro_ros_msgs__rosidl_generator_py.dir/rosidl_generator_py/micro_ros_msgs/msg/_entity_s.c.o[0m
[25.569s] [ 87%] [32m[1mLinking C shared library rosidl_generator_py/micro_ros_msgs/libmicro_ros_msgs__rosidl_generator_py.so[0m
[25.758s] [ 87%] Built target micro_ros_msgs__rosidl_generator_py
[25.851s] [ 89%] [32mBuilding C object CMakeFiles/micro_ros_msgs__rosidl_typesupport_fastrtps_c__pyext.dir/rosidl_generator_py/micro_ros_msgs/_micro_ros_msgs_s.ep.rosidl_typesupport_fastrtps_c.c.o[0m
[25.857s] [ 91%] [32mBuilding C object CMakeFiles/micro_ros_msgs__rosidl_typesupport_introspection_c__pyext.dir/rosidl_generator_py/micro_ros_msgs/_micro_ros_msgs_s.ep.rosidl_typesupport_introspection_c.c.o[0m
[25.861s] [ 93%] [32mBuilding C object CMakeFiles/micro_ros_msgs__rosidl_typesupport_c__pyext.dir/rosidl_generator_py/micro_ros_msgs/_micro_ros_msgs_s.ep.rosidl_typesupport_c.c.o[0m
[26.362s] [ 95%] [32m[1mLinking C shared library rosidl_generator_py/micro_ros_msgs/micro_ros_msgs_s__rosidl_typesupport_c.cpython-310-aarch64-linux-gnu.so[0m
[26.377s] [ 97%] [32m[1mLinking C shared library rosidl_generator_py/micro_ros_msgs/micro_ros_msgs_s__rosidl_typesupport_introspection_c.cpython-310-aarch64-linux-gnu.so[0m
[26.440s] [100%] [32m[1mLinking C shared library rosidl_generator_py/micro_ros_msgs/micro_ros_msgs_s__rosidl_typesupport_fastrtps_c.cpython-310-aarch64-linux-gnu.so[0m
[26.545s] [100%] Built target micro_ros_msgs__rosidl_typesupport_c__pyext
[26.557s] [100%] Built target micro_ros_msgs__rosidl_typesupport_introspection_c__pyext
[26.621s] [100%] Built target micro_ros_msgs__rosidl_typesupport_fastrtps_c__pyext
[26.665s] Invoked command in '/home/fokker/SMR_2_GKN_Fokkker/ros_ws/build/micro_ros_msgs' returned '0': CMAKE_PREFIX_PATH=${CMAKE_PREFIX_PATH}:/opt/ros/humble /usr/bin/cmake --build /home/fokker/SMR_2_GKN_Fokkker/ros_ws/build/micro_ros_msgs -- -j4 -l4
[26.707s] Invoking command in '/home/fokker/SMR_2_GKN_Fokkker/ros_ws/build/micro_ros_msgs': CMAKE_PREFIX_PATH=${CMAKE_PREFIX_PATH}:/opt/ros/humble /usr/bin/cmake --install /home/fokker/SMR_2_GKN_Fokkker/ros_ws/build/micro_ros_msgs
[26.735s] -- Install configuration: ""
[26.736s] -- Installing: /home/fokker/SMR_2_GKN_Fokkker/ros_ws/install/micro_ros_msgs/share/ament_index/resource_index/rosidl_interfaces/micro_ros_msgs
[26.737s] -- Installing: /home/fokker/SMR_2_GKN_Fokkker/ros_ws/install/micro_ros_msgs/include/micro_ros_msgs/micro_ros_msgs
[26.738s] -- Installing: /home/fokker/SMR_2_GKN_Fokkker/ros_ws/install/micro_ros_msgs/include/micro_ros_msgs/micro_ros_msgs/msg
[26.739s] -- Installing: /home/fokker/SMR_2_GKN_Fokkker/ros_ws/install/micro_ros_msgs/include/micro_ros_msgs/micro_ros_msgs/msg/rosidl_generator_c__visibility_control.h
[26.740s] -- Installing: /home/fokker/SMR_2_GKN_Fokkker/ros_ws/install/micro_ros_msgs/include/micro_ros_msgs/micro_ros_msgs/msg/entity.h
[26.742s] -- Installing: /home/fokker/SMR_2_GKN_Fokkker/ros_ws/install/micro_ros_msgs/include/micro_ros_msgs/micro_ros_msgs/msg/node.h
[26.743s] -- Installing: /home/fokker/SMR_2_GKN_Fokkker/ros_ws/install/micro_ros_msgs/include/micro_ros_msgs/micro_ros_msgs/msg/detail
[26.744s] -- Installing: /home/fokker/SMR_2_GKN_Fokkker/ros_ws/install/micro_ros_msgs/include/micro_ros_msgs/micro_ros_msgs/msg/detail/entity__functions.c
[26.745s] -- Installing: /home/fokker/SMR_2_GKN_Fokkker/ros_ws/install/micro_ros_msgs/include/micro_ros_msgs/micro_ros_msgs/msg/detail/node__functions.c
[26.747s] -- Installing: /home/fokker/SMR_2_GKN_Fokkker/ros_ws/install/micro_ros_msgs/include/micro_ros_msgs/micro_ros_msgs/msg/detail/entity__struct.h
[26.748s] -- Installing: /home/fokker/SMR_2_GKN_Fokkker/ros_ws/install/micro_ros_msgs/include/micro_ros_msgs/micro_ros_msgs/msg/detail/entity__functions.h
[26.749s] -- Installing: /home/fokker/SMR_2_GKN_Fokkker/ros_ws/install/micro_ros_msgs/include/micro_ros_msgs/micro_ros_msgs/msg/detail/graph__type_support.h
[26.750s] -- Installing: /home/fokker/SMR_2_GKN_Fokkker/ros_ws/install/micro_ros_msgs/include/micro_ros_msgs/micro_ros_msgs/msg/detail/node__type_support.h
[26.751s] -- Installing: /home/fokker/SMR_2_GKN_Fokkker/ros_ws/install/micro_ros_msgs/include/micro_ros_msgs/micro_ros_msgs/msg/detail/graph__functions.c
[26.752s] -- Installing: /home/fokker/SMR_2_GKN_Fokkker/ros_ws/install/micro_ros_msgs/include/micro_ros_msgs/micro_ros_msgs/msg/detail/entity__type_support.h
[26.754s] -- Installing: /home/fokker/SMR_2_GKN_Fokkker/ros_ws/install/micro_ros_msgs/include/micro_ros_msgs/micro_ros_msgs/msg/detail/graph__functions.h
[26.755s] -- Installing: /home/fokker/SMR_2_GKN_Fokkker/ros_ws/install/micro_ros_msgs/include/micro_ros_msgs/micro_ros_msgs/msg/detail/node__struct.h
[26.756s] -- Installing: /home/fokker/SMR_2_GKN_Fokkker/ros_ws/install/micro_ros_msgs/include/micro_ros_msgs/micro_ros_msgs/msg/detail/graph__struct.h
[26.757s] -- Installing: /home/fokker/SMR_2_GKN_Fokkker/ros_ws/install/micro_ros_msgs/include/micro_ros_msgs/micro_ros_msgs/msg/detail/node__functions.h
[26.758s] -- Installing: /home/fokker/SMR_2_GKN_Fokkker/ros_ws/install/micro_ros_msgs/include/micro_ros_msgs/micro_ros_msgs/msg/graph.h
[26.760s] -- Installing: /home/fokker/SMR_2_GKN_Fokkker/ros_ws/install/micro_ros_msgs/share/micro_ros_msgs/environment/library_path.sh
[26.761s] -- Installing: /home/fokker/SMR_2_GKN_Fokkker/ros_ws/install/micro_ros_msgs/share/micro_ros_msgs/environment/library_path.dsv
[26.763s] -- Installing: /home/fokker/SMR_2_GKN_Fokkker/ros_ws/install/micro_ros_msgs/lib/libmicro_ros_msgs__rosidl_generator_c.so
[26.766s] -- Set runtime path of "/home/fokker/SMR_2_GKN_Fokkker/ros_ws/install/micro_ros_msgs/lib/libmicro_ros_msgs__rosidl_generator_c.so" to ""
[26.766s] -- Up-to-date: /home/fokker/SMR_2_GKN_Fokkker/ros_ws/install/micro_ros_msgs/include/micro_ros_msgs/micro_ros_msgs
[26.767s] -- Up-to-date: /home/fokker/SMR_2_GKN_Fokkker/ros_ws/install/micro_ros_msgs/include/micro_ros_msgs/micro_ros_msgs/msg
[26.767s] -- Up-to-date: /home/fokker/SMR_2_GKN_Fokkker/ros_ws/install/micro_ros_msgs/include/micro_ros_msgs/micro_ros_msgs/msg/detail
[26.767s] -- Installing: /home/fokker/SMR_2_GKN_Fokkker/ros_ws/install/micro_ros_msgs/include/micro_ros_msgs/micro_ros_msgs/msg/detail/node__rosidl_typesupport_fastrtps_c.h
[26.769s] -- Installing: /home/fokker/SMR_2_GKN_Fokkker/ros_ws/install/micro_ros_msgs/include/micro_ros_msgs/micro_ros_msgs/msg/detail/entity__rosidl_typesupport_fastrtps_c.h
[26.770s] -- Installing: /home/fokker/SMR_2_GKN_Fokkker/ros_ws/install/micro_ros_msgs/include/micro_ros_msgs/micro_ros_msgs/msg/detail/graph__rosidl_typesupport_fastrtps_c.h
[26.771s] -- Installing: /home/fokker/SMR_2_GKN_Fokkker/ros_ws/install/micro_ros_msgs/include/micro_ros_msgs/micro_ros_msgs/msg/rosidl_typesupport_fastrtps_c__visibility_control.h
[26.773s] -- Installing: /home/fokker/SMR_2_GKN_Fokkker/ros_ws/install/micro_ros_msgs/lib/libmicro_ros_msgs__rosidl_typesupport_fastrtps_c.so
[26.776s] -- Set runtime path of "/home/fokker/SMR_2_GKN_Fokkker/ros_ws/install/micro_ros_msgs/lib/libmicro_ros_msgs__rosidl_typesupport_fastrtps_c.so" to ""
[26.776s] -- Up-to-date: /home/fokker/SMR_2_GKN_Fokkker/ros_ws/install/micro_ros_msgs/include/micro_ros_msgs/micro_ros_msgs
[26.776s] -- Up-to-date: /home/fokker/SMR_2_GKN_Fokkker/ros_ws/install/micro_ros_msgs/include/micro_ros_msgs/micro_ros_msgs/msg
[26.777s] -- Up-to-date: /home/fokker/SMR_2_GKN_Fokkker/ros_ws/install/micro_ros_msgs/include/micro_ros_msgs/micro_ros_msgs/msg/detail
[26.777s] -- Installing: /home/fokker/SMR_2_GKN_Fokkker/ros_ws/install/micro_ros_msgs/include/micro_ros_msgs/micro_ros_msgs/msg/detail/entity__rosidl_typesupport_introspection_c.h
[26.779s] -- Installing: /home/fokker/SMR_2_GKN_Fokkker/ros_ws/install/micro_ros_msgs/include/micro_ros_msgs/micro_ros_msgs/msg/detail/graph__type_support.c
[26.780s] -- Installing: /home/fokker/SMR_2_GKN_Fokkker/ros_ws/install/micro_ros_msgs/include/micro_ros_msgs/micro_ros_msgs/msg/detail/graph__rosidl_typesupport_introspection_c.h
[26.781s] -- Installing: /home/fokker/SMR_2_GKN_Fokkker/ros_ws/install/micro_ros_msgs/include/micro_ros_msgs/micro_ros_msgs/msg/detail/node__type_support.c
[26.783s] -- Installing: /home/fokker/SMR_2_GKN_Fokkker/ros_ws/install/micro_ros_msgs/include/micro_ros_msgs/micro_ros_msgs/msg/detail/node__rosidl_typesupport_introspection_c.h
[26.784s] -- Installing: /home/fokker/SMR_2_GKN_Fokkker/ros_ws/install/micro_ros_msgs/include/micro_ros_msgs/micro_ros_msgs/msg/detail/entity__type_support.c
[26.785s] -- Installing: /home/fokker/SMR_2_GKN_Fokkker/ros_ws/install/micro_ros_msgs/include/micro_ros_msgs/micro_ros_msgs/msg/rosidl_typesupport_introspection_c__visibility_control.h
[26.787s] -- Installing: /home/fokker/SMR_2_GKN_Fokkker/ros_ws/install/micro_ros_msgs/lib/libmicro_ros_msgs__rosidl_typesupport_introspection_c.so
[26.790s] -- Set runtime path of "/home/fokker/SMR_2_GKN_Fokkker/ros_ws/install/micro_ros_msgs/lib/libmicro_ros_msgs__rosidl_typesupport_introspection_c.so" to ""
[26.790s] -- Installing: /home/fokker/SMR_2_GKN_Fokkker/ros_ws/install/micro_ros_msgs/lib/libmicro_ros_msgs__rosidl_typesupport_c.so
[26.793s] -- Set runtime path of "/home/fokker/SMR_2_GKN_Fokkker/ros_ws/install/micro_ros_msgs/lib/libmicro_ros_msgs__rosidl_typesupport_c.so" to ""
[26.793s] -- Up-to-date: /home/fokker/SMR_2_GKN_Fokkker/ros_ws/install/micro_ros_msgs/include/micro_ros_msgs/micro_ros_msgs
[26.793s] -- Up-to-date: /home/fokker/SMR_2_GKN_Fokkker/ros_ws/install/micro_ros_msgs/include/micro_ros_msgs/micro_ros_msgs/msg
[26.794s] -- Installing: /home/fokker/SMR_2_GKN_Fokkker/ros_ws/install/micro_ros_msgs/include/micro_ros_msgs/micro_ros_msgs/msg/graph.hpp
[26.795s] -- Up-to-date: /home/fokker/SMR_2_GKN_Fokkker/ros_ws/install/micro_ros_msgs/include/micro_ros_msgs/micro_ros_msgs/msg/detail
[26.795s] -- Installing: /home/fokker/SMR_2_GKN_Fokkker/ros_ws/install/micro_ros_msgs/include/micro_ros_msgs/micro_ros_msgs/msg/detail/entity__builder.hpp
[26.796s] -- Installing: /home/fokker/SMR_2_GKN_Fokkker/ros_ws/install/micro_ros_msgs/include/micro_ros_msgs/micro_ros_msgs/msg/detail/node__struct.hpp
[26.798s] -- Installing: /home/fokker/SMR_2_GKN_Fokkker/ros_ws/install/micro_ros_msgs/include/micro_ros_msgs/micro_ros_msgs/msg/detail/node__traits.hpp
[26.799s] -- Installing: /home/fokker/SMR_2_GKN_Fokkker/ros_ws/install/micro_ros_msgs/include/micro_ros_msgs/micro_ros_msgs/msg/detail/graph__builder.hpp
[26.800s] -- Installing: /home/fokker/SMR_2_GKN_Fokkker/ros_ws/install/micro_ros_msgs/include/micro_ros_msgs/micro_ros_msgs/msg/detail/node__builder.hpp
[26.801s] -- Installing: /home/fokker/SMR_2_GKN_Fokkker/ros_ws/install/micro_ros_msgs/include/micro_ros_msgs/micro_ros_msgs/msg/detail/entity__struct.hpp
[26.802s] -- Installing: /home/fokker/SMR_2_GKN_Fokkker/ros_ws/install/micro_ros_msgs/include/micro_ros_msgs/micro_ros_msgs/msg/detail/graph__struct.hpp
[26.804s] -- Installing: /home/fokker/SMR_2_GKN_Fokkker/ros_ws/install/micro_ros_msgs/include/micro_ros_msgs/micro_ros_msgs/msg/detail/entity__traits.hpp
[26.805s] -- Installing: /home/fokker/SMR_2_GKN_Fokkker/ros_ws/install/micro_ros_msgs/include/micro_ros_msgs/micro_ros_msgs/msg/detail/graph__traits.hpp
[26.806s] -- Installing: /home/fokker/SMR_2_GKN_Fokkker/ros_ws/install/micro_ros_msgs/include/micro_ros_msgs/micro_ros_msgs/msg/node.hpp
[26.807s] -- Installing: /home/fokker/SMR_2_GKN_Fokkker/ros_ws/install/micro_ros_msgs/include/micro_ros_msgs/micro_ros_msgs/msg/entity.hpp
[26.808s] -- Up-to-date: /home/fokker/SMR_2_GKN_Fokkker/ros_ws/install/micro_ros_msgs/include/micro_ros_msgs/micro_ros_msgs
[26.809s] -- Up-to-date: /home/fokker/SMR_2_GKN_Fokkker/ros_ws/install/micro_ros_msgs/include/micro_ros_msgs/micro_ros_msgs/msg
[26.810s] -- Installing: /home/fokker/SMR_2_GKN_Fokkker/ros_ws/install/micro_ros_msgs/include/micro_ros_msgs/micro_ros_msgs/msg/rosidl_typesupport_fastrtps_cpp__visibility_control.h
[26.810s] -- Up-to-date: /home/fokker/SMR_2_GKN_Fokkker/ros_ws/install/micro_ros_msgs/include/micro_ros_msgs/micro_ros_msgs/msg/detail
[26.811s] -- Installing: /home/fokker/SMR_2_GKN_Fokkker/ros_ws/install/micro_ros_msgs/include/micro_ros_msgs/micro_ros_msgs/msg/detail/node__rosidl_typesupport_fastrtps_cpp.hpp
[26.812s] -- Installing: /home/fokker/SMR_2_GKN_Fokkker/ros_ws/install/micro_ros_msgs/include/micro_ros_msgs/micro_ros_msgs/msg/detail/dds_fastrtps
[26.813s] -- Installing: /home/fokker/SMR_2_GKN_Fokkker/ros_ws/install/micro_ros_msgs/include/micro_ros_msgs/micro_ros_msgs/msg/detail/graph__rosidl_typesupport_fastrtps_cpp.hpp
[26.815s] -- Installing: /home/fokker/SMR_2_GKN_Fokkker/ros_ws/install/micro_ros_msgs/include/micro_ros_msgs/micro_ros_msgs/msg/detail/entity__rosidl_typesupport_fastrtps_cpp.hpp
[26.816s] -- Installing: /home/fokker/SMR_2_GKN_Fokkker/ros_ws/install/micro_ros_msgs/lib/libmicro_ros_msgs__rosidl_typesupport_fastrtps_cpp.so
[26.820s] -- Set runtime path of "/home/fokker/SMR_2_GKN_Fokkker/ros_ws/install/micro_ros_msgs/lib/libmicro_ros_msgs__rosidl_typesupport_fastrtps_cpp.so" to ""
[26.821s] -- Up-to-date: /home/fokker/SMR_2_GKN_Fokkker/ros_ws/install/micro_ros_msgs/include/micro_ros_msgs/micro_ros_msgs
[26.821s] -- Up-to-date: /home/fokker/SMR_2_GKN_Fokkker/ros_ws/install/micro_ros_msgs/include/micro_ros_msgs/micro_ros_msgs/msg
[26.822s] -- Up-to-date: /home/fokker/SMR_2_GKN_Fokkker/ros_ws/install/micro_ros_msgs/include/micro_ros_msgs/micro_ros_msgs/msg/detail
[26.822s] -- Installing: /home/fokker/SMR_2_GKN_Fokkker/ros_ws/install/micro_ros_msgs/include/micro_ros_msgs/micro_ros_msgs/msg/detail/node__type_support.cpp
[26.823s] -- Installing: /home/fokker/SMR_2_GKN_Fokkker/ros_ws/install/micro_ros_msgs/include/micro_ros_msgs/micro_ros_msgs/msg/detail/graph__type_support.cpp
[26.824s] -- Installing: /home/fokker/SMR_2_GKN_Fokkker/ros_ws/install/micro_ros_msgs/include/micro_ros_msgs/micro_ros_msgs/msg/detail/entity__type_support.cpp
[26.826s] -- Installing: /home/fokker/SMR_2_GKN_Fokkker/ros_ws/install/micro_ros_msgs/include/micro_ros_msgs/micro_ros_msgs/msg/detail/entity__rosidl_typesupport_introspection_cpp.hpp
[26.827s] -- Installing: /home/fokker/SMR_2_GKN_Fokkker/ros_ws/install/micro_ros_msgs/include/micro_ros_msgs/micro_ros_msgs/msg/detail/graph__rosidl_typesupport_introspection_cpp.hpp
[26.829s] -- Installing: /home/fokker/SMR_2_GKN_Fokkker/ros_ws/install/micro_ros_msgs/include/micro_ros_msgs/micro_ros_msgs/msg/detail/node__rosidl_typesupport_introspection_cpp.hpp
[26.830s] -- Installing: /home/fokker/SMR_2_GKN_Fokkker/ros_ws/install/micro_ros_msgs/lib/libmicro_ros_msgs__rosidl_typesupport_introspection_cpp.so
[26.834s] -- Set runtime path of "/home/fokker/SMR_2_GKN_Fokkker/ros_ws/install/micro_ros_msgs/lib/libmicro_ros_msgs__rosidl_typesupport_introspection_cpp.so" to ""
[26.835s] -- Installing: /home/fokker/SMR_2_GKN_Fokkker/ros_ws/install/micro_ros_msgs/lib/libmicro_ros_msgs__rosidl_typesupport_cpp.so
[26.837s] -- Set runtime path of "/home/fokker/SMR_2_GKN_Fokkker/ros_ws/install/micro_ros_msgs/lib/libmicro_ros_msgs__rosidl_typesupport_cpp.so" to ""
[26.838s] -- Installing: /home/fokker/SMR_2_GKN_Fokkker/ros_ws/install/micro_ros_msgs/share/micro_ros_msgs/environment/pythonpath.sh
[26.839s] -- Installing: /home/fokker/SMR_2_GKN_Fokkker/ros_ws/install/micro_ros_msgs/share/micro_ros_msgs/environment/pythonpath.dsv
[26.840s] -- Installing: /home/fokker/SMR_2_GKN_Fokkker/ros_ws/install/micro_ros_msgs/local/lib/python3.10/dist-packages/micro_ros_msgs-3.0.1-py3.10.egg-info
[26.841s] -- Installing: /home/fokker/SMR_2_GKN_Fokkker/ros_ws/install/micro_ros_msgs/local/lib/python3.10/dist-packages/micro_ros_msgs-3.0.1-py3.10.egg-info/PKG-INFO
[26.842s] -- Installing: /home/fokker/SMR_2_GKN_Fokkker/ros_ws/install/micro_ros_msgs/local/lib/python3.10/dist-packages/micro_ros_msgs-3.0.1-py3.10.egg-info/top_level.txt
[26.843s] -- Installing: /home/fokker/SMR_2_GKN_Fokkker/ros_ws/install/micro_ros_msgs/local/lib/python3.10/dist-packages/micro_ros_msgs-3.0.1-py3.10.egg-info/dependency_links.txt
[26.845s] -- Installing: /home/fokker/SMR_2_GKN_Fokkker/ros_ws/install/micro_ros_msgs/local/lib/python3.10/dist-packages/micro_ros_msgs-3.0.1-py3.10.egg-info/SOURCES.txt
[26.846s] -- Installing: /home/fokker/SMR_2_GKN_Fokkker/ros_ws/install/micro_ros_msgs/local/lib/python3.10/dist-packages/micro_ros_msgs
[26.847s] -- Installing: /home/fokker/SMR_2_GKN_Fokkker/ros_ws/install/micro_ros_msgs/local/lib/python3.10/dist-packages/micro_ros_msgs/msg
[26.848s] -- Installing: /home/fokker/SMR_2_GKN_Fokkker/ros_ws/install/micro_ros_msgs/local/lib/python3.10/dist-packages/micro_ros_msgs/msg/_node_s.c
[26.849s] -- Installing: /home/fokker/SMR_2_GKN_Fokkker/ros_ws/install/micro_ros_msgs/local/lib/python3.10/dist-packages/micro_ros_msgs/msg/_graph.py
[26.850s] -- Installing: /home/fokker/SMR_2_GKN_Fokkker/ros_ws/install/micro_ros_msgs/local/lib/python3.10/dist-packages/micro_ros_msgs/msg/__init__.py
[26.851s] -- Installing: /home/fokker/SMR_2_GKN_Fokkker/ros_ws/install/micro_ros_msgs/local/lib/python3.10/dist-packages/micro_ros_msgs/msg/_entity_s.c
[26.852s] -- Installing: /home/fokker/SMR_2_GKN_Fokkker/ros_ws/install/micro_ros_msgs/local/lib/python3.10/dist-packages/micro_ros_msgs/msg/_graph_s.c
[26.854s] -- Installing: /home/fokker/SMR_2_GKN_Fokkker/ros_ws/install/micro_ros_msgs/local/lib/python3.10/dist-packages/micro_ros_msgs/msg/_node.py
[26.855s] -- Installing: /home/fokker/SMR_2_GKN_Fokkker/ros_ws/install/micro_ros_msgs/local/lib/python3.10/dist-packages/micro_ros_msgs/msg/_entity.py
[26.856s] -- Installing: /home/fokker/SMR_2_GKN_Fokkker/ros_ws/install/micro_ros_msgs/local/lib/python3.10/dist-packages/micro_ros_msgs/micro_ros_msgs_s__rosidl_typesupport_c.cpython-310-aarch64-linux-gnu.so
[26.857s] -- Installing: /home/fokker/SMR_2_GKN_Fokkker/ros_ws/install/micro_ros_msgs/local/lib/python3.10/dist-packages/micro_ros_msgs/__init__.py
[26.858s] -- Installing: /home/fokker/SMR_2_GKN_Fokkker/ros_ws/install/micro_ros_msgs/local/lib/python3.10/dist-packages/micro_ros_msgs/_micro_ros_msgs_s.ep.rosidl_typesupport_c.c
[26.860s] -- Installing: /home/fokker/SMR_2_GKN_Fokkker/ros_ws/install/micro_ros_msgs/local/lib/python3.10/dist-packages/micro_ros_msgs/micro_ros_msgs_s__rosidl_typesupport_fastrtps_c.cpython-310-aarch64-linux-gnu.so
[26.861s] -- Installing: /home/fokker/SMR_2_GKN_Fokkker/ros_ws/install/micro_ros_msgs/local/lib/python3.10/dist-packages/micro_ros_msgs/_micro_ros_msgs_s.ep.rosidl_typesupport_introspection_c.c
[26.863s] -- Installing: /home/fokker/SMR_2_GKN_Fokkker/ros_ws/install/micro_ros_msgs/local/lib/python3.10/dist-packages/micro_ros_msgs/_micro_ros_msgs_s.ep.rosidl_typesupport_fastrtps_c.c
[26.864s] -- Installing: /home/fokker/SMR_2_GKN_Fokkker/ros_ws/install/micro_ros_msgs/local/lib/python3.10/dist-packages/micro_ros_msgs/micro_ros_msgs_s__rosidl_typesupport_introspection_c.cpython-310-aarch64-linux-gnu.so
[26.866s] -- Installing: /home/fokker/SMR_2_GKN_Fokkker/ros_ws/install/micro_ros_msgs/local/lib/python3.10/dist-packages/micro_ros_msgs/libmicro_ros_msgs__rosidl_generator_py.so
[27.024s] Listing '/home/fokker/SMR_2_GKN_Fokkker/ros_ws/install/micro_ros_msgs/local/lib/python3.10/dist-packages/micro_ros_msgs'...
[27.025s] Compiling '/home/fokker/SMR_2_GKN_Fokkker/ros_ws/install/micro_ros_msgs/local/lib/python3.10/dist-packages/micro_ros_msgs/__init__.py'...
[27.027s] Listing '/home/fokker/SMR_2_GKN_Fokkker/ros_ws/install/micro_ros_msgs/local/lib/python3.10/dist-packages/micro_ros_msgs/msg'...
[27.028s] Compiling '/home/fokker/SMR_2_GKN_Fokkker/ros_ws/install/micro_ros_msgs/local/lib/python3.10/dist-packages/micro_ros_msgs/msg/__init__.py'...
[27.029s] Compiling '/home/fokker/SMR_2_GKN_Fokkker/ros_ws/install/micro_ros_msgs/local/lib/python3.10/dist-packages/micro_ros_msgs/msg/_entity.py'...
[27.030s] Compiling '/home/fokker/SMR_2_GKN_Fokkker/ros_ws/install/micro_ros_msgs/local/lib/python3.10/dist-packages/micro_ros_msgs/msg/_graph.py'...
[27.031s] Compiling '/home/fokker/SMR_2_GKN_Fokkker/ros_ws/install/micro_ros_msgs/local/lib/python3.10/dist-packages/micro_ros_msgs/msg/_node.py'...
[27.050s] -- Installing: /home/fokker/SMR_2_GKN_Fokkker/ros_ws/install/micro_ros_msgs/local/lib/python3.10/dist-packages/micro_ros_msgs/micro_ros_msgs_s__rosidl_typesupport_fastrtps_c.cpython-310-aarch64-linux-gnu.so
[27.053s] -- Set runtime path of "/home/fokker/SMR_2_GKN_Fokkker/ros_ws/install/micro_ros_msgs/local/lib/python3.10/dist-packages/micro_ros_msgs/micro_ros_msgs_s__rosidl_typesupport_fastrtps_c.cpython-310-aarch64-linux-gnu.so" to ""
[27.054s] -- Installing: /home/fokker/SMR_2_GKN_Fokkker/ros_ws/install/micro_ros_msgs/local/lib/python3.10/dist-packages/micro_ros_msgs/micro_ros_msgs_s__rosidl_typesupport_introspection_c.cpython-310-aarch64-linux-gnu.so
[27.057s] -- Set runtime path of "/home/fokker/SMR_2_GKN_Fokkker/ros_ws/install/micro_ros_msgs/local/lib/python3.10/dist-packages/micro_ros_msgs/micro_ros_msgs_s__rosidl_typesupport_introspection_c.cpython-310-aarch64-linux-gnu.so" to ""
[27.059s] -- Installing: /home/fokker/SMR_2_GKN_Fokkker/ros_ws/install/micro_ros_msgs/local/lib/python3.10/dist-packages/micro_ros_msgs/micro_ros_msgs_s__rosidl_typesupport_c.cpython-310-aarch64-linux-gnu.so
[27.062s] -- Set runtime path of "/home/fokker/SMR_2_GKN_Fokkker/ros_ws/install/micro_ros_msgs/local/lib/python3.10/dist-packages/micro_ros_msgs/micro_ros_msgs_s__rosidl_typesupport_c.cpython-310-aarch64-linux-gnu.so" to ""
[27.063s] -- Installing: /home/fokker/SMR_2_GKN_Fokkker/ros_ws/install/micro_ros_msgs/lib/libmicro_ros_msgs__rosidl_generator_py.so
[27.066s] -- Set runtime path of "/home/fokker/SMR_2_GKN_Fokkker/ros_ws/install/micro_ros_msgs/lib/libmicro_ros_msgs__rosidl_generator_py.so" to ""
[27.066s] -- Installing: /home/fokker/SMR_2_GKN_Fokkker/ros_ws/install/micro_ros_msgs/share/micro_ros_msgs/msg/Graph.idl
[27.068s] -- Installing: /home/fokker/SMR_2_GKN_Fokkker/ros_ws/install/micro_ros_msgs/share/micro_ros_msgs/msg/Node.idl
[27.069s] -- Installing: /home/fokker/SMR_2_GKN_Fokkker/ros_ws/install/micro_ros_msgs/share/micro_ros_msgs/msg/Entity.idl
[27.070s] -- Installing: /home/fokker/SMR_2_GKN_Fokkker/ros_ws/install/micro_ros_msgs/share/micro_ros_msgs/msg/Graph.msg
[27.071s] -- Installing: /home/fokker/SMR_2_GKN_Fokkker/ros_ws/install/micro_ros_msgs/share/micro_ros_msgs/msg/Node.msg
[27.073s] -- Installing: /home/fokker/SMR_2_GKN_Fokkker/ros_ws/install/micro_ros_msgs/share/micro_ros_msgs/msg/Entity.msg
[27.074s] -- Installing: /home/fokker/SMR_2_GKN_Fokkker/ros_ws/install/micro_ros_msgs/share/ament_index/resource_index/package_run_dependencies/micro_ros_msgs
[27.076s] -- Installing: /home/fokker/SMR_2_GKN_Fokkker/ros_ws/install/micro_ros_msgs/share/ament_index/resource_index/parent_prefix_path/micro_ros_msgs
[27.077s] -- Installing: /home/fokker/SMR_2_GKN_Fokkker/ros_ws/install/micro_ros_msgs/share/micro_ros_msgs/environment/ament_prefix_path.sh
[27.079s] -- Installing: /home/fokker/SMR_2_GKN_Fokkker/ros_ws/install/micro_ros_msgs/share/micro_ros_msgs/environment/ament_prefix_path.dsv
[27.080s] -- Installing: /home/fokker/SMR_2_GKN_Fokkker/ros_ws/install/micro_ros_msgs/share/micro_ros_msgs/environment/path.sh
[27.082s] -- Installing: /home/fokker/SMR_2_GKN_Fokkker/ros_ws/install/micro_ros_msgs/share/micro_ros_msgs/environment/path.dsv
[27.083s] -- Installing: /home/fokker/SMR_2_GKN_Fokkker/ros_ws/install/micro_ros_msgs/share/micro_ros_msgs/local_setup.bash
[27.084s] -- Installing: /home/fokker/SMR_2_GKN_Fokkker/ros_ws/install/micro_ros_msgs/share/micro_ros_msgs/local_setup.sh
[27.086s] -- Installing: /home/fokker/SMR_2_GKN_Fokkker/ros_ws/install/micro_ros_msgs/share/micro_ros_msgs/local_setup.zsh
[27.087s] -- Installing: /home/fokker/SMR_2_GKN_Fokkker/ros_ws/install/micro_ros_msgs/share/micro_ros_msgs/local_setup.dsv
[27.088s] -- Installing: /home/fokker/SMR_2_GKN_Fokkker/ros_ws/install/micro_ros_msgs/share/micro_ros_msgs/package.dsv
[27.090s] -- Installing: /home/fokker/SMR_2_GKN_Fokkker/ros_ws/install/micro_ros_msgs/share/ament_index/resource_index/packages/micro_ros_msgs
[27.091s] -- Installing: /home/fokker/SMR_2_GKN_Fokkker/ros_ws/install/micro_ros_msgs/share/micro_ros_msgs/cmake/export_micro_ros_msgs__rosidl_generator_cExport.cmake
[27.093s] -- Installing: /home/fokker/SMR_2_GKN_Fokkker/ros_ws/install/micro_ros_msgs/share/micro_ros_msgs/cmake/export_micro_ros_msgs__rosidl_generator_cExport-noconfig.cmake
[27.095s] -- Installing: /home/fokker/SMR_2_GKN_Fokkker/ros_ws/install/micro_ros_msgs/share/micro_ros_msgs/cmake/export_micro_ros_msgs__rosidl_typesupport_fastrtps_cExport.cmake
[27.096s] -- Installing: /home/fokker/SMR_2_GKN_Fokkker/ros_ws/install/micro_ros_msgs/share/micro_ros_msgs/cmake/export_micro_ros_msgs__rosidl_typesupport_fastrtps_cExport-noconfig.cmake
[27.098s] -- Installing: /home/fokker/SMR_2_GKN_Fokkker/ros_ws/install/micro_ros_msgs/share/micro_ros_msgs/cmake/micro_ros_msgs__rosidl_typesupport_introspection_cExport.cmake
[27.100s] -- Installing: /home/fokker/SMR_2_GKN_Fokkker/ros_ws/install/micro_ros_msgs/share/micro_ros_msgs/cmake/micro_ros_msgs__rosidl_typesupport_introspection_cExport-noconfig.cmake
[27.101s] -- Installing: /home/fokker/SMR_2_GKN_Fokkker/ros_ws/install/micro_ros_msgs/share/micro_ros_msgs/cmake/micro_ros_msgs__rosidl_typesupport_cExport.cmake
[27.103s] -- Installing: /home/fokker/SMR_2_GKN_Fokkker/ros_ws/install/micro_ros_msgs/share/micro_ros_msgs/cmake/micro_ros_msgs__rosidl_typesupport_cExport-noconfig.cmake
[27.104s] -- Installing: /home/fokker/SMR_2_GKN_Fokkker/ros_ws/install/micro_ros_msgs/share/micro_ros_msgs/cmake/export_micro_ros_msgs__rosidl_generator_cppExport.cmake
[27.106s] -- Installing: /home/fokker/SMR_2_GKN_Fokkker/ros_ws/install/micro_ros_msgs/share/micro_ros_msgs/cmake/export_micro_ros_msgs__rosidl_typesupport_fastrtps_cppExport.cmake
[27.107s] -- Installing: /home/fokker/SMR_2_GKN_Fokkker/ros_ws/install/micro_ros_msgs/share/micro_ros_msgs/cmake/export_micro_ros_msgs__rosidl_typesupport_fastrtps_cppExport-noconfig.cmake
[27.109s] -- Installing: /home/fokker/SMR_2_GKN_Fokkker/ros_ws/install/micro_ros_msgs/share/micro_ros_msgs/cmake/micro_ros_msgs__rosidl_typesupport_introspection_cppExport.cmake
[27.111s] -- Installing: /home/fokker/SMR_2_GKN_Fokkker/ros_ws/install/micro_ros_msgs/share/micro_ros_msgs/cmake/micro_ros_msgs__rosidl_typesupport_introspection_cppExport-noconfig.cmake
[27.112s] -- Installing: /home/fokker/SMR_2_GKN_Fokkker/ros_ws/install/micro_ros_msgs/share/micro_ros_msgs/cmake/micro_ros_msgs__rosidl_typesupport_cppExport.cmake
[27.114s] -- Installing: /home/fokker/SMR_2_GKN_Fokkker/ros_ws/install/micro_ros_msgs/share/micro_ros_msgs/cmake/micro_ros_msgs__rosidl_typesupport_cppExport-noconfig.cmake
[27.116s] -- Installing: /home/fokker/SMR_2_GKN_Fokkker/ros_ws/install/micro_ros_msgs/share/micro_ros_msgs/cmake/export_micro_ros_msgs__rosidl_generator_pyExport.cmake
[27.117s] -- Installing: /home/fokker/SMR_2_GKN_Fokkker/ros_ws/install/micro_ros_msgs/share/micro_ros_msgs/cmake/export_micro_ros_msgs__rosidl_generator_pyExport-noconfig.cmake
[27.119s] -- Installing: /home/fokker/SMR_2_GKN_Fokkker/ros_ws/install/micro_ros_msgs/share/micro_ros_msgs/cmake/rosidl_cmake-extras.cmake
[27.120s] -- Installing: /home/fokker/SMR_2_GKN_Fokkker/ros_ws/install/micro_ros_msgs/share/micro_ros_msgs/cmake/ament_cmake_export_include_directories-extras.cmake
[27.122s] -- Installing: /home/fokker/SMR_2_GKN_Fokkker/ros_ws/install/micro_ros_msgs/share/micro_ros_msgs/cmake/ament_cmake_export_libraries-extras.cmake
[27.123s] -- Installing: /home/fokker/SMR_2_GKN_Fokkker/ros_ws/install/micro_ros_msgs/share/micro_ros_msgs/cmake/ament_cmake_export_targets-extras.cmake
[27.125s] -- Installing: /home/fokker/SMR_2_GKN_Fokkker/ros_ws/install/micro_ros_msgs/share/micro_ros_msgs/cmake/rosidl_cmake_export_typesupport_targets-extras.cmake
[27.126s] -- Installing: /home/fokker/SMR_2_GKN_Fokkker/ros_ws/install/micro_ros_msgs/share/micro_ros_msgs/cmake/ament_cmake_export_dependencies-extras.cmake
[27.127s] -- Installing: /home/fokker/SMR_2_GKN_Fokkker/ros_ws/install/micro_ros_msgs/share/micro_ros_msgs/cmake/rosidl_cmake_export_typesupport_libraries-extras.cmake
[27.129s] -- Installing: /home/fokker/SMR_2_GKN_Fokkker/ros_ws/install/micro_ros_msgs/share/micro_ros_msgs/cmake/micro_ros_msgsConfig.cmake
[27.130s] -- Installing: /home/fokker/SMR_2_GKN_Fokkker/ros_ws/install/micro_ros_msgs/share/micro_ros_msgs/cmake/micro_ros_msgsConfig-version.cmake
[27.131s] -- Installing: /home/fokker/SMR_2_GKN_Fokkker/ros_ws/install/micro_ros_msgs/share/micro_ros_msgs/package.xml
[27.139s] Invoked command in '/home/fokker/SMR_2_GKN_Fokkker/ros_ws/build/micro_ros_msgs' returned '0': CMAKE_PREFIX_PATH=${CMAKE_PREFIX_PATH}:/opt/ros/humble /usr/bin/cmake --install /home/fokker/SMR_2_GKN_Fokkker/ros_ws/build/micro_ros_msgs
