[0.073s] Invoking command in '/home/fokker/SMR_2_GKN_Fokkker/ros_ws/build/micro_ros_setup': CMAKE_PREFIX_PATH=${CMAKE_PREFIX_PATH}:/opt/ros/humble /usr/bin/cmake /home/fokker/SMR_2_GKN_Fokkker/ros_ws/src/src/micro_ros_setup -DCMAKE_INSTALL_PREFIX=/home/fokker/SMR_2_GKN_Fokkker/ros_ws/install/micro_ros_setup
[2.027s] -- The C compiler identification is GNU 11.4.0
[2.828s] -- The CXX compiler identification is GNU 11.4.0
[2.873s] -- Detecting C compiler ABI info
[3.211s] -- Detecting C compiler ABI info - done
[3.236s] -- Check for working C compiler: /usr/bin/cc - skipped
[3.238s] -- Detecting C compile features
[3.240s] -- Detecting C compile features - done
[3.253s] -- Detecting CXX compiler ABI info
[3.613s] -- Detecting CXX compiler ABI info - done
[3.640s] -- Check for working CXX compiler: /usr/bin/c++ - skipped
[3.641s] -- Detecting CXX compile features
[3.643s] -- Detecting CXX compile features - done
[3.675s] -- Found ament_cmake: 1.3.10 (/opt/ros/humble/share/ament_cmake/cmake)
[4.382s] -- Found Python3: /usr/bin/python3 (found version "3.10.12") found components: Interpreter 
[4.970s] -- Found ament_lint_auto: 0.12.11 (/opt/ros/humble/share/ament_lint_auto/cmake)
[5.438s] -- Added test 'copyright' to check source files copyright and LICENSE
[5.707s] -- Added test 'flake8' to check Python code syntax and style conventions
[5.740s] -- Added test 'lint_cmake' to check CMake code style
[5.758s] -- Added test 'pep257' to check Python code against some of the docstring style conventions in PEP 257
[5.900s] -- Added test 'xmllint' to check XML markup files
[5.909s] -- Configuring done
[5.930s] -- Generating done
[5.938s] -- Build files have been written to: /home/fokker/SMR_2_GKN_Fokkker/ros_ws/build/micro_ros_setup
[5.953s] Invoked command in '/home/fokker/SMR_2_GKN_Fokkker/ros_ws/build/micro_ros_setup' returned '0': CMAKE_PREFIX_PATH=${CMAKE_PREFIX_PATH}:/opt/ros/humble /usr/bin/cmake /home/fokker/SMR_2_GKN_Fokkker/ros_ws/src/src/micro_ros_setup -DCMAKE_INSTALL_PREFIX=/home/fokker/SMR_2_GKN_Fokkker/ros_ws/install/micro_ros_setup
[5.961s] Invoking command in '/home/fokker/SMR_2_GKN_Fokkker/ros_ws/build/micro_ros_setup': CMAKE_PREFIX_PATH=${CMAKE_PREFIX_PATH}:/opt/ros/humble /usr/bin/cmake --build /home/fokker/SMR_2_GKN_Fokkker/ros_ws/build/micro_ros_setup -- -j4 -l4
[6.104s] Invoked command in '/home/fokker/SMR_2_GKN_Fokkker/ros_ws/build/micro_ros_setup' returned '0': CMAKE_PREFIX_PATH=${CMAKE_PREFIX_PATH}:/opt/ros/humble /usr/bin/cmake --build /home/fokker/SMR_2_GKN_Fokkker/ros_ws/build/micro_ros_setup -- -j4 -l4
[6.115s] Invoking command in '/home/fokker/SMR_2_GKN_Fokkker/ros_ws/build/micro_ros_setup': CMAKE_PREFIX_PATH=${CMAKE_PREFIX_PATH}:/opt/ros/humble /usr/bin/cmake --install /home/fokker/SMR_2_GKN_Fokkker/ros_ws/build/micro_ros_setup
[6.141s] -- Install configuration: ""
[6.142s] -- Installing: /home/fokker/SMR_2_GKN_Fokkker/ros_ws/install/micro_ros_setup/share/ament_index/resource_index/package_run_dependencies/micro_ros_setup
[6.144s] -- Installing: /home/fokker/SMR_2_GKN_Fokkker/ros_ws/install/micro_ros_setup/share/ament_index/resource_index/parent_prefix_path/micro_ros_setup
[6.146s] -- Installing: /home/fokker/SMR_2_GKN_Fokkker/ros_ws/install/micro_ros_setup/share/micro_ros_setup/environment/ament_prefix_path.sh
[6.147s] -- Installing: /home/fokker/SMR_2_GKN_Fokkker/ros_ws/install/micro_ros_setup/share/micro_ros_setup/environment/ament_prefix_path.dsv
[6.148s] -- Installing: /home/fokker/SMR_2_GKN_Fokkker/ros_ws/install/micro_ros_setup/share/micro_ros_setup/environment/path.sh
[6.149s] -- Installing: /home/fokker/SMR_2_GKN_Fokkker/ros_ws/install/micro_ros_setup/share/micro_ros_setup/environment/path.dsv
[6.151s] -- Installing: /home/fokker/SMR_2_GKN_Fokkker/ros_ws/install/micro_ros_setup/share/micro_ros_setup/local_setup.bash
[6.152s] -- Installing: /home/fokker/SMR_2_GKN_Fokkker/ros_ws/install/micro_ros_setup/share/micro_ros_setup/local_setup.sh
[6.153s] -- Installing: /home/fokker/SMR_2_GKN_Fokkker/ros_ws/install/micro_ros_setup/share/micro_ros_setup/local_setup.zsh
[6.154s] -- Installing: /home/fokker/SMR_2_GKN_Fokkker/ros_ws/install/micro_ros_setup/share/micro_ros_setup/local_setup.dsv
[6.156s] -- Installing: /home/fokker/SMR_2_GKN_Fokkker/ros_ws/install/micro_ros_setup/share/micro_ros_setup/package.dsv
[6.157s] -- Installing: /home/fokker/SMR_2_GKN_Fokkker/ros_ws/install/micro_ros_setup/share/ament_index/resource_index/packages/micro_ros_setup
[6.159s] -- Installing: /home/fokker/SMR_2_GKN_Fokkker/ros_ws/install/micro_ros_setup/share/micro_ros_setup/cmake/micro_ros_setupConfig.cmake
[6.160s] -- Installing: /home/fokker/SMR_2_GKN_Fokkker/ros_ws/install/micro_ros_setup/share/micro_ros_setup/cmake/micro_ros_setupConfig-version.cmake
[6.161s] -- Installing: /home/fokker/SMR_2_GKN_Fokkker/ros_ws/install/micro_ros_setup/share/micro_ros_setup/package.xml
[6.162s] -- Installing: /home/fokker/SMR_2_GKN_Fokkker/ros_ws/install/micro_ros_setup/./config
[6.163s] -- Installing: /home/fokker/SMR_2_GKN_Fokkker/ros_ws/install/micro_ros_setup/./config/android
[6.163s] -- Installing: /home/fokker/SMR_2_GKN_Fokkker/ros_ws/install/micro_ros_setup/./config/android/dev_ros2_packages.txt
[6.164s] -- Installing: /home/fokker/SMR_2_GKN_Fokkker/ros_ws/install/micro_ros_setup/./config/android/generic
[6.165s] -- Installing: /home/fokker/SMR_2_GKN_Fokkker/ros_ws/install/micro_ros_setup/./config/android/generic/flash.sh
[6.166s] -- Installing: /home/fokker/SMR_2_GKN_Fokkker/ros_ws/install/micro_ros_setup/./config/android/generic/build.sh
[6.167s] -- Installing: /home/fokker/SMR_2_GKN_Fokkker/ros_ws/install/micro_ros_setup/./config/android/generic/package.xml
[6.168s] -- Installing: /home/fokker/SMR_2_GKN_Fokkker/ros_ws/install/micro_ros_setup/./config/android/generic/client_uros_packages.repos
[6.169s] -- Installing: /home/fokker/SMR_2_GKN_Fokkker/ros_ws/install/micro_ros_setup/./config/android/generic/client-colcon.meta
[6.170s] -- Installing: /home/fokker/SMR_2_GKN_Fokkker/ros_ws/install/micro_ros_setup/./config/android/generic/create.sh
[6.171s] -- Installing: /home/fokker/SMR_2_GKN_Fokkker/ros_ws/install/micro_ros_setup/./config/android/dev_uros_packages.repos
[6.172s] -- Installing: /home/fokker/SMR_2_GKN_Fokkker/ros_ws/install/micro_ros_setup/./config/agent_uros_packages.repos
[6.173s] -- Installing: /home/fokker/SMR_2_GKN_Fokkker/ros_ws/install/micro_ros_setup/./config/client_ros2_packages.txt
[6.174s] -- Installing: /home/fokker/SMR_2_GKN_Fokkker/ros_ws/install/micro_ros_setup/./config/zephyr
[6.174s] -- Installing: /home/fokker/SMR_2_GKN_Fokkker/ros_ws/install/micro_ros_setup/./config/zephyr/dev_ros2_packages.txt
[6.175s] -- Installing: /home/fokker/SMR_2_GKN_Fokkker/ros_ws/install/micro_ros_setup/./config/zephyr/generic
[6.176s] -- Installing: /home/fokker/SMR_2_GKN_Fokkker/ros_ws/install/micro_ros_setup/./config/zephyr/generic/flash.sh
[6.177s] -- Installing: /home/fokker/SMR_2_GKN_Fokkker/ros_ws/install/micro_ros_setup/./config/zephyr/generic/build.sh
[6.178s] -- Installing: /home/fokker/SMR_2_GKN_Fokkker/ros_ws/install/micro_ros_setup/./config/zephyr/generic/package.xml
[6.179s] -- Installing: /home/fokker/SMR_2_GKN_Fokkker/ros_ws/install/micro_ros_setup/./config/zephyr/generic/client_uros_packages.repos
[6.179s] -- Installing: /home/fokker/SMR_2_GKN_Fokkker/ros_ws/install/micro_ros_setup/./config/zephyr/generic/configure.sh
[6.180s] -- Installing: /home/fokker/SMR_2_GKN_Fokkker/ros_ws/install/micro_ros_setup/./config/zephyr/generic/supported_platforms
[6.181s] -- Installing: /home/fokker/SMR_2_GKN_Fokkker/ros_ws/install/micro_ros_setup/./config/zephyr/generic/board.repos
[6.183s] -- Installing: /home/fokker/SMR_2_GKN_Fokkker/ros_ws/install/micro_ros_setup/./config/zephyr/generic/client-colcon.meta
[6.184s] -- Installing: /home/fokker/SMR_2_GKN_Fokkker/ros_ws/install/micro_ros_setup/./config/zephyr/generic/create.sh
[6.185s] -- Installing: /home/fokker/SMR_2_GKN_Fokkker/ros_ws/install/micro_ros_setup/./config/zephyr/dev_uros_packages.repos
[6.186s] -- Installing: /home/fokker/SMR_2_GKN_Fokkker/ros_ws/install/micro_ros_setup/./config/zephyr/list_apps.sh
[6.187s] -- Installing: /home/fokker/SMR_2_GKN_Fokkker/ros_ws/install/micro_ros_setup/./config/mbed
[6.187s] -- Installing: /home/fokker/SMR_2_GKN_Fokkker/ros_ws/install/micro_ros_setup/./config/mbed/dev_ros2_packages.txt
[6.188s] -- Installing: /home/fokker/SMR_2_GKN_Fokkker/ros_ws/install/micro_ros_setup/./config/mbed/generic
[6.189s] -- Installing: /home/fokker/SMR_2_GKN_Fokkker/ros_ws/install/micro_ros_setup/./config/mbed/generic/flash.sh
[6.190s] -- Installing: /home/fokker/SMR_2_GKN_Fokkker/ros_ws/install/micro_ros_setup/./config/mbed/generic/build.sh
[6.191s] -- Installing: /home/fokker/SMR_2_GKN_Fokkker/ros_ws/install/micro_ros_setup/./config/mbed/generic/package.xml
[6.192s] -- Installing: /home/fokker/SMR_2_GKN_Fokkker/ros_ws/install/micro_ros_setup/./config/mbed/generic/client_uros_packages.repos
[6.193s] -- Installing: /home/fokker/SMR_2_GKN_Fokkker/ros_ws/install/micro_ros_setup/./config/mbed/generic/supported_platforms
[6.194s] -- Installing: /home/fokker/SMR_2_GKN_Fokkker/ros_ws/install/micro_ros_setup/./config/mbed/generic/board.repos
[6.195s] -- Installing: /home/fokker/SMR_2_GKN_Fokkker/ros_ws/install/micro_ros_setup/./config/mbed/generic/create.sh
[6.196s] -- Installing: /home/fokker/SMR_2_GKN_Fokkker/ros_ws/install/micro_ros_setup/./config/mbed/dev_uros_packages.repos
[6.197s] -- Installing: /home/fokker/SMR_2_GKN_Fokkker/ros_ws/install/micro_ros_setup/./config/mbed/list_apps.sh
[6.198s] -- Installing: /home/fokker/SMR_2_GKN_Fokkker/ros_ws/install/micro_ros_setup/./config/client_uros_packages.repos
[6.199s] -- Installing: /home/fokker/SMR_2_GKN_Fokkker/ros_ws/install/micro_ros_setup/./config/utils.sh
[6.200s] -- Installing: /home/fokker/SMR_2_GKN_Fokkker/ros_ws/install/micro_ros_setup/./config/agent_ros2_packages.txt
[6.201s] -- Installing: /home/fokker/SMR_2_GKN_Fokkker/ros_ws/install/micro_ros_setup/./config/freertos
[6.201s] -- Installing: /home/fokker/SMR_2_GKN_Fokkker/ros_ws/install/micro_ros_setup/./config/freertos/crazyflie21
[6.202s] -- Installing: /home/fokker/SMR_2_GKN_Fokkker/ros_ws/install/micro_ros_setup/./config/freertos/crazyflie21/flash.sh
[6.203s] -- Installing: /home/fokker/SMR_2_GKN_Fokkker/ros_ws/install/micro_ros_setup/./config/freertos/crazyflie21/build.sh
[6.204s] -- Installing: /home/fokker/SMR_2_GKN_Fokkker/ros_ws/install/micro_ros_setup/./config/freertos/crazyflie21/package.xml
[6.205s] -- Installing: /home/fokker/SMR_2_GKN_Fokkker/ros_ws/install/micro_ros_setup/./config/freertos/crazyflie21/client_uros_packages.repos
[6.205s] -- Installing: /home/fokker/SMR_2_GKN_Fokkker/ros_ws/install/micro_ros_setup/./config/freertos/crazyflie21/configure.sh
[6.207s] -- Installing: /home/fokker/SMR_2_GKN_Fokkker/ros_ws/install/micro_ros_setup/./config/freertos/crazyflie21/board.repos
[6.208s] -- Installing: /home/fokker/SMR_2_GKN_Fokkker/ros_ws/install/micro_ros_setup/./config/freertos/crazyflie21/client-colcon.meta
[6.209s] -- Installing: /home/fokker/SMR_2_GKN_Fokkker/ros_ws/install/micro_ros_setup/./config/freertos/crazyflie21/create.sh
[6.210s] -- Installing: /home/fokker/SMR_2_GKN_Fokkker/ros_ws/install/micro_ros_setup/./config/freertos/dev_ros2_packages.txt
[6.211s] -- Installing: /home/fokker/SMR_2_GKN_Fokkker/ros_ws/install/micro_ros_setup/./config/freertos/esp32
[6.212s] -- Installing: /home/fokker/SMR_2_GKN_Fokkker/ros_ws/install/micro_ros_setup/./config/freertos/esp32/flash.sh
[6.213s] -- Installing: /home/fokker/SMR_2_GKN_Fokkker/ros_ws/install/micro_ros_setup/./config/freertos/esp32/build.sh
[6.214s] -- Installing: /home/fokker/SMR_2_GKN_Fokkker/ros_ws/install/micro_ros_setup/./config/freertos/esp32/package.xml
[6.215s] -- Installing: /home/fokker/SMR_2_GKN_Fokkker/ros_ws/install/micro_ros_setup/./config/freertos/esp32/client_uros_packages.repos
[6.215s] -- Installing: /home/fokker/SMR_2_GKN_Fokkker/ros_ws/install/micro_ros_setup/./config/freertos/esp32/README.md
[6.216s] -- Installing: /home/fokker/SMR_2_GKN_Fokkker/ros_ws/install/micro_ros_setup/./config/freertos/esp32/configure.sh
[6.217s] -- Installing: /home/fokker/SMR_2_GKN_Fokkker/ros_ws/install/micro_ros_setup/./config/freertos/esp32/board.repos
[6.218s] -- Installing: /home/fokker/SMR_2_GKN_Fokkker/ros_ws/install/micro_ros_setup/./config/freertos/esp32/client-colcon.meta
[6.219s] -- Installing: /home/fokker/SMR_2_GKN_Fokkker/ros_ws/install/micro_ros_setup/./config/freertos/esp32/create.sh
[6.220s] -- Installing: /home/fokker/SMR_2_GKN_Fokkker/ros_ws/install/micro_ros_setup/./config/freertos/nucleo_f446ze
[6.221s] -- Installing: /home/fokker/SMR_2_GKN_Fokkker/ros_ws/install/micro_ros_setup/./config/freertos/nucleo_f446ze/flash.sh
[6.222s] -- Installing: /home/fokker/SMR_2_GKN_Fokkker/ros_ws/install/micro_ros_setup/./config/freertos/nucleo_f446ze/build.sh
[6.223s] -- Installing: /home/fokker/SMR_2_GKN_Fokkker/ros_ws/install/micro_ros_setup/./config/freertos/nucleo_f446ze/package.xml
[6.224s] -- Installing: /home/fokker/SMR_2_GKN_Fokkker/ros_ws/install/micro_ros_setup/./config/freertos/nucleo_f446ze/client_uros_packages.repos
[6.224s] -- Installing: /home/fokker/SMR_2_GKN_Fokkker/ros_ws/install/micro_ros_setup/./config/freertos/nucleo_f446ze/configure.sh
[6.225s] -- Installing: /home/fokker/SMR_2_GKN_Fokkker/ros_ws/install/micro_ros_setup/./config/freertos/nucleo_f446ze/board.repos
[6.226s] -- Installing: /home/fokker/SMR_2_GKN_Fokkker/ros_ws/install/micro_ros_setup/./config/freertos/nucleo_f446ze/client-colcon.meta
[6.227s] -- Installing: /home/fokker/SMR_2_GKN_Fokkker/ros_ws/install/micro_ros_setup/./config/freertos/nucleo_f446ze/create.sh
[6.228s] -- Installing: /home/fokker/SMR_2_GKN_Fokkker/ros_ws/install/micro_ros_setup/./config/freertos/dev_uros_packages.repos
[6.229s] -- Installing: /home/fokker/SMR_2_GKN_Fokkker/ros_ws/install/micro_ros_setup/./config/freertos/list_apps.sh
[6.230s] -- Installing: /home/fokker/SMR_2_GKN_Fokkker/ros_ws/install/micro_ros_setup/./config/freertos/nucleo_f746zg
[6.231s] -- Installing: /home/fokker/SMR_2_GKN_Fokkker/ros_ws/install/micro_ros_setup/./config/freertos/nucleo_f746zg/flash.sh
[6.232s] -- Installing: /home/fokker/SMR_2_GKN_Fokkker/ros_ws/install/micro_ros_setup/./config/freertos/nucleo_f746zg/build.sh
[6.233s] -- Installing: /home/fokker/SMR_2_GKN_Fokkker/ros_ws/install/micro_ros_setup/./config/freertos/nucleo_f746zg/package.xml
[6.234s] -- Installing: /home/fokker/SMR_2_GKN_Fokkker/ros_ws/install/micro_ros_setup/./config/freertos/nucleo_f746zg/client_uros_packages.repos
[6.234s] -- Installing: /home/fokker/SMR_2_GKN_Fokkker/ros_ws/install/micro_ros_setup/./config/freertos/nucleo_f746zg/configure.sh
[6.235s] -- Installing: /home/fokker/SMR_2_GKN_Fokkker/ros_ws/install/micro_ros_setup/./config/freertos/nucleo_f746zg/board.repos
[6.236s] -- Installing: /home/fokker/SMR_2_GKN_Fokkker/ros_ws/install/micro_ros_setup/./config/freertos/nucleo_f746zg/client-colcon.meta
[6.237s] -- Installing: /home/fokker/SMR_2_GKN_Fokkker/ros_ws/install/micro_ros_setup/./config/freertos/nucleo_f746zg/create.sh
[6.239s] -- Installing: /home/fokker/SMR_2_GKN_Fokkker/ros_ws/install/micro_ros_setup/./config/freertos/olimex-stm32-e407
[6.239s] -- Installing: /home/fokker/SMR_2_GKN_Fokkker/ros_ws/install/micro_ros_setup/./config/freertos/olimex-stm32-e407/flash.sh
[6.240s] -- Installing: /home/fokker/SMR_2_GKN_Fokkker/ros_ws/install/micro_ros_setup/./config/freertos/olimex-stm32-e407/build.sh
[6.241s] -- Installing: /home/fokker/SMR_2_GKN_Fokkker/ros_ws/install/micro_ros_setup/./config/freertos/olimex-stm32-e407/package.xml
[6.242s] -- Installing: /home/fokker/SMR_2_GKN_Fokkker/ros_ws/install/micro_ros_setup/./config/freertos/olimex-stm32-e407/client_uros_packages.repos
[6.243s] -- Installing: /home/fokker/SMR_2_GKN_Fokkker/ros_ws/install/micro_ros_setup/./config/freertos/olimex-stm32-e407/configure.sh
[6.244s] -- Installing: /home/fokker/SMR_2_GKN_Fokkker/ros_ws/install/micro_ros_setup/./config/freertos/olimex-stm32-e407/board.repos
[6.245s] -- Installing: /home/fokker/SMR_2_GKN_Fokkker/ros_ws/install/micro_ros_setup/./config/freertos/olimex-stm32-e407/client-colcon.meta
[6.246s] -- Installing: /home/fokker/SMR_2_GKN_Fokkker/ros_ws/install/micro_ros_setup/./config/freertos/olimex-stm32-e407/create.sh
[6.247s] -- Installing: /home/fokker/SMR_2_GKN_Fokkker/ros_ws/install/micro_ros_setup/./config/freertos/nucleo_f446re
[6.248s] -- Installing: /home/fokker/SMR_2_GKN_Fokkker/ros_ws/install/micro_ros_setup/./config/freertos/nucleo_f446re/flash.sh
[6.249s] -- Installing: /home/fokker/SMR_2_GKN_Fokkker/ros_ws/install/micro_ros_setup/./config/freertos/nucleo_f446re/build.sh
[6.250s] -- Installing: /home/fokker/SMR_2_GKN_Fokkker/ros_ws/install/micro_ros_setup/./config/freertos/nucleo_f446re/package.xml
[6.251s] -- Installing: /home/fokker/SMR_2_GKN_Fokkker/ros_ws/install/micro_ros_setup/./config/freertos/nucleo_f446re/client_uros_packages.repos
[6.252s] -- Installing: /home/fokker/SMR_2_GKN_Fokkker/ros_ws/install/micro_ros_setup/./config/freertos/nucleo_f446re/configure.sh
[6.253s] -- Installing: /home/fokker/SMR_2_GKN_Fokkker/ros_ws/install/micro_ros_setup/./config/freertos/nucleo_f446re/board.repos
[6.254s] -- Installing: /home/fokker/SMR_2_GKN_Fokkker/ros_ws/install/micro_ros_setup/./config/freertos/nucleo_f446re/client-colcon.meta
[6.255s] -- Installing: /home/fokker/SMR_2_GKN_Fokkker/ros_ws/install/micro_ros_setup/./config/freertos/nucleo_f446re/create.sh
[6.256s] -- Installing: /home/fokker/SMR_2_GKN_Fokkker/ros_ws/install/micro_ros_setup/./config/freertos/nucleo_f767zi
[6.256s] -- Installing: /home/fokker/SMR_2_GKN_Fokkker/ros_ws/install/micro_ros_setup/./config/freertos/nucleo_f767zi/flash.sh
[6.258s] -- Installing: /home/fokker/SMR_2_GKN_Fokkker/ros_ws/install/micro_ros_setup/./config/freertos/nucleo_f767zi/build.sh
[6.259s] -- Installing: /home/fokker/SMR_2_GKN_Fokkker/ros_ws/install/micro_ros_setup/./config/freertos/nucleo_f767zi/package.xml
[6.260s] -- Installing: /home/fokker/SMR_2_GKN_Fokkker/ros_ws/install/micro_ros_setup/./config/freertos/nucleo_f767zi/client_uros_packages.repos
[6.260s] -- Installing: /home/fokker/SMR_2_GKN_Fokkker/ros_ws/install/micro_ros_setup/./config/freertos/nucleo_f767zi/configure.sh
[6.261s] -- Installing: /home/fokker/SMR_2_GKN_Fokkker/ros_ws/install/micro_ros_setup/./config/freertos/nucleo_f767zi/board.repos
[6.262s] -- Installing: /home/fokker/SMR_2_GKN_Fokkker/ros_ws/install/micro_ros_setup/./config/freertos/nucleo_f767zi/client-colcon.meta
[6.263s] -- Installing: /home/fokker/SMR_2_GKN_Fokkker/ros_ws/install/micro_ros_setup/./config/freertos/nucleo_f767zi/create.sh
[6.264s] -- Installing: /home/fokker/SMR_2_GKN_Fokkker/ros_ws/install/micro_ros_setup/./config/generate_lib
[6.265s] -- Installing: /home/fokker/SMR_2_GKN_Fokkker/ros_ws/install/micro_ros_setup/./config/generate_lib/dev_ros2_packages.txt
[6.266s] -- Installing: /home/fokker/SMR_2_GKN_Fokkker/ros_ws/install/micro_ros_setup/./config/generate_lib/generic
[6.266s] -- Installing: /home/fokker/SMR_2_GKN_Fokkker/ros_ws/install/micro_ros_setup/./config/generate_lib/generic/flash.sh
[6.268s] -- Installing: /home/fokker/SMR_2_GKN_Fokkker/ros_ws/install/micro_ros_setup/./config/generate_lib/generic/demo_toolchain.cmake
[6.269s] -- Installing: /home/fokker/SMR_2_GKN_Fokkker/ros_ws/install/micro_ros_setup/./config/generate_lib/generic/build.sh
[6.269s] -- Installing: /home/fokker/SMR_2_GKN_Fokkker/ros_ws/install/micro_ros_setup/./config/generate_lib/generic/package.xml
[6.270s] -- Installing: /home/fokker/SMR_2_GKN_Fokkker/ros_ws/install/micro_ros_setup/./config/generate_lib/generic/client_uros_packages.repos
[6.271s] -- Installing: /home/fokker/SMR_2_GKN_Fokkker/ros_ws/install/micro_ros_setup/./config/generate_lib/generic/client-colcon.meta
[6.272s] -- Installing: /home/fokker/SMR_2_GKN_Fokkker/ros_ws/install/micro_ros_setup/./config/generate_lib/generic/create.sh
[6.273s] -- Installing: /home/fokker/SMR_2_GKN_Fokkker/ros_ws/install/micro_ros_setup/./config/generate_lib/dev_uros_packages.repos
[6.274s] -- Installing: /home/fokker/SMR_2_GKN_Fokkker/ros_ws/install/micro_ros_setup/./config/raspbian
[6.275s] -- Installing: /home/fokker/SMR_2_GKN_Fokkker/ros_ws/install/micro_ros_setup/./config/raspbian/dev_ros2_packages.txt
[6.276s] -- Installing: /home/fokker/SMR_2_GKN_Fokkker/ros_ws/install/micro_ros_setup/./config/raspbian/generic
[6.276s] -- Installing: /home/fokker/SMR_2_GKN_Fokkker/ros_ws/install/micro_ros_setup/./config/raspbian/generic/flash.sh
[6.277s] -- Installing: /home/fokker/SMR_2_GKN_Fokkker/ros_ws/install/micro_ros_setup/./config/raspbian/generic/build.sh
[6.278s] -- Installing: /home/fokker/SMR_2_GKN_Fokkker/ros_ws/install/micro_ros_setup/./config/raspbian/generic/client_uros_packages.repos
[6.279s] -- Installing: /home/fokker/SMR_2_GKN_Fokkker/ros_ws/install/micro_ros_setup/./config/raspbian/generic/configure.sh
[6.280s] -- Installing: /home/fokker/SMR_2_GKN_Fokkker/ros_ws/install/micro_ros_setup/./config/raspbian/generic/supported_platforms
[6.281s] -- Installing: /home/fokker/SMR_2_GKN_Fokkker/ros_ws/install/micro_ros_setup/./config/raspbian/generic/client-colcon.meta
[6.282s] -- Installing: /home/fokker/SMR_2_GKN_Fokkker/ros_ws/install/micro_ros_setup/./config/raspbian/generic/create.sh
[6.283s] -- Installing: /home/fokker/SMR_2_GKN_Fokkker/ros_ws/install/micro_ros_setup/./config/raspbian/dev_uros_packages.repos
[6.284s] -- Installing: /home/fokker/SMR_2_GKN_Fokkker/ros_ws/install/micro_ros_setup/./config/host
[6.285s] -- Installing: /home/fokker/SMR_2_GKN_Fokkker/ros_ws/install/micro_ros_setup/./config/host/client_ros2_packages.txt
[6.286s] -- Installing: /home/fokker/SMR_2_GKN_Fokkker/ros_ws/install/micro_ros_setup/./config/host/dev_ros2_packages.txt
[6.287s] -- Installing: /home/fokker/SMR_2_GKN_Fokkker/ros_ws/install/micro_ros_setup/./config/host/generic
[6.288s] -- Installing: /home/fokker/SMR_2_GKN_Fokkker/ros_ws/install/micro_ros_setup/./config/host/generic/flash.sh
[6.289s] -- Installing: /home/fokker/SMR_2_GKN_Fokkker/ros_ws/install/micro_ros_setup/./config/host/generic/client-host-colcon.meta
[6.290s] -- Installing: /home/fokker/SMR_2_GKN_Fokkker/ros_ws/install/micro_ros_setup/./config/host/generic/client_host_packages.repos
[6.291s] -- Installing: /home/fokker/SMR_2_GKN_Fokkker/ros_ws/install/micro_ros_setup/./config/host/generic/build.sh
[6.292s] -- Installing: /home/fokker/SMR_2_GKN_Fokkker/ros_ws/install/micro_ros_setup/./config/host/generic/package.xml
[6.293s] -- Installing: /home/fokker/SMR_2_GKN_Fokkker/ros_ws/install/micro_ros_setup/./config/host/generic/create.sh
[6.294s] -- Installing: /home/fokker/SMR_2_GKN_Fokkker/ros_ws/install/micro_ros_setup/./config/host/dev_uros_packages.repos
[6.295s] -- Installing: /home/fokker/SMR_2_GKN_Fokkker/ros_ws/install/micro_ros_setup/./config/renesas_ra
[6.295s] -- Installing: /home/fokker/SMR_2_GKN_Fokkker/ros_ws/install/micro_ros_setup/./config/renesas_ra/dev_ros2_packages.txt
[6.296s] -- Installing: /home/fokker/SMR_2_GKN_Fokkker/ros_ws/install/micro_ros_setup/./config/renesas_ra/ra6m5
[6.297s] -- Installing: /home/fokker/SMR_2_GKN_Fokkker/ros_ws/install/micro_ros_setup/./config/renesas_ra/ra6m5/flash.sh
[6.298s] -- Installing: /home/fokker/SMR_2_GKN_Fokkker/ros_ws/install/micro_ros_setup/./config/renesas_ra/ra6m5/build.sh
[6.299s] -- Installing: /home/fokker/SMR_2_GKN_Fokkker/ros_ws/install/micro_ros_setup/./config/renesas_ra/ra6m5/client_uros_packages.repos
[6.300s] -- Installing: /home/fokker/SMR_2_GKN_Fokkker/ros_ws/install/micro_ros_setup/./config/renesas_ra/ra6m5/configure.sh
[6.301s] -- Installing: /home/fokker/SMR_2_GKN_Fokkker/ros_ws/install/micro_ros_setup/./config/renesas_ra/ra6m5/board.repos
[6.302s] -- Installing: /home/fokker/SMR_2_GKN_Fokkker/ros_ws/install/micro_ros_setup/./config/renesas_ra/ra6m5/client-colcon.meta
[6.303s] -- Installing: /home/fokker/SMR_2_GKN_Fokkker/ros_ws/install/micro_ros_setup/./config/renesas_ra/ra6m5/create.sh
[6.304s] -- Installing: /home/fokker/SMR_2_GKN_Fokkker/ros_ws/install/micro_ros_setup/./config/renesas_ra/dev_uros_packages.repos
[6.305s] -- Installing: /home/fokker/SMR_2_GKN_Fokkker/ros_ws/install/micro_ros_setup/./config/renesas_ra/list_apps.sh
[6.306s] -- Installing: /home/fokker/SMR_2_GKN_Fokkker/ros_ws/install/micro_ros_setup/lib/micro_ros_setup/create_ws.sh
[6.307s] -- Installing: /home/fokker/SMR_2_GKN_Fokkker/ros_ws/install/micro_ros_setup/lib/micro_ros_setup/create_agent_ws.sh
[6.309s] -- Installing: /home/fokker/SMR_2_GKN_Fokkker/ros_ws/install/micro_ros_setup/lib/micro_ros_setup/create_firmware_ws.sh
[6.310s] -- Installing: /home/fokker/SMR_2_GKN_Fokkker/ros_ws/install/micro_ros_setup/lib/micro_ros_setup/configure_firmware.sh
[6.311s] -- Installing: /home/fokker/SMR_2_GKN_Fokkker/ros_ws/install/micro_ros_setup/lib/micro_ros_setup/flash_firmware.sh
[6.312s] -- Installing: /home/fokker/SMR_2_GKN_Fokkker/ros_ws/install/micro_ros_setup/lib/micro_ros_setup/build_firmware.sh
[6.313s] -- Installing: /home/fokker/SMR_2_GKN_Fokkker/ros_ws/install/micro_ros_setup/lib/micro_ros_setup/build_agent.sh
[6.314s] -- Installing: /home/fokker/SMR_2_GKN_Fokkker/ros_ws/install/micro_ros_setup/lib/micro_ros_setup/yaml_filter.py
[6.315s] -- Installing: /home/fokker/SMR_2_GKN_Fokkker/ros_ws/install/micro_ros_setup/lib/micro_ros_setup/clean_env.sh
[6.316s] -- Installing: /home/fokker/SMR_2_GKN_Fokkker/ros_ws/install/micro_ros_setup/lib/micro_ros_setup/component
[6.324s] Invoked command in '/home/fokker/SMR_2_GKN_Fokkker/ros_ws/build/micro_ros_setup' returned '0': CMAKE_PREFIX_PATH=${CMAKE_PREFIX_PATH}:/opt/ros/humble /usr/bin/cmake --install /home/fokker/SMR_2_GKN_Fokkker/ros_ws/build/micro_ros_setup
