[0.062s] Invoking command in '/home/fokker/SMR_2_GKN_Fokkker/ros_ws/build/sllidar_ros2': CMAKE_PREFIX_PATH=/opt/ros/humble /usr/bin/cmake --build /home/fokker/SMR_2_GKN_Fokkker/ros_ws/build/sllidar_ros2 -- -j4 -l4
[0.416s] [ 10%] Built target sllidar_client
[0.461s] [100%] Built target sllidar_node
[0.506s] Invoked command in '/home/fokker/SMR_2_GKN_Fokkker/ros_ws/build/sllidar_ros2' returned '0': CMAKE_PREFIX_PATH=/opt/ros/humble /usr/bin/cmake --build /home/fokker/SMR_2_GKN_Fokkker/ros_ws/build/sllidar_ros2 -- -j4 -l4
[0.515s] Invoking command in '/home/fokker/SMR_2_GKN_Fokkker/ros_ws/build/sllidar_ros2': CMAKE_PREFIX_PATH=/opt/ros/humble /usr/bin/cmake --install /home/fokker/SMR_2_GKN_Fokkker/ros_ws/build/sllidar_ros2
[0.540s] -- Install configuration: ""
[0.540s] -- Up-to-date: /home/fokker/SMR_2_GKN_Fokkker/ros_ws/install/sllidar_ros2/share/sllidar_ros2/launch
[0.541s] -- Up-to-date: /home/fokker/SMR_2_GKN_Fokkker/ros_ws/install/sllidar_ros2/share/sllidar_ros2/launch/view_sllidar_c1_launch.py
[0.541s] -- Up-to-date: /home/fokker/SMR_2_GKN_Fokkker/ros_ws/install/sllidar_ros2/share/sllidar_ros2/launch/sllidar_s3_launch.py
[0.542s] -- Up-to-date: /home/fokker/SMR_2_GKN_Fokkker/ros_ws/install/sllidar_ros2/share/sllidar_ros2/launch/sllidar_a2m8_launch.py
[0.542s] -- Up-to-date: /home/fokker/SMR_2_GKN_Fokkker/ros_ws/install/sllidar_ros2/share/sllidar_ros2/launch/view_sllidar_s1_tcp_launch.py
[0.543s] -- Up-to-date: /home/fokker/SMR_2_GKN_Fokkker/ros_ws/install/sllidar_ros2/share/sllidar_ros2/launch/sllidar_s1_tcp_launch.py
[0.543s] -- Up-to-date: /home/fokker/SMR_2_GKN_Fokkker/ros_ws/install/sllidar_ros2/share/sllidar_ros2/launch/sllidar_c1_launch.py
[0.543s] -- Up-to-date: /home/fokker/SMR_2_GKN_Fokkker/ros_ws/install/sllidar_ros2/share/sllidar_ros2/launch/sllidar_s1_launch.py
[0.544s] -- Up-to-date: /home/fokker/SMR_2_GKN_Fokkker/ros_ws/install/sllidar_ros2/share/sllidar_ros2/launch/sllidar_s2_launch.py
[0.544s] -- Up-to-date: /home/fokker/SMR_2_GKN_Fokkker/ros_ws/install/sllidar_ros2/share/sllidar_ros2/launch/view_sllidar_a2m8_launch.py
[0.545s] -- Up-to-date: /home/fokker/SMR_2_GKN_Fokkker/ros_ws/install/sllidar_ros2/share/sllidar_ros2/launch/view_sllidar_a3_launch.py
[0.545s] -- Up-to-date: /home/fokker/SMR_2_GKN_Fokkker/ros_ws/install/sllidar_ros2/share/sllidar_ros2/launch/view_sllidar_s2_launch.py
[0.546s] -- Up-to-date: /home/fokker/SMR_2_GKN_Fokkker/ros_ws/install/sllidar_ros2/share/sllidar_ros2/launch/view_sllidar_a2m12_launch.py
[0.546s] -- Up-to-date: /home/fokker/SMR_2_GKN_Fokkker/ros_ws/install/sllidar_ros2/share/sllidar_ros2/launch/sllidar_a2m8_launch.py.save
[0.546s] -- Up-to-date: /home/fokker/SMR_2_GKN_Fokkker/ros_ws/install/sllidar_ros2/share/sllidar_ros2/launch/view_sllidar_s1_launch.py
[0.547s] -- Up-to-date: /home/fokker/SMR_2_GKN_Fokkker/ros_ws/install/sllidar_ros2/share/sllidar_ros2/launch/sllidar_s2e_launch.py
[0.547s] -- Up-to-date: /home/fokker/SMR_2_GKN_Fokkker/ros_ws/install/sllidar_ros2/share/sllidar_ros2/launch/sllidar_a2m12_launch .py
[0.547s] -- Up-to-date: /home/fokker/SMR_2_GKN_Fokkker/ros_ws/install/sllidar_ros2/share/sllidar_ros2/launch/sllidar_t1_launch.py
[0.548s] -- Up-to-date: /home/fokker/SMR_2_GKN_Fokkker/ros_ws/install/sllidar_ros2/share/sllidar_ros2/launch/view_sllidar_a2m7_launch.py
[0.548s] -- Up-to-date: /home/fokker/SMR_2_GKN_Fokkker/ros_ws/install/sllidar_ros2/share/sllidar_ros2/launch/view_sllidar_t1_launch.py
[0.549s] -- Up-to-date: /home/fokker/SMR_2_GKN_Fokkker/ros_ws/install/sllidar_ros2/share/sllidar_ros2/launch/sllidar_a2m7_launch.py
[0.549s] -- Up-to-date: /home/fokker/SMR_2_GKN_Fokkker/ros_ws/install/sllidar_ros2/share/sllidar_ros2/launch/view_sllidar_s3_launch.py
[0.549s] -- Up-to-date: /home/fokker/SMR_2_GKN_Fokkker/ros_ws/install/sllidar_ros2/share/sllidar_ros2/launch/view_sllidar_s2e_launch.py
[0.550s] -- Up-to-date: /home/fokker/SMR_2_GKN_Fokkker/ros_ws/install/sllidar_ros2/share/sllidar_ros2/launch/sllidar_a3_launch.py
[0.550s] -- Up-to-date: /home/fokker/SMR_2_GKN_Fokkker/ros_ws/install/sllidar_ros2/share/sllidar_ros2/launch/sllidar_a1_launch.py
[0.550s] -- Up-to-date: /home/fokker/SMR_2_GKN_Fokkker/ros_ws/install/sllidar_ros2/share/sllidar_ros2/launch/view_sllidar_a1_launch.py
[0.550s] -- Up-to-date: /home/fokker/SMR_2_GKN_Fokkker/ros_ws/install/sllidar_ros2/share/sllidar_ros2/rviz
[0.551s] -- Up-to-date: /home/fokker/SMR_2_GKN_Fokkker/ros_ws/install/sllidar_ros2/share/sllidar_ros2/rviz/sllidar_ros2.rviz
[0.551s] -- Up-to-date: /home/fokker/SMR_2_GKN_Fokkker/ros_ws/install/sllidar_ros2/lib/sllidar_ros2/sllidar_node
[0.552s] -- Up-to-date: /home/fokker/SMR_2_GKN_Fokkker/ros_ws/install/sllidar_ros2/lib/sllidar_ros2/sllidar_client
[0.552s] -- Up-to-date: /home/fokker/SMR_2_GKN_Fokkker/ros_ws/install/sllidar_ros2/share/ament_index/resource_index/package_run_dependencies/sllidar_ros2
[0.553s] -- Up-to-date: /home/fokker/SMR_2_GKN_Fokkker/ros_ws/install/sllidar_ros2/share/ament_index/resource_index/parent_prefix_path/sllidar_ros2
[0.554s] -- Up-to-date: /home/fokker/SMR_2_GKN_Fokkker/ros_ws/install/sllidar_ros2/share/sllidar_ros2/environment/ament_prefix_path.sh
[0.554s] -- Up-to-date: /home/fokker/SMR_2_GKN_Fokkker/ros_ws/install/sllidar_ros2/share/sllidar_ros2/environment/ament_prefix_path.dsv
[0.554s] -- Up-to-date: /home/fokker/SMR_2_GKN_Fokkker/ros_ws/install/sllidar_ros2/share/sllidar_ros2/environment/path.sh
[0.555s] -- Up-to-date: /home/fokker/SMR_2_GKN_Fokkker/ros_ws/install/sllidar_ros2/share/sllidar_ros2/environment/path.dsv
[0.555s] -- Up-to-date: /home/fokker/SMR_2_GKN_Fokkker/ros_ws/install/sllidar_ros2/share/sllidar_ros2/local_setup.bash
[0.556s] -- Up-to-date: /home/fokker/SMR_2_GKN_Fokkker/ros_ws/install/sllidar_ros2/share/sllidar_ros2/local_setup.sh
[0.556s] -- Up-to-date: /home/fokker/SMR_2_GKN_Fokkker/ros_ws/install/sllidar_ros2/share/sllidar_ros2/local_setup.zsh
[0.557s] -- Up-to-date: /home/fokker/SMR_2_GKN_Fokkker/ros_ws/install/sllidar_ros2/share/sllidar_ros2/local_setup.dsv
[0.557s] -- Installing: /home/fokker/SMR_2_GKN_Fokkker/ros_ws/install/sllidar_ros2/share/sllidar_ros2/package.dsv
[0.558s] -- Up-to-date: /home/fokker/SMR_2_GKN_Fokkker/ros_ws/install/sllidar_ros2/share/ament_index/resource_index/packages/sllidar_ros2
[0.558s] -- Up-to-date: /home/fokker/SMR_2_GKN_Fokkker/ros_ws/install/sllidar_ros2/share/sllidar_ros2/cmake/ament_cmake_export_dependencies-extras.cmake
[0.559s] -- Up-to-date: /home/fokker/SMR_2_GKN_Fokkker/ros_ws/install/sllidar_ros2/share/sllidar_ros2/cmake/ament_cmake_export_include_directories-extras.cmake
[0.559s] -- Up-to-date: /home/fokker/SMR_2_GKN_Fokkker/ros_ws/install/sllidar_ros2/share/sllidar_ros2/cmake/sllidar_ros2Config.cmake
[0.560s] -- Up-to-date: /home/fokker/SMR_2_GKN_Fokkker/ros_ws/install/sllidar_ros2/share/sllidar_ros2/cmake/sllidar_ros2Config-version.cmake
[0.560s] -- Up-to-date: /home/fokker/SMR_2_GKN_Fokkker/ros_ws/install/sllidar_ros2/share/sllidar_ros2/package.xml
[0.569s] Invoked command in '/home/fokker/SMR_2_GKN_Fokkker/ros_ws/build/sllidar_ros2' returned '0': CMAKE_PREFIX_PATH=/opt/ros/humble /usr/bin/cmake --install /home/fokker/SMR_2_GKN_Fokkker/ros_ws/build/sllidar_ros2
