[0.445s] DEBUG:colcon:Command line arguments: ['/usr/bin/colcon', 'build', '--packages-up-to', 'micro_ros_agent', '--cmake-args', '-DUAGENT_BUILD_EXECUTABLE=OFF', '-DUAGENT_P2P_PROFILE=OFF', '--no-warn-unused-cli']
[0.445s] DEBUG:colcon:Parsed command line arguments: Namespace(log_base=None, log_level=None, verb_name='build', build_base='build', install_base='install', merge_install=False, symlink_install=False, test_result_base=None, continue_on_error=False, executor='parallel', parallel_workers=4, event_handlers=None, ignore_user_meta=False, metas=['./colcon.meta'], base_paths=['.'], packages_ignore=None, packages_ignore_regex=None, paths=None, packages_up_to=['micro_ros_agent'], packages_up_to_regex=None, packages_above=None, packages_above_and_dependencies=None, packages_above_depth=None, packages_select_by_dep=None, packages_skip_by_dep=None, packages_skip_up_to=None, packages_select_build_failed=False, packages_skip_build_finished=False, packages_select_test_failures=False, packages_skip_test_passed=False, packages_select=None, packages_skip=None, packages_select_regex=None, packages_skip_regex=None, packages_start=None, packages_end=None, allow_overriding=[], cmake_args=['-DUAGENT_BUILD_EXECUTABLE=OFF', '-DUAGENT_P2P_PROFILE=OFF', '--no-warn-unused-cli'], cmake_target=None, cmake_target_skip_unavailable=False, cmake_clean_cache=False, cmake_clean_first=False, cmake_force_configure=False, ament_cmake_args=None, catkin_cmake_args=None, catkin_skip_building_tests=False, verb_parser=<colcon_defaults.argument_parser.defaults.DefaultArgumentsDecorator object at 0xffff832fc1c0>, verb_extension=<colcon_core.verb.build.BuildVerb object at 0xffff833f5630>, main=<bound method BuildVerb.main of <colcon_core.verb.build.BuildVerb object at 0xffff833f5630>>)
[1.196s] Level 1:colcon.colcon_core.package_discovery:discover_packages(colcon_meta) check parameters
[1.196s] Level 1:colcon.colcon_core.package_discovery:discover_packages(recursive) check parameters
[1.196s] Level 1:colcon.colcon_core.package_discovery:discover_packages(ignore) check parameters
[1.196s] Level 1:colcon.colcon_core.package_discovery:discover_packages(path) check parameters
[1.197s] Level 1:colcon.colcon_core.package_discovery:discover_packages(colcon_meta) discover
[1.197s] Level 1:colcon.colcon_core.package_discovery:discover_packages(recursive) discover
[1.197s] INFO:colcon.colcon_core.package_discovery:Crawling recursively for packages in '/home/fokker/SMR_2_GKN_Fokkker/ros_ws'
[1.198s] Level 1:colcon.colcon_core.package_identification:_identify(.) by extensions ['ignore', 'ignore_ament_install']
[1.198s] Level 1:colcon.colcon_core.package_identification:_identify(.) by extension 'ignore'
[1.198s] Level 1:colcon.colcon_core.package_identification:_identify(.) by extension 'ignore_ament_install'
[1.199s] Level 1:colcon.colcon_core.package_identification:_identify(.) by extensions ['colcon_pkg']
[1.199s] Level 1:colcon.colcon_core.package_identification:_identify(.) by extension 'colcon_pkg'
[1.199s] Level 1:colcon.colcon_core.package_identification:_identify(.) by extensions ['colcon_meta']
[1.200s] Level 1:colcon.colcon_core.package_identification:_identify(.) by extension 'colcon_meta'
[1.200s] Level 1:colcon.colcon_core.package_identification:_identify(.) by extensions ['ros']
[1.200s] Level 1:colcon.colcon_core.package_identification:_identify(.) by extension 'ros'
[1.252s] Level 1:colcon.colcon_core.package_identification:_identify(.) by extensions ['cmake', 'python']
[1.253s] Level 1:colcon.colcon_core.package_identification:_identify(.) by extension 'cmake'
[1.253s] Level 1:colcon.colcon_core.package_identification:_identify(.) by extension 'python'
[1.253s] Level 1:colcon.colcon_core.package_identification:_identify(.) by extensions ['python_setup_py']
[1.253s] Level 1:colcon.colcon_core.package_identification:_identify(.) by extension 'python_setup_py'
[1.254s] Level 1:colcon.colcon_core.package_identification:_identify(build) by extensions ['ignore', 'ignore_ament_install']
[1.254s] Level 1:colcon.colcon_core.package_identification:_identify(build) by extension 'ignore'
[1.254s] Level 1:colcon.colcon_core.package_identification:_identify(build) ignored
[1.255s] Level 1:colcon.colcon_core.package_identification:_identify(install) by extensions ['ignore', 'ignore_ament_install']
[1.256s] Level 1:colcon.colcon_core.package_identification:_identify(install) by extension 'ignore'
[1.256s] Level 1:colcon.colcon_core.package_identification:_identify(install) ignored
[1.256s] Level 1:colcon.colcon_core.package_identification:_identify(log) by extensions ['ignore', 'ignore_ament_install']
[1.257s] Level 1:colcon.colcon_core.package_identification:_identify(log) by extension 'ignore'
[1.257s] Level 1:colcon.colcon_core.package_identification:_identify(log) ignored
[1.257s] Level 1:colcon.colcon_core.package_identification:_identify(src) by extensions ['ignore', 'ignore_ament_install']
[1.258s] Level 1:colcon.colcon_core.package_identification:_identify(src) by extension 'ignore'
[1.258s] Level 1:colcon.colcon_core.package_identification:_identify(src) by extension 'ignore_ament_install'
[1.258s] Level 1:colcon.colcon_core.package_identification:_identify(src) by extensions ['colcon_pkg']
[1.258s] Level 1:colcon.colcon_core.package_identification:_identify(src) by extension 'colcon_pkg'
[1.258s] Level 1:colcon.colcon_core.package_identification:_identify(src) by extensions ['colcon_meta']
[1.258s] Level 1:colcon.colcon_core.package_identification:_identify(src) by extension 'colcon_meta'
[1.259s] Level 1:colcon.colcon_core.package_identification:_identify(src) by extensions ['ros']
[1.259s] Level 1:colcon.colcon_core.package_identification:_identify(src) by extension 'ros'
[1.259s] Level 1:colcon.colcon_core.package_identification:_identify(src) by extensions ['cmake', 'python']
[1.259s] Level 1:colcon.colcon_core.package_identification:_identify(src) by extension 'cmake'
[1.260s] Level 1:colcon.colcon_core.package_identification:_identify(src) by extension 'python'
[1.260s] Level 1:colcon.colcon_core.package_identification:_identify(src) by extensions ['python_setup_py']
[1.260s] Level 1:colcon.colcon_core.package_identification:_identify(src) by extension 'python_setup_py'
[1.260s] Level 1:colcon.colcon_core.package_identification:_identify(src/sllidar_ros2) by extensions ['ignore', 'ignore_ament_install']
[1.261s] Level 1:colcon.colcon_core.package_identification:_identify(src/sllidar_ros2) by extension 'ignore'
[1.261s] Level 1:colcon.colcon_core.package_identification:_identify(src/sllidar_ros2) by extension 'ignore_ament_install'
[1.261s] Level 1:colcon.colcon_core.package_identification:_identify(src/sllidar_ros2) by extensions ['colcon_pkg']
[1.261s] Level 1:colcon.colcon_core.package_identification:_identify(src/sllidar_ros2) by extension 'colcon_pkg'
[1.262s] Level 1:colcon.colcon_core.package_identification:_identify(src/sllidar_ros2) by extensions ['colcon_meta']
[1.262s] Level 1:colcon.colcon_core.package_identification:_identify(src/sllidar_ros2) by extension 'colcon_meta'
[1.262s] Level 1:colcon.colcon_core.package_identification:_identify(src/sllidar_ros2) by extensions ['ros']
[1.262s] Level 1:colcon.colcon_core.package_identification:_identify(src/sllidar_ros2) by extension 'ros'
[1.271s] DEBUG:colcon.colcon_core.package_identification:Package 'src/sllidar_ros2' with type 'ros.ament_cmake' and name 'sllidar_ros2'
[1.271s] Level 1:colcon.colcon_core.package_identification:_identify(src/src) by extensions ['ignore', 'ignore_ament_install']
[1.272s] Level 1:colcon.colcon_core.package_identification:_identify(src/src) by extension 'ignore'
[1.272s] Level 1:colcon.colcon_core.package_identification:_identify(src/src) by extension 'ignore_ament_install'
[1.273s] Level 1:colcon.colcon_core.package_identification:_identify(src/src) by extensions ['colcon_pkg']
[1.273s] Level 1:colcon.colcon_core.package_identification:_identify(src/src) by extension 'colcon_pkg'
[1.273s] Level 1:colcon.colcon_core.package_identification:_identify(src/src) by extensions ['colcon_meta']
[1.273s] Level 1:colcon.colcon_core.package_identification:_identify(src/src) by extension 'colcon_meta'
[1.274s] Level 1:colcon.colcon_core.package_identification:_identify(src/src) by extensions ['ros']
[1.274s] Level 1:colcon.colcon_core.package_identification:_identify(src/src) by extension 'ros'
[1.274s] Level 1:colcon.colcon_core.package_identification:_identify(src/src) by extensions ['cmake', 'python']
[1.274s] Level 1:colcon.colcon_core.package_identification:_identify(src/src) by extension 'cmake'
[1.275s] Level 1:colcon.colcon_core.package_identification:_identify(src/src) by extension 'python'
[1.275s] Level 1:colcon.colcon_core.package_identification:_identify(src/src) by extensions ['python_setup_py']
[1.275s] Level 1:colcon.colcon_core.package_identification:_identify(src/src) by extension 'python_setup_py'
[1.276s] Level 1:colcon.colcon_core.package_identification:_identify(src/src/micro_ros_setup) by extensions ['ignore', 'ignore_ament_install']
[1.276s] Level 1:colcon.colcon_core.package_identification:_identify(src/src/micro_ros_setup) by extension 'ignore'
[1.276s] Level 1:colcon.colcon_core.package_identification:_identify(src/src/micro_ros_setup) by extension 'ignore_ament_install'
[1.277s] Level 1:colcon.colcon_core.package_identification:_identify(src/src/micro_ros_setup) by extensions ['colcon_pkg']
[1.277s] Level 1:colcon.colcon_core.package_identification:_identify(src/src/micro_ros_setup) by extension 'colcon_pkg'
[1.277s] Level 1:colcon.colcon_core.package_identification:_identify(src/src/micro_ros_setup) by extensions ['colcon_meta']
[1.277s] Level 1:colcon.colcon_core.package_identification:_identify(src/src/micro_ros_setup) by extension 'colcon_meta'
[1.277s] Level 1:colcon.colcon_core.package_identification:_identify(src/src/micro_ros_setup) by extensions ['ros']
[1.277s] Level 1:colcon.colcon_core.package_identification:_identify(src/src/micro_ros_setup) by extension 'ros'
[1.281s] DEBUG:colcon.colcon_core.package_identification:Package 'src/src/micro_ros_setup' with type 'ros.ament_cmake' and name 'micro_ros_setup'
[1.282s] Level 1:colcon.colcon_core.package_identification:_identify(src/uros) by extensions ['ignore', 'ignore_ament_install']
[1.282s] Level 1:colcon.colcon_core.package_identification:_identify(src/uros) by extension 'ignore'
[1.283s] Level 1:colcon.colcon_core.package_identification:_identify(src/uros) by extension 'ignore_ament_install'
[1.283s] Level 1:colcon.colcon_core.package_identification:_identify(src/uros) by extensions ['colcon_pkg']
[1.283s] Level 1:colcon.colcon_core.package_identification:_identify(src/uros) by extension 'colcon_pkg'
[1.283s] Level 1:colcon.colcon_core.package_identification:_identify(src/uros) by extensions ['colcon_meta']
[1.283s] Level 1:colcon.colcon_core.package_identification:_identify(src/uros) by extension 'colcon_meta'
[1.284s] Level 1:colcon.colcon_core.package_identification:_identify(src/uros) by extensions ['ros']
[1.284s] Level 1:colcon.colcon_core.package_identification:_identify(src/uros) by extension 'ros'
[1.284s] Level 1:colcon.colcon_core.package_identification:_identify(src/uros) by extensions ['cmake', 'python']
[1.284s] Level 1:colcon.colcon_core.package_identification:_identify(src/uros) by extension 'cmake'
[1.285s] Level 1:colcon.colcon_core.package_identification:_identify(src/uros) by extension 'python'
[1.285s] Level 1:colcon.colcon_core.package_identification:_identify(src/uros) by extensions ['python_setup_py']
[1.285s] Level 1:colcon.colcon_core.package_identification:_identify(src/uros) by extension 'python_setup_py'
[1.285s] Level 1:colcon.colcon_core.package_identification:_identify(src/uros/micro-ROS-Agent) by extensions ['ignore', 'ignore_ament_install']
[1.286s] Level 1:colcon.colcon_core.package_identification:_identify(src/uros/micro-ROS-Agent) by extension 'ignore'
[1.286s] Level 1:colcon.colcon_core.package_identification:_identify(src/uros/micro-ROS-Agent) by extension 'ignore_ament_install'
[1.286s] Level 1:colcon.colcon_core.package_identification:_identify(src/uros/micro-ROS-Agent) by extensions ['colcon_pkg']
[1.287s] Level 1:colcon.colcon_core.package_identification:_identify(src/uros/micro-ROS-Agent) by extension 'colcon_pkg'
[1.287s] Level 1:colcon.colcon_core.package_identification:_identify(src/uros/micro-ROS-Agent) by extensions ['colcon_meta']
[1.287s] Level 1:colcon.colcon_core.package_identification:_identify(src/uros/micro-ROS-Agent) by extension 'colcon_meta'
[1.287s] Level 1:colcon.colcon_core.package_identification:_identify(src/uros/micro-ROS-Agent) by extensions ['ros']
[1.287s] Level 1:colcon.colcon_core.package_identification:_identify(src/uros/micro-ROS-Agent) by extension 'ros'
[1.288s] Level 1:colcon.colcon_core.package_identification:_identify(src/uros/micro-ROS-Agent) by extensions ['cmake', 'python']
[1.288s] Level 1:colcon.colcon_core.package_identification:_identify(src/uros/micro-ROS-Agent) by extension 'cmake'
[1.288s] Level 1:colcon.colcon_core.package_identification:_identify(src/uros/micro-ROS-Agent) by extension 'python'
[1.288s] Level 1:colcon.colcon_core.package_identification:_identify(src/uros/micro-ROS-Agent) by extensions ['python_setup_py']
[1.288s] Level 1:colcon.colcon_core.package_identification:_identify(src/uros/micro-ROS-Agent) by extension 'python_setup_py'
[1.289s] Level 1:colcon.colcon_core.package_identification:_identify(src/uros/micro-ROS-Agent/micro_ros_agent) by extensions ['ignore', 'ignore_ament_install']
[1.289s] Level 1:colcon.colcon_core.package_identification:_identify(src/uros/micro-ROS-Agent/micro_ros_agent) by extension 'ignore'
[1.290s] Level 1:colcon.colcon_core.package_identification:_identify(src/uros/micro-ROS-Agent/micro_ros_agent) by extension 'ignore_ament_install'
[1.290s] Level 1:colcon.colcon_core.package_identification:_identify(src/uros/micro-ROS-Agent/micro_ros_agent) by extensions ['colcon_pkg']
[1.290s] Level 1:colcon.colcon_core.package_identification:_identify(src/uros/micro-ROS-Agent/micro_ros_agent) by extension 'colcon_pkg'
[1.290s] Level 1:colcon.colcon_core.package_identification:_identify(src/uros/micro-ROS-Agent/micro_ros_agent) by extensions ['colcon_meta']
[1.291s] Level 1:colcon.colcon_core.package_identification:_identify(src/uros/micro-ROS-Agent/micro_ros_agent) by extension 'colcon_meta'
[1.291s] Level 1:colcon.colcon_core.package_identification:_identify(src/uros/micro-ROS-Agent/micro_ros_agent) by extensions ['ros']
[1.291s] Level 1:colcon.colcon_core.package_identification:_identify(src/uros/micro-ROS-Agent/micro_ros_agent) by extension 'ros'
[1.295s] DEBUG:colcon.colcon_core.package_identification:Package 'src/uros/micro-ROS-Agent/micro_ros_agent' with type 'ros.ament_cmake' and name 'micro_ros_agent'
[1.296s] Level 1:colcon.colcon_core.package_identification:_identify(src/uros/micro-ROS-Agent/snap) by extensions ['ignore', 'ignore_ament_install']
[1.296s] Level 1:colcon.colcon_core.package_identification:_identify(src/uros/micro-ROS-Agent/snap) by extension 'ignore'
[1.297s] Level 1:colcon.colcon_core.package_identification:_identify(src/uros/micro-ROS-Agent/snap) by extension 'ignore_ament_install'
[1.297s] Level 1:colcon.colcon_core.package_identification:_identify(src/uros/micro-ROS-Agent/snap) by extensions ['colcon_pkg']
[1.297s] Level 1:colcon.colcon_core.package_identification:_identify(src/uros/micro-ROS-Agent/snap) by extension 'colcon_pkg'
[1.297s] Level 1:colcon.colcon_core.package_identification:_identify(src/uros/micro-ROS-Agent/snap) by extensions ['colcon_meta']
[1.297s] Level 1:colcon.colcon_core.package_identification:_identify(src/uros/micro-ROS-Agent/snap) by extension 'colcon_meta'
[1.298s] Level 1:colcon.colcon_core.package_identification:_identify(src/uros/micro-ROS-Agent/snap) by extensions ['ros']
[1.298s] Level 1:colcon.colcon_core.package_identification:_identify(src/uros/micro-ROS-Agent/snap) by extension 'ros'
[1.298s] Level 1:colcon.colcon_core.package_identification:_identify(src/uros/micro-ROS-Agent/snap) by extensions ['cmake', 'python']
[1.298s] Level 1:colcon.colcon_core.package_identification:_identify(src/uros/micro-ROS-Agent/snap) by extension 'cmake'
[1.298s] Level 1:colcon.colcon_core.package_identification:_identify(src/uros/micro-ROS-Agent/snap) by extension 'python'
[1.299s] Level 1:colcon.colcon_core.package_identification:_identify(src/uros/micro-ROS-Agent/snap) by extensions ['python_setup_py']
[1.299s] Level 1:colcon.colcon_core.package_identification:_identify(src/uros/micro-ROS-Agent/snap) by extension 'python_setup_py'
[1.300s] Level 1:colcon.colcon_core.package_identification:_identify(src/uros/micro-ROS-Agent/snap/hooks) by extensions ['ignore', 'ignore_ament_install']
[1.300s] Level 1:colcon.colcon_core.package_identification:_identify(src/uros/micro-ROS-Agent/snap/hooks) by extension 'ignore'
[1.300s] Level 1:colcon.colcon_core.package_identification:_identify(src/uros/micro-ROS-Agent/snap/hooks) by extension 'ignore_ament_install'
[1.301s] Level 1:colcon.colcon_core.package_identification:_identify(src/uros/micro-ROS-Agent/snap/hooks) by extensions ['colcon_pkg']
[1.301s] Level 1:colcon.colcon_core.package_identification:_identify(src/uros/micro-ROS-Agent/snap/hooks) by extension 'colcon_pkg'
[1.301s] Level 1:colcon.colcon_core.package_identification:_identify(src/uros/micro-ROS-Agent/snap/hooks) by extensions ['colcon_meta']
[1.301s] Level 1:colcon.colcon_core.package_identification:_identify(src/uros/micro-ROS-Agent/snap/hooks) by extension 'colcon_meta'
[1.301s] Level 1:colcon.colcon_core.package_identification:_identify(src/uros/micro-ROS-Agent/snap/hooks) by extensions ['ros']
[1.301s] Level 1:colcon.colcon_core.package_identification:_identify(src/uros/micro-ROS-Agent/snap/hooks) by extension 'ros'
[1.302s] Level 1:colcon.colcon_core.package_identification:_identify(src/uros/micro-ROS-Agent/snap/hooks) by extensions ['cmake', 'python']
[1.302s] Level 1:colcon.colcon_core.package_identification:_identify(src/uros/micro-ROS-Agent/snap/hooks) by extension 'cmake'
[1.302s] Level 1:colcon.colcon_core.package_identification:_identify(src/uros/micro-ROS-Agent/snap/hooks) by extension 'python'
[1.302s] Level 1:colcon.colcon_core.package_identification:_identify(src/uros/micro-ROS-Agent/snap/hooks) by extensions ['python_setup_py']
[1.303s] Level 1:colcon.colcon_core.package_identification:_identify(src/uros/micro-ROS-Agent/snap/hooks) by extension 'python_setup_py'
[1.303s] Level 1:colcon.colcon_core.package_identification:_identify(src/uros/micro-ROS-Agent/snap/local) by extensions ['ignore', 'ignore_ament_install']
[1.304s] Level 1:colcon.colcon_core.package_identification:_identify(src/uros/micro-ROS-Agent/snap/local) by extension 'ignore'
[1.304s] Level 1:colcon.colcon_core.package_identification:_identify(src/uros/micro-ROS-Agent/snap/local) by extension 'ignore_ament_install'
[1.304s] Level 1:colcon.colcon_core.package_identification:_identify(src/uros/micro-ROS-Agent/snap/local) by extensions ['colcon_pkg']
[1.304s] Level 1:colcon.colcon_core.package_identification:_identify(src/uros/micro-ROS-Agent/snap/local) by extension 'colcon_pkg'
[1.304s] Level 1:colcon.colcon_core.package_identification:_identify(src/uros/micro-ROS-Agent/snap/local) by extensions ['colcon_meta']
[1.304s] Level 1:colcon.colcon_core.package_identification:_identify(src/uros/micro-ROS-Agent/snap/local) by extension 'colcon_meta'
[1.305s] Level 1:colcon.colcon_core.package_identification:_identify(src/uros/micro-ROS-Agent/snap/local) by extensions ['ros']
[1.305s] Level 1:colcon.colcon_core.package_identification:_identify(src/uros/micro-ROS-Agent/snap/local) by extension 'ros'
[1.305s] Level 1:colcon.colcon_core.package_identification:_identify(src/uros/micro-ROS-Agent/snap/local) by extensions ['cmake', 'python']
[1.305s] Level 1:colcon.colcon_core.package_identification:_identify(src/uros/micro-ROS-Agent/snap/local) by extension 'cmake'
[1.306s] Level 1:colcon.colcon_core.package_identification:_identify(src/uros/micro-ROS-Agent/snap/local) by extension 'python'
[1.306s] Level 1:colcon.colcon_core.package_identification:_identify(src/uros/micro-ROS-Agent/snap/local) by extensions ['python_setup_py']
[1.306s] Level 1:colcon.colcon_core.package_identification:_identify(src/uros/micro-ROS-Agent/snap/local) by extension 'python_setup_py'
[1.307s] Level 1:colcon.colcon_core.package_identification:_identify(src/uros/micro_ros_msgs) by extensions ['ignore', 'ignore_ament_install']
[1.307s] Level 1:colcon.colcon_core.package_identification:_identify(src/uros/micro_ros_msgs) by extension 'ignore'
[1.307s] Level 1:colcon.colcon_core.package_identification:_identify(src/uros/micro_ros_msgs) by extension 'ignore_ament_install'
[1.308s] Level 1:colcon.colcon_core.package_identification:_identify(src/uros/micro_ros_msgs) by extensions ['colcon_pkg']
[1.308s] Level 1:colcon.colcon_core.package_identification:_identify(src/uros/micro_ros_msgs) by extension 'colcon_pkg'
[1.308s] Level 1:colcon.colcon_core.package_identification:_identify(src/uros/micro_ros_msgs) by extensions ['colcon_meta']
[1.308s] Level 1:colcon.colcon_core.package_identification:_identify(src/uros/micro_ros_msgs) by extension 'colcon_meta'
[1.308s] Level 1:colcon.colcon_core.package_identification:_identify(src/uros/micro_ros_msgs) by extensions ['ros']
[1.309s] Level 1:colcon.colcon_core.package_identification:_identify(src/uros/micro_ros_msgs) by extension 'ros'
[1.311s] DEBUG:colcon.colcon_core.package_identification:Package 'src/uros/micro_ros_msgs' with type 'ros.ament_cmake' and name 'micro_ros_msgs'
[1.311s] Level 1:colcon.colcon_core.package_discovery:discover_packages(recursive) using defaults
[1.311s] Level 1:colcon.colcon_core.package_discovery:discover_packages(ignore) discover
[1.311s] Level 1:colcon.colcon_core.package_discovery:discover_packages(ignore) using defaults
[1.312s] Level 1:colcon.colcon_core.package_discovery:discover_packages(path) discover
[1.312s] Level 1:colcon.colcon_core.package_discovery:discover_packages(path) using defaults
[1.385s] INFO:colcon.colcon_core.package_selection:Skipping package 'sllidar_ros2' in 'src/sllidar_ros2'
[1.385s] INFO:colcon.colcon_core.package_selection:Skipping package 'micro_ros_setup' in 'src/src/micro_ros_setup'
[1.387s] Level 1:colcon.colcon_core.package_discovery:discover_packages(prefix_path) check parameters
[1.387s] Level 1:colcon.colcon_core.package_discovery:discover_packages(prefix_path) discover
[1.395s] DEBUG:colcon.colcon_installed_package_information.package_discovery:Found 2 installed packages in /home/fokker/SMR_2_GKN_Fokkker/ros_ws/install
[1.404s] DEBUG:colcon.colcon_installed_package_information.package_discovery:Found 270 installed packages in /opt/ros/humble
[1.414s] Level 1:colcon.colcon_core.package_discovery:discover_packages(prefix_path) using defaults
[1.615s] Level 5:colcon.colcon_core.verb:set package 'micro_ros_msgs' build argument 'cmake_args' from command line to '['-DUAGENT_BUILD_EXECUTABLE=OFF', '-DUAGENT_P2P_PROFILE=OFF', '--no-warn-unused-cli']'
[1.615s] Level 5:colcon.colcon_core.verb:set package 'micro_ros_msgs' build argument 'cmake_target' from command line to 'None'
[1.615s] Level 5:colcon.colcon_core.verb:set package 'micro_ros_msgs' build argument 'cmake_target_skip_unavailable' from command line to 'False'
[1.615s] Level 5:colcon.colcon_core.verb:set package 'micro_ros_msgs' build argument 'cmake_clean_cache' from command line to 'False'
[1.616s] Level 5:colcon.colcon_core.verb:set package 'micro_ros_msgs' build argument 'cmake_clean_first' from command line to 'False'
[1.616s] Level 5:colcon.colcon_core.verb:set package 'micro_ros_msgs' build argument 'cmake_force_configure' from command line to 'False'
[1.616s] Level 5:colcon.colcon_core.verb:set package 'micro_ros_msgs' build argument 'ament_cmake_args' from command line to 'None'
[1.616s] Level 5:colcon.colcon_core.verb:set package 'micro_ros_msgs' build argument 'catkin_cmake_args' from command line to 'None'
[1.616s] Level 5:colcon.colcon_core.verb:set package 'micro_ros_msgs' build argument 'catkin_skip_building_tests' from command line to 'False'
[1.616s] DEBUG:colcon.colcon_core.verb:Building package 'micro_ros_msgs' with the following arguments: {'ament_cmake_args': None, 'build_base': '/home/fokker/SMR_2_GKN_Fokkker/ros_ws/build/micro_ros_msgs', 'catkin_cmake_args': None, 'catkin_skip_building_tests': False, 'cmake_args': ['-DUAGENT_BUILD_EXECUTABLE=OFF', '-DUAGENT_P2P_PROFILE=OFF', '--no-warn-unused-cli'], 'cmake_clean_cache': False, 'cmake_clean_first': False, 'cmake_force_configure': False, 'cmake_target': None, 'cmake_target_skip_unavailable': False, 'install_base': '/home/fokker/SMR_2_GKN_Fokkker/ros_ws/install/micro_ros_msgs', 'merge_install': False, 'path': '/home/fokker/SMR_2_GKN_Fokkker/ros_ws/src/uros/micro_ros_msgs', 'symlink_install': False, 'test_result_base': None}
[1.618s] Level 5:colcon.colcon_core.verb:set package 'micro_ros_agent' build argument 'cmake_args' from command line to '['-DUAGENT_BUILD_EXECUTABLE=OFF', '-DUAGENT_P2P_PROFILE=OFF', '--no-warn-unused-cli']'
[1.618s] Level 5:colcon.colcon_core.verb:set package 'micro_ros_agent' build argument 'cmake_target' from command line to 'None'
[1.618s] Level 5:colcon.colcon_core.verb:set package 'micro_ros_agent' build argument 'cmake_target_skip_unavailable' from command line to 'False'
[1.618s] Level 5:colcon.colcon_core.verb:set package 'micro_ros_agent' build argument 'cmake_clean_cache' from command line to 'False'
[1.619s] Level 5:colcon.colcon_core.verb:set package 'micro_ros_agent' build argument 'cmake_clean_first' from command line to 'False'
[1.619s] Level 5:colcon.colcon_core.verb:set package 'micro_ros_agent' build argument 'cmake_force_configure' from command line to 'False'
[1.619s] Level 5:colcon.colcon_core.verb:set package 'micro_ros_agent' build argument 'ament_cmake_args' from command line to 'None'
[1.619s] Level 5:colcon.colcon_core.verb:set package 'micro_ros_agent' build argument 'catkin_cmake_args' from command line to 'None'
[1.619s] Level 5:colcon.colcon_core.verb:set package 'micro_ros_agent' build argument 'catkin_skip_building_tests' from command line to 'False'
[1.619s] DEBUG:colcon.colcon_core.verb:Building package 'micro_ros_agent' with the following arguments: {'ament_cmake_args': None, 'build_base': '/home/fokker/SMR_2_GKN_Fokkker/ros_ws/build/micro_ros_agent', 'catkin_cmake_args': None, 'catkin_skip_building_tests': False, 'cmake_args': ['-DUAGENT_BUILD_EXECUTABLE=OFF', '-DUAGENT_P2P_PROFILE=OFF', '--no-warn-unused-cli'], 'cmake_clean_cache': False, 'cmake_clean_first': False, 'cmake_force_configure': False, 'cmake_target': None, 'cmake_target_skip_unavailable': False, 'install_base': '/home/fokker/SMR_2_GKN_Fokkker/ros_ws/install/micro_ros_agent', 'merge_install': False, 'path': '/home/fokker/SMR_2_GKN_Fokkker/ros_ws/src/uros/micro-ROS-Agent/micro_ros_agent', 'symlink_install': False, 'test_result_base': None}
[1.620s] INFO:colcon.colcon_core.executor:Executing jobs using 'parallel' executor
[1.623s] DEBUG:colcon.colcon_parallel_executor.executor.parallel:run_until_complete
[1.624s] INFO:colcon.colcon_ros.task.ament_cmake.build:Building ROS package in '/home/fokker/SMR_2_GKN_Fokkker/ros_ws/src/uros/micro_ros_msgs' with build type 'ament_cmake'
[1.625s] INFO:colcon.colcon_cmake.task.cmake.build:Building CMake package in '/home/fokker/SMR_2_GKN_Fokkker/ros_ws/src/uros/micro_ros_msgs'
[1.634s] INFO:colcon.colcon_core.plugin_system:Skipping extension 'colcon_core.shell.bat': Not used on non-Windows systems
[1.635s] INFO:colcon.colcon_core.shell:Skip shell extension 'powershell' for command environment: Not usable outside of PowerShell
[1.635s] DEBUG:colcon.colcon_core.shell:Skip shell extension 'dsv' for command environment
[1.671s] DEBUG:colcon.colcon_core.event_handler.log_command:Invoking command in '/home/fokker/SMR_2_GKN_Fokkker/ros_ws/build/micro_ros_msgs': CMAKE_PREFIX_PATH=${CMAKE_PREFIX_PATH}:/opt/ros/humble /usr/bin/cmake /home/fokker/SMR_2_GKN_Fokkker/ros_ws/src/uros/micro_ros_msgs -DUAGENT_BUILD_EXECUTABLE=OFF -DUAGENT_P2P_PROFILE=OFF --no-warn-unused-cli -DCMAKE_INSTALL_PREFIX=/home/fokker/SMR_2_GKN_Fokkker/ros_ws/install/micro_ros_msgs
[9.225s] DEBUG:colcon.colcon_core.event_handler.log_command:Invoked command in '/home/fokker/SMR_2_GKN_Fokkker/ros_ws/build/micro_ros_msgs' returned '0': CMAKE_PREFIX_PATH=${CMAKE_PREFIX_PATH}:/opt/ros/humble /usr/bin/cmake /home/fokker/SMR_2_GKN_Fokkker/ros_ws/src/uros/micro_ros_msgs -DUAGENT_BUILD_EXECUTABLE=OFF -DUAGENT_P2P_PROFILE=OFF --no-warn-unused-cli -DCMAKE_INSTALL_PREFIX=/home/fokker/SMR_2_GKN_Fokkker/ros_ws/install/micro_ros_msgs
[9.236s] DEBUG:colcon.colcon_core.event_handler.log_command:Invoking command in '/home/fokker/SMR_2_GKN_Fokkker/ros_ws/build/micro_ros_msgs': CMAKE_PREFIX_PATH=${CMAKE_PREFIX_PATH}:/opt/ros/humble /usr/bin/cmake --build /home/fokker/SMR_2_GKN_Fokkker/ros_ws/build/micro_ros_msgs -- -j4 -l4
[28.291s] DEBUG:colcon.colcon_core.event_handler.log_command:Invoked command in '/home/fokker/SMR_2_GKN_Fokkker/ros_ws/build/micro_ros_msgs' returned '0': CMAKE_PREFIX_PATH=${CMAKE_PREFIX_PATH}:/opt/ros/humble /usr/bin/cmake --build /home/fokker/SMR_2_GKN_Fokkker/ros_ws/build/micro_ros_msgs -- -j4 -l4
[28.333s] DEBUG:colcon.colcon_core.event_handler.log_command:Invoking command in '/home/fokker/SMR_2_GKN_Fokkker/ros_ws/build/micro_ros_msgs': CMAKE_PREFIX_PATH=${CMAKE_PREFIX_PATH}:/opt/ros/humble /usr/bin/cmake --install /home/fokker/SMR_2_GKN_Fokkker/ros_ws/build/micro_ros_msgs
[28.764s] Level 1:colcon.colcon_core.environment:create_environment_scripts_only(micro_ros_msgs)
[28.765s] DEBUG:colcon.colcon_core.event_handler.log_command:Invoked command in '/home/fokker/SMR_2_GKN_Fokkker/ros_ws/build/micro_ros_msgs' returned '0': CMAKE_PREFIX_PATH=${CMAKE_PREFIX_PATH}:/opt/ros/humble /usr/bin/cmake --install /home/fokker/SMR_2_GKN_Fokkker/ros_ws/build/micro_ros_msgs
[28.775s] Level 1:colcon.colcon_core.environment:checking '/home/fokker/SMR_2_GKN_Fokkker/ros_ws/install/micro_ros_msgs' for CMake module files
[28.779s] Level 1:colcon.colcon_core.environment:checking '/home/fokker/SMR_2_GKN_Fokkker/ros_ws/install/micro_ros_msgs' for CMake config files
[28.784s] Level 1:colcon.colcon_core.shell:create_environment_hook('micro_ros_msgs', 'cmake_prefix_path')
[28.785s] INFO:colcon.colcon_core.shell:Creating environment hook '/home/fokker/SMR_2_GKN_Fokkker/ros_ws/install/micro_ros_msgs/share/micro_ros_msgs/hook/cmake_prefix_path.ps1'
[28.788s] INFO:colcon.colcon_core.shell:Creating environment descriptor '/home/fokker/SMR_2_GKN_Fokkker/ros_ws/install/micro_ros_msgs/share/micro_ros_msgs/hook/cmake_prefix_path.dsv'
[28.790s] INFO:colcon.colcon_core.shell:Creating environment hook '/home/fokker/SMR_2_GKN_Fokkker/ros_ws/install/micro_ros_msgs/share/micro_ros_msgs/hook/cmake_prefix_path.sh'
[28.793s] Level 1:colcon.colcon_core.environment:checking '/home/fokker/SMR_2_GKN_Fokkker/ros_ws/install/micro_ros_msgs/lib'
[28.794s] Level 1:colcon.colcon_core.shell:create_environment_hook('micro_ros_msgs', 'ld_library_path_lib')
[28.795s] INFO:colcon.colcon_core.shell:Creating environment hook '/home/fokker/SMR_2_GKN_Fokkker/ros_ws/install/micro_ros_msgs/share/micro_ros_msgs/hook/ld_library_path_lib.ps1'
[28.797s] INFO:colcon.colcon_core.shell:Creating environment descriptor '/home/fokker/SMR_2_GKN_Fokkker/ros_ws/install/micro_ros_msgs/share/micro_ros_msgs/hook/ld_library_path_lib.dsv'
[28.798s] INFO:colcon.colcon_core.shell:Creating environment hook '/home/fokker/SMR_2_GKN_Fokkker/ros_ws/install/micro_ros_msgs/share/micro_ros_msgs/hook/ld_library_path_lib.sh'
[28.800s] Level 1:colcon.colcon_core.environment:checking '/home/fokker/SMR_2_GKN_Fokkker/ros_ws/install/micro_ros_msgs/bin'
[28.800s] Level 1:colcon.colcon_core.environment:checking '/home/fokker/SMR_2_GKN_Fokkker/ros_ws/install/micro_ros_msgs/lib/pkgconfig/micro_ros_msgs.pc'
[28.801s] Level 1:colcon.colcon_core.environment:checking '/home/fokker/SMR_2_GKN_Fokkker/ros_ws/install/micro_ros_msgs/lib/python3.10/site-packages'
[28.802s] Level 1:colcon.colcon_core.environment:checking '/home/fokker/SMR_2_GKN_Fokkker/ros_ws/install/micro_ros_msgs/bin'
[28.804s] INFO:colcon.colcon_core.shell:Creating package script '/home/fokker/SMR_2_GKN_Fokkker/ros_ws/install/micro_ros_msgs/share/micro_ros_msgs/package.ps1'
[28.807s] INFO:colcon.colcon_core.shell:Creating package descriptor '/home/fokker/SMR_2_GKN_Fokkker/ros_ws/install/micro_ros_msgs/share/micro_ros_msgs/package.dsv'
[28.809s] INFO:colcon.colcon_core.shell:Creating package script '/home/fokker/SMR_2_GKN_Fokkker/ros_ws/install/micro_ros_msgs/share/micro_ros_msgs/package.sh'
[28.813s] INFO:colcon.colcon_core.shell:Creating package script '/home/fokker/SMR_2_GKN_Fokkker/ros_ws/install/micro_ros_msgs/share/micro_ros_msgs/package.bash'
[28.816s] INFO:colcon.colcon_core.shell:Creating package script '/home/fokker/SMR_2_GKN_Fokkker/ros_ws/install/micro_ros_msgs/share/micro_ros_msgs/package.zsh'
[28.820s] Level 1:colcon.colcon_core.environment:create_file_with_runtime_dependencies(/home/fokker/SMR_2_GKN_Fokkker/ros_ws/install/micro_ros_msgs/share/colcon-core/packages/micro_ros_msgs)
[28.822s] Level 1:colcon.colcon_core.environment:create_environment_scripts_only(micro_ros_msgs)
[28.823s] Level 1:colcon.colcon_core.environment:checking '/home/fokker/SMR_2_GKN_Fokkker/ros_ws/install/micro_ros_msgs' for CMake module files
[28.828s] Level 1:colcon.colcon_core.environment:checking '/home/fokker/SMR_2_GKN_Fokkker/ros_ws/install/micro_ros_msgs' for CMake config files
[28.832s] Level 1:colcon.colcon_core.shell:create_environment_hook('micro_ros_msgs', 'cmake_prefix_path')
[28.833s] INFO:colcon.colcon_core.shell:Creating environment hook '/home/fokker/SMR_2_GKN_Fokkker/ros_ws/install/micro_ros_msgs/share/micro_ros_msgs/hook/cmake_prefix_path.ps1'
[28.835s] INFO:colcon.colcon_core.shell:Creating environment descriptor '/home/fokker/SMR_2_GKN_Fokkker/ros_ws/install/micro_ros_msgs/share/micro_ros_msgs/hook/cmake_prefix_path.dsv'
[28.838s] INFO:colcon.colcon_core.shell:Creating environment hook '/home/fokker/SMR_2_GKN_Fokkker/ros_ws/install/micro_ros_msgs/share/micro_ros_msgs/hook/cmake_prefix_path.sh'
[28.840s] Level 1:colcon.colcon_core.environment:checking '/home/fokker/SMR_2_GKN_Fokkker/ros_ws/install/micro_ros_msgs/lib'
[28.841s] Level 1:colcon.colcon_core.shell:create_environment_hook('micro_ros_msgs', 'ld_library_path_lib')
[28.842s] INFO:colcon.colcon_core.shell:Creating environment hook '/home/fokker/SMR_2_GKN_Fokkker/ros_ws/install/micro_ros_msgs/share/micro_ros_msgs/hook/ld_library_path_lib.ps1'
[28.844s] INFO:colcon.colcon_core.shell:Creating environment descriptor '/home/fokker/SMR_2_GKN_Fokkker/ros_ws/install/micro_ros_msgs/share/micro_ros_msgs/hook/ld_library_path_lib.dsv'
[28.846s] INFO:colcon.colcon_core.shell:Creating environment hook '/home/fokker/SMR_2_GKN_Fokkker/ros_ws/install/micro_ros_msgs/share/micro_ros_msgs/hook/ld_library_path_lib.sh'
[28.848s] Level 1:colcon.colcon_core.environment:checking '/home/fokker/SMR_2_GKN_Fokkker/ros_ws/install/micro_ros_msgs/bin'
[28.849s] Level 1:colcon.colcon_core.environment:checking '/home/fokker/SMR_2_GKN_Fokkker/ros_ws/install/micro_ros_msgs/lib/pkgconfig/micro_ros_msgs.pc'
[28.850s] Level 1:colcon.colcon_core.environment:checking '/home/fokker/SMR_2_GKN_Fokkker/ros_ws/install/micro_ros_msgs/lib/python3.10/site-packages'
[28.851s] Level 1:colcon.colcon_core.environment:checking '/home/fokker/SMR_2_GKN_Fokkker/ros_ws/install/micro_ros_msgs/bin'
[28.852s] INFO:colcon.colcon_core.shell:Creating package script '/home/fokker/SMR_2_GKN_Fokkker/ros_ws/install/micro_ros_msgs/share/micro_ros_msgs/package.ps1'
[28.855s] INFO:colcon.colcon_core.shell:Creating package descriptor '/home/fokker/SMR_2_GKN_Fokkker/ros_ws/install/micro_ros_msgs/share/micro_ros_msgs/package.dsv'
[28.857s] INFO:colcon.colcon_core.shell:Creating package script '/home/fokker/SMR_2_GKN_Fokkker/ros_ws/install/micro_ros_msgs/share/micro_ros_msgs/package.sh'
[28.859s] INFO:colcon.colcon_core.shell:Creating package script '/home/fokker/SMR_2_GKN_Fokkker/ros_ws/install/micro_ros_msgs/share/micro_ros_msgs/package.bash'
[28.861s] INFO:colcon.colcon_core.shell:Creating package script '/home/fokker/SMR_2_GKN_Fokkker/ros_ws/install/micro_ros_msgs/share/micro_ros_msgs/package.zsh'
[28.864s] Level 1:colcon.colcon_core.environment:create_file_with_runtime_dependencies(/home/fokker/SMR_2_GKN_Fokkker/ros_ws/install/micro_ros_msgs/share/colcon-core/packages/micro_ros_msgs)
[28.865s] INFO:colcon.colcon_ros.task.ament_cmake.build:Building ROS package in '/home/fokker/SMR_2_GKN_Fokkker/ros_ws/src/uros/micro-ROS-Agent/micro_ros_agent' with build type 'ament_cmake'
[28.866s] INFO:colcon.colcon_cmake.task.cmake.build:Building CMake package in '/home/fokker/SMR_2_GKN_Fokkker/ros_ws/src/uros/micro-ROS-Agent/micro_ros_agent'
[28.867s] INFO:colcon.colcon_core.shell:Skip shell extension 'powershell' for command environment: Not usable outside of PowerShell
[28.867s] DEBUG:colcon.colcon_core.shell:Skip shell extension 'dsv' for command environment
[28.921s] DEBUG:colcon.colcon_core.event_handler.log_command:Invoking command in '/home/fokker/SMR_2_GKN_Fokkker/ros_ws/build/micro_ros_agent': AMENT_PREFIX_PATH=/home/fokker/SMR_2_GKN_Fokkker/ros_ws/install/micro_ros_msgs:${AMENT_PREFIX_PATH} CMAKE_PREFIX_PATH=/home/fokker/SMR_2_GKN_Fokkker/ros_ws/install/micro_ros_msgs:/home/fokker/SMR_2_GKN_Fokkker/ros_ws/install/sllidar_ros2:/home/fokker/SMR_2_GKN_Fokkker/ros_ws/install/micro_ros_setup:/opt/ros/humble LD_LIBRARY_PATH=/home/fokker/SMR_2_GKN_Fokkker/ros_ws/install/micro_ros_msgs/lib:${LD_LIBRARY_PATH} PYTHONPATH=/home/fokker/SMR_2_GKN_Fokkker/ros_ws/install/micro_ros_msgs/local/lib/python3.10/dist-packages:${PYTHONPATH} /usr/bin/cmake /home/fokker/SMR_2_GKN_Fokkker/ros_ws/src/uros/micro-ROS-Agent/micro_ros_agent -DUAGENT_BUILD_EXECUTABLE=OFF -DUAGENT_P2P_PROFILE=OFF --no-warn-unused-cli -DCMAKE_INSTALL_PREFIX=/home/fokker/SMR_2_GKN_Fokkker/ros_ws/install/micro_ros_agent
[30.546s] DEBUG:colcon.colcon_core.event_handler.log_command:Invoked command in '/home/fokker/SMR_2_GKN_Fokkker/ros_ws/build/micro_ros_agent' returned '0': AMENT_PREFIX_PATH=/home/fokker/SMR_2_GKN_Fokkker/ros_ws/install/micro_ros_msgs:${AMENT_PREFIX_PATH} CMAKE_PREFIX_PATH=/home/fokker/SMR_2_GKN_Fokkker/ros_ws/install/micro_ros_msgs:/home/fokker/SMR_2_GKN_Fokkker/ros_ws/install/sllidar_ros2:/home/fokker/SMR_2_GKN_Fokkker/ros_ws/install/micro_ros_setup:/opt/ros/humble LD_LIBRARY_PATH=/home/fokker/SMR_2_GKN_Fokkker/ros_ws/install/micro_ros_msgs/lib:${LD_LIBRARY_PATH} PYTHONPATH=/home/fokker/SMR_2_GKN_Fokkker/ros_ws/install/micro_ros_msgs/local/lib/python3.10/dist-packages:${PYTHONPATH} /usr/bin/cmake /home/fokker/SMR_2_GKN_Fokkker/ros_ws/src/uros/micro-ROS-Agent/micro_ros_agent -DUAGENT_BUILD_EXECUTABLE=OFF -DUAGENT_P2P_PROFILE=OFF --no-warn-unused-cli -DCMAKE_INSTALL_PREFIX=/home/fokker/SMR_2_GKN_Fokkker/ros_ws/install/micro_ros_agent
[30.557s] DEBUG:colcon.colcon_core.event_handler.log_command:Invoking command in '/home/fokker/SMR_2_GKN_Fokkker/ros_ws/build/micro_ros_agent': AMENT_PREFIX_PATH=/home/fokker/SMR_2_GKN_Fokkker/ros_ws/install/micro_ros_msgs:${AMENT_PREFIX_PATH} CMAKE_PREFIX_PATH=/home/fokker/SMR_2_GKN_Fokkker/ros_ws/install/micro_ros_msgs:/home/fokker/SMR_2_GKN_Fokkker/ros_ws/install/sllidar_ros2:/home/fokker/SMR_2_GKN_Fokkker/ros_ws/install/micro_ros_setup:/opt/ros/humble LD_LIBRARY_PATH=/home/fokker/SMR_2_GKN_Fokkker/ros_ws/install/micro_ros_msgs/lib:${LD_LIBRARY_PATH} PYTHONPATH=/home/fokker/SMR_2_GKN_Fokkker/ros_ws/install/micro_ros_msgs/local/lib/python3.10/dist-packages:${PYTHONPATH} /usr/bin/cmake --build /home/fokker/SMR_2_GKN_Fokkker/ros_ws/build/micro_ros_agent -- -j4 -l4
[317.039s] DEBUG:colcon.colcon_core.event_handler.log_command:Invoked command in '/home/fokker/SMR_2_GKN_Fokkker/ros_ws/build/micro_ros_agent' returned '0': AMENT_PREFIX_PATH=/home/fokker/SMR_2_GKN_Fokkker/ros_ws/install/micro_ros_msgs:${AMENT_PREFIX_PATH} CMAKE_PREFIX_PATH=/home/fokker/SMR_2_GKN_Fokkker/ros_ws/install/micro_ros_msgs:/home/fokker/SMR_2_GKN_Fokkker/ros_ws/install/sllidar_ros2:/home/fokker/SMR_2_GKN_Fokkker/ros_ws/install/micro_ros_setup:/opt/ros/humble LD_LIBRARY_PATH=/home/fokker/SMR_2_GKN_Fokkker/ros_ws/install/micro_ros_msgs/lib:${LD_LIBRARY_PATH} PYTHONPATH=/home/fokker/SMR_2_GKN_Fokkker/ros_ws/install/micro_ros_msgs/local/lib/python3.10/dist-packages:${PYTHONPATH} /usr/bin/cmake --build /home/fokker/SMR_2_GKN_Fokkker/ros_ws/build/micro_ros_agent -- -j4 -l4
[317.050s] DEBUG:colcon.colcon_core.event_handler.log_command:Invoking command in '/home/fokker/SMR_2_GKN_Fokkker/ros_ws/build/micro_ros_agent': AMENT_PREFIX_PATH=/home/fokker/SMR_2_GKN_Fokkker/ros_ws/install/micro_ros_msgs:${AMENT_PREFIX_PATH} CMAKE_PREFIX_PATH=/home/fokker/SMR_2_GKN_Fokkker/ros_ws/install/micro_ros_msgs:/home/fokker/SMR_2_GKN_Fokkker/ros_ws/install/sllidar_ros2:/home/fokker/SMR_2_GKN_Fokkker/ros_ws/install/micro_ros_setup:/opt/ros/humble LD_LIBRARY_PATH=/home/fokker/SMR_2_GKN_Fokkker/ros_ws/install/micro_ros_msgs/lib:${LD_LIBRARY_PATH} PYTHONPATH=/home/fokker/SMR_2_GKN_Fokkker/ros_ws/install/micro_ros_msgs/local/lib/python3.10/dist-packages:${PYTHONPATH} /usr/bin/cmake --install /home/fokker/SMR_2_GKN_Fokkker/ros_ws/build/micro_ros_agent
[317.120s] Level 1:colcon.colcon_core.environment:create_environment_scripts_only(micro_ros_agent)
[317.121s] Level 1:colcon.colcon_core.environment:checking '/home/fokker/SMR_2_GKN_Fokkker/ros_ws/install/micro_ros_agent' for CMake module files
[317.123s] DEBUG:colcon.colcon_core.event_handler.log_command:Invoked command in '/home/fokker/SMR_2_GKN_Fokkker/ros_ws/build/micro_ros_agent' returned '0': AMENT_PREFIX_PATH=/home/fokker/SMR_2_GKN_Fokkker/ros_ws/install/micro_ros_msgs:${AMENT_PREFIX_PATH} CMAKE_PREFIX_PATH=/home/fokker/SMR_2_GKN_Fokkker/ros_ws/install/micro_ros_msgs:/home/fokker/SMR_2_GKN_Fokkker/ros_ws/install/sllidar_ros2:/home/fokker/SMR_2_GKN_Fokkker/ros_ws/install/micro_ros_setup:/opt/ros/humble LD_LIBRARY_PATH=/home/fokker/SMR_2_GKN_Fokkker/ros_ws/install/micro_ros_msgs/lib:${LD_LIBRARY_PATH} PYTHONPATH=/home/fokker/SMR_2_GKN_Fokkker/ros_ws/install/micro_ros_msgs/local/lib/python3.10/dist-packages:${PYTHONPATH} /usr/bin/cmake --install /home/fokker/SMR_2_GKN_Fokkker/ros_ws/build/micro_ros_agent
[317.125s] Level 1:colcon.colcon_core.environment:checking '/home/fokker/SMR_2_GKN_Fokkker/ros_ws/install/micro_ros_agent' for CMake config files
[317.133s] Level 1:colcon.colcon_core.shell:create_environment_hook('micro_ros_agent', 'cmake_prefix_path')
[317.134s] INFO:colcon.colcon_core.shell:Creating environment hook '/home/fokker/SMR_2_GKN_Fokkker/ros_ws/install/micro_ros_agent/share/micro_ros_agent/hook/cmake_prefix_path.ps1'
[317.136s] INFO:colcon.colcon_core.shell:Creating environment descriptor '/home/fokker/SMR_2_GKN_Fokkker/ros_ws/install/micro_ros_agent/share/micro_ros_agent/hook/cmake_prefix_path.dsv'
[317.138s] INFO:colcon.colcon_core.shell:Creating environment hook '/home/fokker/SMR_2_GKN_Fokkker/ros_ws/install/micro_ros_agent/share/micro_ros_agent/hook/cmake_prefix_path.sh'
[317.141s] Level 1:colcon.colcon_core.environment:checking '/home/fokker/SMR_2_GKN_Fokkker/ros_ws/install/micro_ros_agent/lib'
[317.141s] Level 1:colcon.colcon_core.shell:create_environment_hook('micro_ros_agent', 'ld_library_path_lib')
[317.142s] INFO:colcon.colcon_core.shell:Creating environment hook '/home/fokker/SMR_2_GKN_Fokkker/ros_ws/install/micro_ros_agent/share/micro_ros_agent/hook/ld_library_path_lib.ps1'
[317.144s] INFO:colcon.colcon_core.shell:Creating environment descriptor '/home/fokker/SMR_2_GKN_Fokkker/ros_ws/install/micro_ros_agent/share/micro_ros_agent/hook/ld_library_path_lib.dsv'
[317.146s] INFO:colcon.colcon_core.shell:Creating environment hook '/home/fokker/SMR_2_GKN_Fokkker/ros_ws/install/micro_ros_agent/share/micro_ros_agent/hook/ld_library_path_lib.sh'
[317.148s] Level 1:colcon.colcon_core.environment:checking '/home/fokker/SMR_2_GKN_Fokkker/ros_ws/install/micro_ros_agent/bin'
[317.148s] Level 1:colcon.colcon_core.environment:checking '/home/fokker/SMR_2_GKN_Fokkker/ros_ws/install/micro_ros_agent/lib/pkgconfig/micro_ros_agent.pc'
[317.149s] Level 1:colcon.colcon_core.environment:checking '/home/fokker/SMR_2_GKN_Fokkker/ros_ws/install/micro_ros_agent/lib/python3.10/site-packages'
[317.150s] Level 1:colcon.colcon_core.environment:checking '/home/fokker/SMR_2_GKN_Fokkker/ros_ws/install/micro_ros_agent/bin'
[317.151s] INFO:colcon.colcon_core.shell:Creating package script '/home/fokker/SMR_2_GKN_Fokkker/ros_ws/install/micro_ros_agent/share/micro_ros_agent/package.ps1'
[317.154s] INFO:colcon.colcon_core.shell:Creating package descriptor '/home/fokker/SMR_2_GKN_Fokkker/ros_ws/install/micro_ros_agent/share/micro_ros_agent/package.dsv'
[317.156s] INFO:colcon.colcon_core.shell:Creating package script '/home/fokker/SMR_2_GKN_Fokkker/ros_ws/install/micro_ros_agent/share/micro_ros_agent/package.sh'
[317.159s] INFO:colcon.colcon_core.shell:Creating package script '/home/fokker/SMR_2_GKN_Fokkker/ros_ws/install/micro_ros_agent/share/micro_ros_agent/package.bash'
[317.161s] INFO:colcon.colcon_core.shell:Creating package script '/home/fokker/SMR_2_GKN_Fokkker/ros_ws/install/micro_ros_agent/share/micro_ros_agent/package.zsh'
[317.163s] Level 1:colcon.colcon_core.environment:create_file_with_runtime_dependencies(/home/fokker/SMR_2_GKN_Fokkker/ros_ws/install/micro_ros_agent/share/colcon-core/packages/micro_ros_agent)
[317.165s] Level 1:colcon.colcon_core.environment:create_environment_scripts_only(micro_ros_agent)
[317.166s] Level 1:colcon.colcon_core.environment:checking '/home/fokker/SMR_2_GKN_Fokkker/ros_ws/install/micro_ros_agent' for CMake module files
[317.169s] Level 1:colcon.colcon_core.environment:checking '/home/fokker/SMR_2_GKN_Fokkker/ros_ws/install/micro_ros_agent' for CMake config files
[317.177s] Level 1:colcon.colcon_core.shell:create_environment_hook('micro_ros_agent', 'cmake_prefix_path')
[317.178s] INFO:colcon.colcon_core.shell:Creating environment hook '/home/fokker/SMR_2_GKN_Fokkker/ros_ws/install/micro_ros_agent/share/micro_ros_agent/hook/cmake_prefix_path.ps1'
[317.180s] INFO:colcon.colcon_core.shell:Creating environment descriptor '/home/fokker/SMR_2_GKN_Fokkker/ros_ws/install/micro_ros_agent/share/micro_ros_agent/hook/cmake_prefix_path.dsv'
[317.181s] INFO:colcon.colcon_core.shell:Creating environment hook '/home/fokker/SMR_2_GKN_Fokkker/ros_ws/install/micro_ros_agent/share/micro_ros_agent/hook/cmake_prefix_path.sh'
[317.184s] Level 1:colcon.colcon_core.environment:checking '/home/fokker/SMR_2_GKN_Fokkker/ros_ws/install/micro_ros_agent/lib'
[317.185s] Level 1:colcon.colcon_core.shell:create_environment_hook('micro_ros_agent', 'ld_library_path_lib')
[317.186s] INFO:colcon.colcon_core.shell:Creating environment hook '/home/fokker/SMR_2_GKN_Fokkker/ros_ws/install/micro_ros_agent/share/micro_ros_agent/hook/ld_library_path_lib.ps1'
[317.188s] INFO:colcon.colcon_core.shell:Creating environment descriptor '/home/fokker/SMR_2_GKN_Fokkker/ros_ws/install/micro_ros_agent/share/micro_ros_agent/hook/ld_library_path_lib.dsv'
[317.190s] INFO:colcon.colcon_core.shell:Creating environment hook '/home/fokker/SMR_2_GKN_Fokkker/ros_ws/install/micro_ros_agent/share/micro_ros_agent/hook/ld_library_path_lib.sh'
[317.192s] Level 1:colcon.colcon_core.environment:checking '/home/fokker/SMR_2_GKN_Fokkker/ros_ws/install/micro_ros_agent/bin'
[317.192s] Level 1:colcon.colcon_core.environment:checking '/home/fokker/SMR_2_GKN_Fokkker/ros_ws/install/micro_ros_agent/lib/pkgconfig/micro_ros_agent.pc'
[317.193s] Level 1:colcon.colcon_core.environment:checking '/home/fokker/SMR_2_GKN_Fokkker/ros_ws/install/micro_ros_agent/lib/python3.10/site-packages'
[317.194s] Level 1:colcon.colcon_core.environment:checking '/home/fokker/SMR_2_GKN_Fokkker/ros_ws/install/micro_ros_agent/bin'
[317.195s] INFO:colcon.colcon_core.shell:Creating package script '/home/fokker/SMR_2_GKN_Fokkker/ros_ws/install/micro_ros_agent/share/micro_ros_agent/package.ps1'
[317.198s] INFO:colcon.colcon_core.shell:Creating package descriptor '/home/fokker/SMR_2_GKN_Fokkker/ros_ws/install/micro_ros_agent/share/micro_ros_agent/package.dsv'
[317.200s] INFO:colcon.colcon_core.shell:Creating package script '/home/fokker/SMR_2_GKN_Fokkker/ros_ws/install/micro_ros_agent/share/micro_ros_agent/package.sh'
[317.203s] INFO:colcon.colcon_core.shell:Creating package script '/home/fokker/SMR_2_GKN_Fokkker/ros_ws/install/micro_ros_agent/share/micro_ros_agent/package.bash'
[317.206s] INFO:colcon.colcon_core.shell:Creating package script '/home/fokker/SMR_2_GKN_Fokkker/ros_ws/install/micro_ros_agent/share/micro_ros_agent/package.zsh'
[317.208s] Level 1:colcon.colcon_core.environment:create_file_with_runtime_dependencies(/home/fokker/SMR_2_GKN_Fokkker/ros_ws/install/micro_ros_agent/share/colcon-core/packages/micro_ros_agent)
[317.209s] DEBUG:colcon.colcon_parallel_executor.executor.parallel:closing loop
[317.210s] DEBUG:colcon.colcon_parallel_executor.executor.parallel:loop closed
[317.211s] DEBUG:colcon.colcon_parallel_executor.executor.parallel:run_until_complete finished with '0'
[317.211s] DEBUG:colcon.colcon_core.event_reactor:joining thread
[317.236s] INFO:colcon.colcon_core.plugin_system:Skipping extension 'colcon_notification.desktop_notification.terminal_notifier': Not used on non-Darwin systems
[317.236s] INFO:colcon.colcon_core.plugin_system:Skipping extension 'colcon_notification.desktop_notification.win32': Not used on non-Windows systems
[317.237s] INFO:colcon.colcon_notification.desktop_notification:Sending desktop notification using 'notify2'
[317.284s] DEBUG:colcon.colcon_core.event_reactor:joined thread
[317.285s] INFO:colcon.colcon_core.shell:Creating prefix script '/home/fokker/SMR_2_GKN_Fokkker/ros_ws/install/local_setup.ps1'
[317.289s] INFO:colcon.colcon_core.shell:Creating prefix util module '/home/fokker/SMR_2_GKN_Fokkker/ros_ws/install/_local_setup_util_ps1.py'
[317.296s] INFO:colcon.colcon_core.shell:Creating prefix chain script '/home/fokker/SMR_2_GKN_Fokkker/ros_ws/install/setup.ps1'
[317.301s] INFO:colcon.colcon_core.shell:Creating prefix script '/home/fokker/SMR_2_GKN_Fokkker/ros_ws/install/local_setup.sh'
[317.305s] INFO:colcon.colcon_core.shell:Creating prefix util module '/home/fokker/SMR_2_GKN_Fokkker/ros_ws/install/_local_setup_util_sh.py'
[317.307s] INFO:colcon.colcon_core.shell:Creating prefix chain script '/home/fokker/SMR_2_GKN_Fokkker/ros_ws/install/setup.sh'
[317.312s] INFO:colcon.colcon_core.shell:Creating prefix script '/home/fokker/SMR_2_GKN_Fokkker/ros_ws/install/local_setup.bash'
[317.315s] INFO:colcon.colcon_core.shell:Creating prefix chain script '/home/fokker/SMR_2_GKN_Fokkker/ros_ws/install/setup.bash'
[317.319s] INFO:colcon.colcon_core.shell:Creating prefix script '/home/fokker/SMR_2_GKN_Fokkker/ros_ws/install/local_setup.zsh'
[317.322s] INFO:colcon.colcon_core.shell:Creating prefix chain script '/home/fokker/SMR_2_GKN_Fokkker/ros_ws/install/setup.zsh'
