[0.486s] DEBUG:colcon:Command line arguments: ['/usr/bin/colcon', 'build']
[0.487s] DEBUG:colcon:Parsed command line arguments: Namespace(log_base=None, log_level=None, verb_name='build', build_base='build', install_base='install', merge_install=False, symlink_install=False, test_result_base=None, continue_on_error=False, executor='parallel', parallel_workers=4, event_handlers=None, ignore_user_meta=False, metas=['./colcon.meta'], base_paths=['.'], packages_ignore=None, packages_ignore_regex=None, paths=None, packages_up_to=None, packages_up_to_regex=None, packages_above=None, packages_above_and_dependencies=None, packages_above_depth=None, packages_select_by_dep=None, packages_skip_by_dep=None, packages_skip_up_to=None, packages_select_build_failed=False, packages_skip_build_finished=False, packages_select_test_failures=False, packages_skip_test_passed=False, packages_select=None, packages_skip=None, packages_select_regex=None, packages_skip_regex=None, packages_start=None, packages_end=None, allow_overriding=[], cmake_args=None, cmake_target=None, cmake_target_skip_unavailable=False, cmake_clean_cache=False, cmake_clean_first=False, cmake_force_configure=False, ament_cmake_args=None, catkin_cmake_args=None, catkin_skip_building_tests=False, verb_parser=<colcon_defaults.argument_parser.defaults.DefaultArgumentsDecorator object at 0xffff9ee8b880>, verb_extension=<colcon_core.verb.build.BuildVerb object at 0xffff9eff0d30>, main=<bound method BuildVerb.main of <colcon_core.verb.build.BuildVerb object at 0xffff9eff0d30>>)
[1.307s] Level 1:colcon.colcon_core.package_discovery:discover_packages(colcon_meta) check parameters
[1.307s] Level 1:colcon.colcon_core.package_discovery:discover_packages(recursive) check parameters
[1.308s] Level 1:colcon.colcon_core.package_discovery:discover_packages(ignore) check parameters
[1.308s] Level 1:colcon.colcon_core.package_discovery:discover_packages(path) check parameters
[1.308s] Level 1:colcon.colcon_core.package_discovery:discover_packages(colcon_meta) discover
[1.308s] Level 1:colcon.colcon_core.package_discovery:discover_packages(recursive) discover
[1.308s] INFO:colcon.colcon_core.package_discovery:Crawling recursively for packages in '/home/fokker/SMR_2_GKN_Fokkker/ros_ws'
[1.309s] Level 1:colcon.colcon_core.package_identification:_identify(.) by extensions ['ignore', 'ignore_ament_install']
[1.309s] Level 1:colcon.colcon_core.package_identification:_identify(.) by extension 'ignore'
[1.309s] Level 1:colcon.colcon_core.package_identification:_identify(.) by extension 'ignore_ament_install'
[1.309s] Level 1:colcon.colcon_core.package_identification:_identify(.) by extensions ['colcon_pkg']
[1.310s] Level 1:colcon.colcon_core.package_identification:_identify(.) by extension 'colcon_pkg'
[1.310s] Level 1:colcon.colcon_core.package_identification:_identify(.) by extensions ['colcon_meta']
[1.310s] Level 1:colcon.colcon_core.package_identification:_identify(.) by extension 'colcon_meta'
[1.310s] Level 1:colcon.colcon_core.package_identification:_identify(.) by extensions ['ros']
[1.310s] Level 1:colcon.colcon_core.package_identification:_identify(.) by extension 'ros'
[1.358s] Level 1:colcon.colcon_core.package_identification:_identify(.) by extensions ['cmake', 'python']
[1.358s] Level 1:colcon.colcon_core.package_identification:_identify(.) by extension 'cmake'
[1.358s] Level 1:colcon.colcon_core.package_identification:_identify(.) by extension 'python'
[1.359s] Level 1:colcon.colcon_core.package_identification:_identify(.) by extensions ['python_setup_py']
[1.359s] Level 1:colcon.colcon_core.package_identification:_identify(.) by extension 'python_setup_py'
[1.359s] Level 1:colcon.colcon_core.package_identification:_identify(build) by extensions ['ignore', 'ignore_ament_install']
[1.360s] Level 1:colcon.colcon_core.package_identification:_identify(build) by extension 'ignore'
[1.360s] Level 1:colcon.colcon_core.package_identification:_identify(build) ignored
[1.360s] Level 1:colcon.colcon_core.package_identification:_identify(install) by extensions ['ignore', 'ignore_ament_install']
[1.361s] Level 1:colcon.colcon_core.package_identification:_identify(install) by extension 'ignore'
[1.361s] Level 1:colcon.colcon_core.package_identification:_identify(install) ignored
[1.361s] Level 1:colcon.colcon_core.package_identification:_identify(log) by extensions ['ignore', 'ignore_ament_install']
[1.362s] Level 1:colcon.colcon_core.package_identification:_identify(log) by extension 'ignore'
[1.362s] Level 1:colcon.colcon_core.package_identification:_identify(log) ignored
[1.363s] Level 1:colcon.colcon_core.package_identification:_identify(src) by extensions ['ignore', 'ignore_ament_install']
[1.363s] Level 1:colcon.colcon_core.package_identification:_identify(src) by extension 'ignore'
[1.363s] Level 1:colcon.colcon_core.package_identification:_identify(src) by extension 'ignore_ament_install'
[1.364s] Level 1:colcon.colcon_core.package_identification:_identify(src) by extensions ['colcon_pkg']
[1.364s] Level 1:colcon.colcon_core.package_identification:_identify(src) by extension 'colcon_pkg'
[1.364s] Level 1:colcon.colcon_core.package_identification:_identify(src) by extensions ['colcon_meta']
[1.364s] Level 1:colcon.colcon_core.package_identification:_identify(src) by extension 'colcon_meta'
[1.364s] Level 1:colcon.colcon_core.package_identification:_identify(src) by extensions ['ros']
[1.364s] Level 1:colcon.colcon_core.package_identification:_identify(src) by extension 'ros'
[1.365s] Level 1:colcon.colcon_core.package_identification:_identify(src) by extensions ['cmake', 'python']
[1.365s] Level 1:colcon.colcon_core.package_identification:_identify(src) by extension 'cmake'
[1.365s] Level 1:colcon.colcon_core.package_identification:_identify(src) by extension 'python'
[1.365s] Level 1:colcon.colcon_core.package_identification:_identify(src) by extensions ['python_setup_py']
[1.365s] Level 1:colcon.colcon_core.package_identification:_identify(src) by extension 'python_setup_py'
[1.366s] Level 1:colcon.colcon_core.package_identification:_identify(src/sllidar_ros2) by extensions ['ignore', 'ignore_ament_install']
[1.366s] Level 1:colcon.colcon_core.package_identification:_identify(src/sllidar_ros2) by extension 'ignore'
[1.366s] Level 1:colcon.colcon_core.package_identification:_identify(src/sllidar_ros2) by extension 'ignore_ament_install'
[1.367s] Level 1:colcon.colcon_core.package_identification:_identify(src/sllidar_ros2) by extensions ['colcon_pkg']
[1.367s] Level 1:colcon.colcon_core.package_identification:_identify(src/sllidar_ros2) by extension 'colcon_pkg'
[1.367s] Level 1:colcon.colcon_core.package_identification:_identify(src/sllidar_ros2) by extensions ['colcon_meta']
[1.367s] Level 1:colcon.colcon_core.package_identification:_identify(src/sllidar_ros2) by extension 'colcon_meta'
[1.367s] Level 1:colcon.colcon_core.package_identification:_identify(src/sllidar_ros2) by extensions ['ros']
[1.367s] Level 1:colcon.colcon_core.package_identification:_identify(src/sllidar_ros2) by extension 'ros'
[1.377s] DEBUG:colcon.colcon_core.package_identification:Package 'src/sllidar_ros2' with type 'ros.ament_cmake' and name 'sllidar_ros2'
[1.377s] Level 1:colcon.colcon_core.package_discovery:discover_packages(recursive) using defaults
[1.378s] Level 1:colcon.colcon_core.package_discovery:discover_packages(ignore) discover
[1.378s] Level 1:colcon.colcon_core.package_discovery:discover_packages(ignore) using defaults
[1.378s] Level 1:colcon.colcon_core.package_discovery:discover_packages(path) discover
[1.378s] Level 1:colcon.colcon_core.package_discovery:discover_packages(path) using defaults
[1.463s] Level 1:colcon.colcon_core.package_discovery:discover_packages(prefix_path) check parameters
[1.463s] Level 1:colcon.colcon_core.package_discovery:discover_packages(prefix_path) discover
[1.472s] DEBUG:colcon.colcon_installed_package_information.package_discovery:Found 0 installed packages in /home/fokker/SMR_2_GKN_Fokkker/ros_ws/install
[1.481s] DEBUG:colcon.colcon_installed_package_information.package_discovery:Found 270 installed packages in /opt/ros/humble
[1.487s] Level 1:colcon.colcon_core.package_discovery:discover_packages(prefix_path) using defaults
[1.691s] Level 5:colcon.colcon_core.verb:set package 'sllidar_ros2' build argument 'cmake_args' from command line to 'None'
[1.691s] Level 5:colcon.colcon_core.verb:set package 'sllidar_ros2' build argument 'cmake_target' from command line to 'None'
[1.691s] Level 5:colcon.colcon_core.verb:set package 'sllidar_ros2' build argument 'cmake_target_skip_unavailable' from command line to 'False'
[1.691s] Level 5:colcon.colcon_core.verb:set package 'sllidar_ros2' build argument 'cmake_clean_cache' from command line to 'False'
[1.691s] Level 5:colcon.colcon_core.verb:set package 'sllidar_ros2' build argument 'cmake_clean_first' from command line to 'False'
[1.692s] Level 5:colcon.colcon_core.verb:set package 'sllidar_ros2' build argument 'cmake_force_configure' from command line to 'False'
[1.692s] Level 5:colcon.colcon_core.verb:set package 'sllidar_ros2' build argument 'ament_cmake_args' from command line to 'None'
[1.692s] Level 5:colcon.colcon_core.verb:set package 'sllidar_ros2' build argument 'catkin_cmake_args' from command line to 'None'
[1.692s] Level 5:colcon.colcon_core.verb:set package 'sllidar_ros2' build argument 'catkin_skip_building_tests' from command line to 'False'
[1.692s] DEBUG:colcon.colcon_core.verb:Building package 'sllidar_ros2' with the following arguments: {'ament_cmake_args': None, 'build_base': '/home/fokker/SMR_2_GKN_Fokkker/ros_ws/build/sllidar_ros2', 'catkin_cmake_args': None, 'catkin_skip_building_tests': False, 'cmake_args': None, 'cmake_clean_cache': False, 'cmake_clean_first': False, 'cmake_force_configure': False, 'cmake_target': None, 'cmake_target_skip_unavailable': False, 'install_base': '/home/fokker/SMR_2_GKN_Fokkker/ros_ws/install/sllidar_ros2', 'merge_install': False, 'path': '/home/fokker/SMR_2_GKN_Fokkker/ros_ws/src/sllidar_ros2', 'symlink_install': False, 'test_result_base': None}
[1.692s] INFO:colcon.colcon_core.executor:Executing jobs using 'parallel' executor
[1.696s] DEBUG:colcon.colcon_parallel_executor.executor.parallel:run_until_complete
[1.697s] INFO:colcon.colcon_ros.task.ament_cmake.build:Building ROS package in '/home/fokker/SMR_2_GKN_Fokkker/ros_ws/src/sllidar_ros2' with build type 'ament_cmake'
[1.697s] INFO:colcon.colcon_cmake.task.cmake.build:Building CMake package in '/home/fokker/SMR_2_GKN_Fokkker/ros_ws/src/sllidar_ros2'
[1.708s] INFO:colcon.colcon_core.plugin_system:Skipping extension 'colcon_core.shell.bat': Not used on non-Windows systems
[1.709s] INFO:colcon.colcon_core.shell:Skip shell extension 'powershell' for command environment: Not usable outside of PowerShell
[1.710s] DEBUG:colcon.colcon_core.shell:Skip shell extension 'dsv' for command environment
[1.745s] DEBUG:colcon.colcon_core.event_handler.log_command:Invoking command in '/home/fokker/SMR_2_GKN_Fokkker/ros_ws/build/sllidar_ros2': CMAKE_PREFIX_PATH=/opt/ros/humble /usr/bin/cmake /home/fokker/SMR_2_GKN_Fokkker/ros_ws/src/sllidar_ros2 -DCMAKE_INSTALL_PREFIX=/home/fokker/SMR_2_GKN_Fokkker/ros_ws/install/sllidar_ros2
[8.352s] DEBUG:colcon.colcon_core.event_handler.log_command:Invoked command in '/home/fokker/SMR_2_GKN_Fokkker/ros_ws/build/sllidar_ros2' returned '0': CMAKE_PREFIX_PATH=/opt/ros/humble /usr/bin/cmake /home/fokker/SMR_2_GKN_Fokkker/ros_ws/src/sllidar_ros2 -DCMAKE_INSTALL_PREFIX=/home/fokker/SMR_2_GKN_Fokkker/ros_ws/install/sllidar_ros2
[8.361s] DEBUG:colcon.colcon_core.event_handler.log_command:Invoking command in '/home/fokker/SMR_2_GKN_Fokkker/ros_ws/build/sllidar_ros2': CMAKE_PREFIX_PATH=/opt/ros/humble /usr/bin/cmake --build /home/fokker/SMR_2_GKN_Fokkker/ros_ws/build/sllidar_ros2 -- -j4 -l4
[54.260s] DEBUG:colcon.colcon_core.event_handler.log_command:Invoked command in '/home/fokker/SMR_2_GKN_Fokkker/ros_ws/build/sllidar_ros2' returned '0': CMAKE_PREFIX_PATH=/opt/ros/humble /usr/bin/cmake --build /home/fokker/SMR_2_GKN_Fokkker/ros_ws/build/sllidar_ros2 -- -j4 -l4
[54.302s] DEBUG:colcon.colcon_core.event_handler.log_command:Invoking command in '/home/fokker/SMR_2_GKN_Fokkker/ros_ws/build/sllidar_ros2': CMAKE_PREFIX_PATH=/opt/ros/humble /usr/bin/cmake --install /home/fokker/SMR_2_GKN_Fokkker/ros_ws/build/sllidar_ros2
[54.440s] Level 1:colcon.colcon_core.environment:create_environment_scripts_only(sllidar_ros2)
[54.441s] DEBUG:colcon.colcon_core.event_handler.log_command:Invoked command in '/home/fokker/SMR_2_GKN_Fokkker/ros_ws/build/sllidar_ros2' returned '0': CMAKE_PREFIX_PATH=/opt/ros/humble /usr/bin/cmake --install /home/fokker/SMR_2_GKN_Fokkker/ros_ws/build/sllidar_ros2
[54.451s] Level 1:colcon.colcon_core.environment:checking '/home/fokker/SMR_2_GKN_Fokkker/ros_ws/install/sllidar_ros2' for CMake module files
[54.454s] Level 1:colcon.colcon_core.environment:checking '/home/fokker/SMR_2_GKN_Fokkker/ros_ws/install/sllidar_ros2' for CMake config files
[54.457s] Level 1:colcon.colcon_core.shell:create_environment_hook('sllidar_ros2', 'cmake_prefix_path')
[54.458s] INFO:colcon.colcon_core.shell:Creating environment hook '/home/fokker/SMR_2_GKN_Fokkker/ros_ws/install/sllidar_ros2/share/sllidar_ros2/hook/cmake_prefix_path.ps1'
[54.461s] INFO:colcon.colcon_core.shell:Creating environment descriptor '/home/fokker/SMR_2_GKN_Fokkker/ros_ws/install/sllidar_ros2/share/sllidar_ros2/hook/cmake_prefix_path.dsv'
[54.463s] INFO:colcon.colcon_core.shell:Creating environment hook '/home/fokker/SMR_2_GKN_Fokkker/ros_ws/install/sllidar_ros2/share/sllidar_ros2/hook/cmake_prefix_path.sh'
[54.466s] Level 1:colcon.colcon_core.environment:checking '/home/fokker/SMR_2_GKN_Fokkker/ros_ws/install/sllidar_ros2/lib'
[54.467s] Level 1:colcon.colcon_core.environment:checking '/home/fokker/SMR_2_GKN_Fokkker/ros_ws/install/sllidar_ros2/bin'
[54.468s] Level 1:colcon.colcon_core.environment:checking '/home/fokker/SMR_2_GKN_Fokkker/ros_ws/install/sllidar_ros2/lib/pkgconfig/sllidar_ros2.pc'
[54.468s] Level 1:colcon.colcon_core.environment:checking '/home/fokker/SMR_2_GKN_Fokkker/ros_ws/install/sllidar_ros2/lib/python3.10/site-packages'
[54.469s] Level 1:colcon.colcon_core.environment:checking '/home/fokker/SMR_2_GKN_Fokkker/ros_ws/install/sllidar_ros2/bin'
[54.470s] INFO:colcon.colcon_core.shell:Creating package script '/home/fokker/SMR_2_GKN_Fokkker/ros_ws/install/sllidar_ros2/share/sllidar_ros2/package.ps1'
[54.474s] INFO:colcon.colcon_core.shell:Creating package descriptor '/home/fokker/SMR_2_GKN_Fokkker/ros_ws/install/sllidar_ros2/share/sllidar_ros2/package.dsv'
[54.476s] INFO:colcon.colcon_core.shell:Creating package script '/home/fokker/SMR_2_GKN_Fokkker/ros_ws/install/sllidar_ros2/share/sllidar_ros2/package.sh'
[54.480s] INFO:colcon.colcon_core.shell:Creating package script '/home/fokker/SMR_2_GKN_Fokkker/ros_ws/install/sllidar_ros2/share/sllidar_ros2/package.bash'
[54.483s] INFO:colcon.colcon_core.shell:Creating package script '/home/fokker/SMR_2_GKN_Fokkker/ros_ws/install/sllidar_ros2/share/sllidar_ros2/package.zsh'
[54.486s] Level 1:colcon.colcon_core.environment:create_file_with_runtime_dependencies(/home/fokker/SMR_2_GKN_Fokkker/ros_ws/install/sllidar_ros2/share/colcon-core/packages/sllidar_ros2)
[54.489s] Level 1:colcon.colcon_core.environment:create_environment_scripts_only(sllidar_ros2)
[54.490s] Level 1:colcon.colcon_core.environment:checking '/home/fokker/SMR_2_GKN_Fokkker/ros_ws/install/sllidar_ros2' for CMake module files
[54.493s] Level 1:colcon.colcon_core.environment:checking '/home/fokker/SMR_2_GKN_Fokkker/ros_ws/install/sllidar_ros2' for CMake config files
[54.495s] Level 1:colcon.colcon_core.shell:create_environment_hook('sllidar_ros2', 'cmake_prefix_path')
[54.496s] INFO:colcon.colcon_core.shell:Creating environment hook '/home/fokker/SMR_2_GKN_Fokkker/ros_ws/install/sllidar_ros2/share/sllidar_ros2/hook/cmake_prefix_path.ps1'
[54.498s] INFO:colcon.colcon_core.shell:Creating environment descriptor '/home/fokker/SMR_2_GKN_Fokkker/ros_ws/install/sllidar_ros2/share/sllidar_ros2/hook/cmake_prefix_path.dsv'
[54.500s] INFO:colcon.colcon_core.shell:Creating environment hook '/home/fokker/SMR_2_GKN_Fokkker/ros_ws/install/sllidar_ros2/share/sllidar_ros2/hook/cmake_prefix_path.sh'
[54.503s] Level 1:colcon.colcon_core.environment:checking '/home/fokker/SMR_2_GKN_Fokkker/ros_ws/install/sllidar_ros2/lib'
[54.503s] Level 1:colcon.colcon_core.environment:checking '/home/fokker/SMR_2_GKN_Fokkker/ros_ws/install/sllidar_ros2/bin'
[54.503s] Level 1:colcon.colcon_core.environment:checking '/home/fokker/SMR_2_GKN_Fokkker/ros_ws/install/sllidar_ros2/lib/pkgconfig/sllidar_ros2.pc'
[54.504s] Level 1:colcon.colcon_core.environment:checking '/home/fokker/SMR_2_GKN_Fokkker/ros_ws/install/sllidar_ros2/lib/python3.10/site-packages'
[54.505s] Level 1:colcon.colcon_core.environment:checking '/home/fokker/SMR_2_GKN_Fokkker/ros_ws/install/sllidar_ros2/bin'
[54.506s] INFO:colcon.colcon_core.shell:Creating package script '/home/fokker/SMR_2_GKN_Fokkker/ros_ws/install/sllidar_ros2/share/sllidar_ros2/package.ps1'
[54.509s] INFO:colcon.colcon_core.shell:Creating package descriptor '/home/fokker/SMR_2_GKN_Fokkker/ros_ws/install/sllidar_ros2/share/sllidar_ros2/package.dsv'
[54.511s] INFO:colcon.colcon_core.shell:Creating package script '/home/fokker/SMR_2_GKN_Fokkker/ros_ws/install/sllidar_ros2/share/sllidar_ros2/package.sh'
[54.514s] INFO:colcon.colcon_core.shell:Creating package script '/home/fokker/SMR_2_GKN_Fokkker/ros_ws/install/sllidar_ros2/share/sllidar_ros2/package.bash'
[54.516s] INFO:colcon.colcon_core.shell:Creating package script '/home/fokker/SMR_2_GKN_Fokkker/ros_ws/install/sllidar_ros2/share/sllidar_ros2/package.zsh'
[54.518s] Level 1:colcon.colcon_core.environment:create_file_with_runtime_dependencies(/home/fokker/SMR_2_GKN_Fokkker/ros_ws/install/sllidar_ros2/share/colcon-core/packages/sllidar_ros2)
[54.519s] DEBUG:colcon.colcon_parallel_executor.executor.parallel:closing loop
[54.521s] DEBUG:colcon.colcon_parallel_executor.executor.parallel:loop closed
[54.522s] DEBUG:colcon.colcon_parallel_executor.executor.parallel:run_until_complete finished with '0'
[54.522s] DEBUG:colcon.colcon_core.event_reactor:joining thread
[54.545s] INFO:colcon.colcon_core.plugin_system:Skipping extension 'colcon_notification.desktop_notification.terminal_notifier': Not used on non-Darwin systems
[54.546s] INFO:colcon.colcon_core.plugin_system:Skipping extension 'colcon_notification.desktop_notification.win32': Not used on non-Windows systems
[54.546s] INFO:colcon.colcon_notification.desktop_notification:Sending desktop notification using 'notify2'
[54.600s] DEBUG:colcon.colcon_core.event_reactor:joined thread
[54.602s] INFO:colcon.colcon_core.shell:Creating prefix script '/home/fokker/SMR_2_GKN_Fokkker/ros_ws/install/local_setup.ps1'
[54.606s] INFO:colcon.colcon_core.shell:Creating prefix util module '/home/fokker/SMR_2_GKN_Fokkker/ros_ws/install/_local_setup_util_ps1.py'
[54.613s] INFO:colcon.colcon_core.shell:Creating prefix chain script '/home/fokker/SMR_2_GKN_Fokkker/ros_ws/install/setup.ps1'
[54.619s] INFO:colcon.colcon_core.shell:Creating prefix script '/home/fokker/SMR_2_GKN_Fokkker/ros_ws/install/local_setup.sh'
[54.623s] INFO:colcon.colcon_core.shell:Creating prefix util module '/home/fokker/SMR_2_GKN_Fokkker/ros_ws/install/_local_setup_util_sh.py'
[54.626s] INFO:colcon.colcon_core.shell:Creating prefix chain script '/home/fokker/SMR_2_GKN_Fokkker/ros_ws/install/setup.sh'
[54.631s] INFO:colcon.colcon_core.shell:Creating prefix script '/home/fokker/SMR_2_GKN_Fokkker/ros_ws/install/local_setup.bash'
[54.634s] INFO:colcon.colcon_core.shell:Creating prefix chain script '/home/fokker/SMR_2_GKN_Fokkker/ros_ws/install/setup.bash'
[54.639s] INFO:colcon.colcon_core.shell:Creating prefix script '/home/fokker/SMR_2_GKN_Fokkker/ros_ws/install/local_setup.zsh'
[54.642s] INFO:colcon.colcon_core.shell:Creating prefix chain script '/home/fokker/SMR_2_GKN_Fokkker/ros_ws/install/setup.zsh'
